2017-04-20 07:32:00.2584 INFO (Method:OPTIONS)(Url:http://localhost/SGNotify.WebApi/api/NotificationTasks/GetOpenNotificationTasks)(Body:)(Username:Anonymous)
2017-04-20 07:32:04.1180 INFO (Method:GET)(Url:http://localhost/SGNotify.WebApi/api/NotificationTasks/GetOpenNotificationTasks)(Body:)(Username:Anonymous)
2017-04-20 07:32:09.4068 INFO (Method:OPTIONS)(Url:http://localhost/SGNotify.WebApi/api/NotificationTasks/GetNotificationTask?id=5)(Body:)(Username:Anonymous)
2017-04-20 07:32:09.4223 INFO (Method:GET)(Url:http://localhost/SGNotify.WebApi/api/NotificationTasks/GetNotificationTask?id=5)(Body:)(Username:Anonymous)
2017-04-20 07:32:10.1883 INFO (Method:OPTIONS)(Url:http://localhost/SGNotify.WebApi/api/NotificationTaskUpdates/GetNotificationTaskUpdates?notificationTaskId=5)(Body:)(Username:Anonymous)
2017-04-20 07:32:10.2073 INFO (Method:GET)(Url:http://localhost/SGNotify.WebApi/api/NotificationTaskUpdates/GetNotificationTaskUpdates?notificationTaskId=5)(Body:)(Username:Anonymous)
2017-04-20 07:32:15.4717 INFO (Method:OPTIONS)(Url:http://localhost/SGNotify.WebApi/api/NotificationTasks/GetNotificationTask?id=6)(Body:)(Username:Anonymous)
2017-04-20 07:32:15.4717 INFO (Method:GET)(Url:http://localhost/SGNotify.WebApi/api/NotificationTasks/GetNotificationTask?id=6)(Body:)(Username:Anonymous)
2017-04-20 07:32:16.0425 INFO (Method:OPTIONS)(Url:http://localhost/SGNotify.WebApi/api/NotificationTaskUpdates/GetNotificationTaskUpdates?notificationTaskId=6)(Body:)(Username:Anonymous)
2017-04-20 07:32:16.0530 INFO (Method:GET)(Url:http://localhost/SGNotify.WebApi/api/NotificationTaskUpdates/GetNotificationTaskUpdates?notificationTaskId=6)(Body:)(Username:Anonymous)
2017-04-20 07:32:20.4369 INFO (Method:OPTIONS)(Url:http://localhost/SGNotify.WebApi/api/NotificationTasks/GetNotificationTask?id=7)(Body:)(Username:Anonymous)
2017-04-20 07:32:20.4469 INFO (Method:GET)(Url:http://localhost/SGNotify.WebApi/api/NotificationTasks/GetNotificationTask?id=7)(Body:)(Username:Anonymous)
2017-04-20 07:32:21.0199 INFO (Method:OPTIONS)(Url:http://localhost/SGNotify.WebApi/api/NotificationTaskUpdates/GetNotificationTaskUpdates?notificationTaskId=7)(Body:)(Username:Anonymous)
2017-04-20 07:32:21.0199 INFO (Method:GET)(Url:http://localhost/SGNotify.WebApi/api/NotificationTaskUpdates/GetNotificationTaskUpdates?notificationTaskId=7)(Body:)(Username:Anonymous)
2017-04-20 08:04:44.4066 INFO (Method:OPTIONS)(Url:http://localhost/SGNotify.WebApi/api/NotificationTasks/GetOpenNotificationTasks)(Body:)(Username:Anonymous)
2017-04-20 08:04:44.4222 INFO (Method:GET)(Url:http://localhost/SGNotify.WebApi/api/NotificationTasks/GetOpenNotificationTasks)(Body:)(Username:Anonymous)
2017-04-20 08:05:14.3410 INFO (Method:OPTIONS)(Url:http://localhost/SGNotify.WebApi/api/NotificationTasks/GetOpenNotificationTasks)(Body:)(Username:Anonymous)
2017-04-20 08:05:14.3530 INFO (Method:GET)(Url:http://localhost/SGNotify.WebApi/api/NotificationTasks/GetOpenNotificationTasks)(Body:)(Username:Anonymous)
2017-04-20 08:11:26.2348 INFO (Method:OPTIONS)(Url:http://localhost/SGNotify.WebApi/api/NotificationTasks/GetOpenNotificationTasks)(Body:)(Username:Anonymous)
2017-04-20 08:11:26.2610 INFO (Method:GET)(Url:http://localhost/SGNotify.WebApi/api/NotificationTasks/GetOpenNotificationTasks)(Body:)(Username:Anonymous)
2017-04-20 08:11:27.9481 INFO (Method:OPTIONS)(Url:http://localhost/SGNotify.WebApi/api/NotificationTasks/GetNotificationTask?id=5)(Body:)(Username:Anonymous)
2017-04-20 08:11:27.9578 INFO (Method:GET)(Url:http://localhost/SGNotify.WebApi/api/NotificationTasks/GetNotificationTask?id=5)(Body:)(Username:Anonymous)
2017-04-20 08:11:28.5595 INFO (Method:OPTIONS)(Url:http://localhost/SGNotify.WebApi/api/NotificationTaskUpdates/GetNotificationTaskUpdates?notificationTaskId=5)(Body:)(Username:Anonymous)
2017-04-20 08:11:28.5763 INFO (Method:GET)(Url:http://localhost/SGNotify.WebApi/api/NotificationTaskUpdates/GetNotificationTaskUpdates?notificationTaskId=5)(Body:)(Username:Anonymous)
2017-04-20 08:11:54.5003 INFO (Method:OPTIONS)(Url:http://localhost/SGNotify.WebApi/api/NotificationTasks/GetOpenNotificationTasks)(Body:)(Username:Anonymous)
2017-04-20 08:11:54.5115 INFO (Method:GET)(Url:http://localhost/SGNotify.WebApi/api/NotificationTasks/GetOpenNotificationTasks)(Body:)(Username:Anonymous)
2017-04-20 08:13:00.5694 INFO (Method:OPTIONS)(Url:http://localhost/SGNotify.WebApi/api/NotificationTasks/GetOpenNotificationTasks)(Body:)(Username:Anonymous)
2017-04-20 08:13:00.5906 INFO (Method:GET)(Url:http://localhost/SGNotify.WebApi/api/NotificationTasks/GetOpenNotificationTasks)(Body:)(Username:Anonymous)
2017-04-20 08:13:40.8979 INFO (Method:OPTIONS)(Url:http://localhost/SGNotify.WebApi/api/NotificationTasks/GetOpenNotificationTasks)(Body:)(Username:Anonymous)
2017-04-20 08:13:40.9074 INFO (Method:GET)(Url:http://localhost/SGNotify.WebApi/api/NotificationTasks/GetOpenNotificationTasks)(Body:)(Username:Anonymous)
2017-04-20 08:13:42.4469 INFO (Method:OPTIONS)(Url:http://localhost/SGNotify.WebApi/api/NotificationTasks/GetNotificationTask?id=5)(Body:)(Username:Anonymous)
2017-04-20 08:13:42.4575 INFO (Method:GET)(Url:http://localhost/SGNotify.WebApi/api/NotificationTasks/GetNotificationTask?id=5)(Body:)(Username:Anonymous)
2017-04-20 08:13:43.0287 INFO (Method:OPTIONS)(Url:http://localhost/SGNotify.WebApi/api/NotificationTaskUpdates/GetNotificationTaskUpdates?notificationTaskId=5)(Body:)(Username:Anonymous)
2017-04-20 08:13:43.0388 INFO (Method:GET)(Url:http://localhost/SGNotify.WebApi/api/NotificationTaskUpdates/GetNotificationTaskUpdates?notificationTaskId=5)(Body:)(Username:Anonymous)
2017-04-20 08:13:54.6122 INFO (Method:OPTIONS)(Url:http://localhost/SGNotify.WebApi/api/NotificationTasks/GetOpenNotificationTasks)(Body:)(Username:Anonymous)
2017-04-20 08:13:54.6122 INFO (Method:GET)(Url:http://localhost/SGNotify.WebApi/api/NotificationTasks/GetOpenNotificationTasks)(Body:)(Username:Anonymous)
2017-04-20 08:16:12.5315 INFO (Method:OPTIONS)(Url:http://localhost/SGNotify.WebApi/api/NotificationTasks/GetOpenNotificationTasks)(Body:)(Username:Anonymous)
2017-04-20 08:16:12.5315 INFO (Method:GET)(Url:http://localhost/SGNotify.WebApi/api/NotificationTasks/GetOpenNotificationTasks)(Body:)(Username:Anonymous)
2017-04-20 08:16:49.0610 INFO (Method:OPTIONS)(Url:http://localhost/SGNotify.WebApi/api/NotificationTasks/GetOpenNotificationTasks)(Body:)(Username:Anonymous)
2017-04-20 08:16:49.0718 INFO (Method:GET)(Url:http://localhost/SGNotify.WebApi/api/NotificationTasks/GetOpenNotificationTasks)(Body:)(Username:Anonymous)
2017-04-20 08:17:21.2271 INFO (Method:OPTIONS)(Url:http://localhost/SGNotify.WebApi/api/NotificationTasks/GetOpenNotificationTasks)(Body:)(Username:Anonymous)
2017-04-20 08:17:21.2374 INFO (Method:GET)(Url:http://localhost/SGNotify.WebApi/api/NotificationTasks/GetOpenNotificationTasks)(Body:)(Username:Anonymous)
2017-04-20 08:23:54.3474 INFO (Method:OPTIONS)(Url:http://localhost/SGNotify.WebApi/api/NotificationTasks/GetOpenNotificationTasks)(Body:)(Username:Anonymous)
2017-04-20 08:23:54.6609 INFO (Method:GET)(Url:http://localhost/SGNotify.WebApi/api/NotificationTasks/GetOpenNotificationTasks)(Body:)(Username:Anonymous)
2017-04-20 08:25:46.9925 INFO (Method:OPTIONS)(Url:http://localhost/SGNotify.WebApi/api/NotificationTasks/GetNotificationTask?id=5)(Body:)(Username:Anonymous)
2017-04-20 08:25:47.0105 INFO (Method:GET)(Url:http://localhost/SGNotify.WebApi/api/NotificationTasks/GetNotificationTask?id=5)(Body:)(Username:Anonymous)
2017-04-20 08:25:47.8307 INFO (Method:OPTIONS)(Url:http://localhost/SGNotify.WebApi/api/NotificationTaskUpdates/GetNotificationTaskUpdates?notificationTaskId=5)(Body:)(Username:Anonymous)
2017-04-20 08:25:47.8637 INFO (Method:GET)(Url:http://localhost/SGNotify.WebApi/api/NotificationTaskUpdates/GetNotificationTaskUpdates?notificationTaskId=5)(Body:)(Username:Anonymous)
2017-04-20 08:26:26.9272 INFO (Method:OPTIONS)(Url:http://localhost/SGNotify.WebApi/api/NotificationTasks/GetOpenNotificationTasks)(Body:)(Username:Anonymous)
2017-04-20 08:26:26.9402 INFO (Method:GET)(Url:http://localhost/SGNotify.WebApi/api/NotificationTasks/GetOpenNotificationTasks)(Body:)(Username:Anonymous)
2017-04-20 08:26:39.3589 INFO (Method:OPTIONS)(Url:http://localhost/SGNotify.WebApi/api/NotificationTasks/GetOpenNotificationTasks)(Body:)(Username:Anonymous)
2017-04-20 08:26:39.3589 INFO (Method:GET)(Url:http://localhost/SGNotify.WebApi/api/NotificationTasks/GetOpenNotificationTasks)(Body:)(Username:Anonymous)
2017-04-20 08:28:57.2779 INFO (Method:OPTIONS)(Url:http://localhost/SGNotify.WebApi/api/NotificationTasks/GetOpenNotificationTasks)(Body:)(Username:Anonymous)
2017-04-20 08:28:57.2849 INFO (Method:GET)(Url:http://localhost/SGNotify.WebApi/api/NotificationTasks/GetOpenNotificationTasks)(Body:)(Username:Anonymous)
2017-04-20 08:28:58.4222 INFO (Method:OPTIONS)(Url:http://localhost/SGNotify.WebApi/api/NotificationTasks/GetNotificationTask?id=5)(Body:)(Username:Anonymous)
2017-04-20 08:28:58.4222 INFO (Method:GET)(Url:http://localhost/SGNotify.WebApi/api/NotificationTasks/GetNotificationTask?id=5)(Body:)(Username:Anonymous)
2017-04-20 08:28:58.9269 INFO (Method:OPTIONS)(Url:http://localhost/SGNotify.WebApi/api/NotificationTaskUpdates/GetNotificationTaskUpdates?notificationTaskId=5)(Body:)(Username:Anonymous)
2017-04-20 08:28:58.9362 INFO (Method:GET)(Url:http://localhost/SGNotify.WebApi/api/NotificationTaskUpdates/GetNotificationTaskUpdates?notificationTaskId=5)(Body:)(Username:Anonymous)
2017-04-20 08:29:15.2131 INFO (Method:OPTIONS)(Url:http://localhost/SGNotify.WebApi/api/NotificationTaskUpdates/CreateNotificationTaskUpdate)(Body:)(Username:Anonymous)
2017-04-20 08:29:15.2256 INFO (Method:POST)(Url:http://localhost/SGNotify.WebApi/api/NotificationTaskUpdates/CreateNotificationTaskUpdate)(Body:{
  "notificationTaskId": 5,
  "userId": "2152d630-2a04-40bc-8ab3-764aae1cc988",
  "comment": "Im trying my best"
})(Username:Anonymous)
2017-04-20 08:31:38.7574 INFO (Method:OPTIONS)(Url:http://localhost/SGNotify.WebApi/api/NotificationTaskUpdates/CreateNotificationTaskUpdate)(Body:)(Username:Anonymous)
2017-04-20 08:31:39.0726 INFO (Method:POST)(Url:http://localhost/SGNotify.WebApi/api/NotificationTaskUpdates/CreateNotificationTaskUpdate)(Body:{
  "notificationTaskId": 5,
  "userId": "2152d630-2a04-40bc-8ab3-764aae1cc988",
  "comment": "Test Name"
})(Username:Anonymous)
2017-04-20 08:33:24.6924 INFO (Method:OPTIONS)(Url:http://localhost/SGNotify.WebApi/api/NotificationTasks/GetOpenNotificationTasks)(Body:)(Username:Anonymous)
2017-04-20 08:33:24.7024 INFO (Method:GET)(Url:http://localhost/SGNotify.WebApi/api/NotificationTasks/GetOpenNotificationTasks)(Body:)(Username:Anonymous)
2017-04-20 08:33:26.8215 INFO (Method:OPTIONS)(Url:http://localhost/SGNotify.WebApi/api/NotificationTasks/GetNotificationTask?id=6)(Body:)(Username:Anonymous)
2017-04-20 08:33:26.8342 INFO (Method:GET)(Url:http://localhost/SGNotify.WebApi/api/NotificationTasks/GetNotificationTask?id=6)(Body:)(Username:Anonymous)
2017-04-20 08:33:27.5231 INFO (Method:OPTIONS)(Url:http://localhost/SGNotify.WebApi/api/NotificationTaskUpdates/GetNotificationTaskUpdates?notificationTaskId=6)(Body:)(Username:Anonymous)
2017-04-20 08:33:27.5301 INFO (Method:GET)(Url:http://localhost/SGNotify.WebApi/api/NotificationTaskUpdates/GetNotificationTaskUpdates?notificationTaskId=6)(Body:)(Username:Anonymous)
2017-04-20 08:33:37.7880 INFO (Method:OPTIONS)(Url:http://localhost/SGNotify.WebApi/api/NotificationTaskUpdates/CreateNotificationTaskUpdate)(Body:)(Username:Anonymous)
2017-04-20 08:33:37.7880 INFO (Method:POST)(Url:http://localhost/SGNotify.WebApi/api/NotificationTaskUpdates/CreateNotificationTaskUpdate)(Body:{
  "notificationTaskId": 6,
  "comment": "Tying my best"
})(Username:Anonymous)
2017-04-20 08:35:03.8370 INFO (Method:OPTIONS)(Url:http://localhost/SGNotify.WebApi/api/NotificationTasks/GetOpenNotificationTasks)(Body:)(Username:Anonymous)
2017-04-20 08:35:03.8405 INFO (Method:GET)(Url:http://localhost/SGNotify.WebApi/api/NotificationTasks/GetOpenNotificationTasks)(Body:)(Username:Anonymous)
2017-04-20 08:35:22.3190 INFO (Method:OPTIONS)(Url:http://localhost/SGNotify.WebApi/api/NotificationTasks/GetOpenNotificationTasks)(Body:)(Username:Anonymous)
2017-04-20 08:35:22.3190 INFO (Method:GET)(Url:http://localhost/SGNotify.WebApi/api/NotificationTasks/GetOpenNotificationTasks)(Body:)(Username:Anonymous)
2017-04-20 08:35:29.5515 INFO (Method:OPTIONS)(Url:http://localhost/SGNotify.WebApi/api/NotificationTasks/GetOpenNotificationTasks)(Body:)(Username:Anonymous)
2017-04-20 08:35:29.5515 INFO (Method:GET)(Url:http://localhost/SGNotify.WebApi/api/NotificationTasks/GetOpenNotificationTasks)(Body:)(Username:Anonymous)
2017-04-20 08:35:31.6046 INFO (Method:OPTIONS)(Url:http://localhost/SGNotify.WebApi/api/NotificationTasks/GetNotificationTask?id=6)(Body:)(Username:Anonymous)
2017-04-20 08:35:31.6046 INFO (Method:GET)(Url:http://localhost/SGNotify.WebApi/api/NotificationTasks/GetNotificationTask?id=6)(Body:)(Username:Anonymous)
2017-04-20 08:35:32.1033 INFO (Method:OPTIONS)(Url:http://localhost/SGNotify.WebApi/api/NotificationTaskUpdates/GetNotificationTaskUpdates?notificationTaskId=6)(Body:)(Username:Anonymous)
2017-04-20 08:35:32.1093 INFO (Method:GET)(Url:http://localhost/SGNotify.WebApi/api/NotificationTaskUpdates/GetNotificationTaskUpdates?notificationTaskId=6)(Body:)(Username:Anonymous)
2017-04-20 08:35:41.4461 INFO (Method:OPTIONS)(Url:http://localhost/SGNotify.WebApi/api/NotificationTaskUpdates/CreateNotificationTaskUpdate)(Body:)(Username:Anonymous)
2017-04-20 08:35:41.4591 INFO (Method:POST)(Url:http://localhost/SGNotify.WebApi/api/NotificationTaskUpdates/CreateNotificationTaskUpdate)(Body:{
  "notificationTaskId": 6,
  "comment": "aaa"
})(Username:Anonymous)
2017-04-20 09:07:13.1017 INFO (Method:OPTIONS)(Url:http://localhost/SGNotify.WebApi/api/NotificationTasks/GetOpenNotificationTasks)(Body:)(Username:Anonymous)
2017-04-20 09:07:13.4157 INFO (Method:GET)(Url:http://localhost/SGNotify.WebApi/api/NotificationTasks/GetOpenNotificationTasks)(Body:)(Username:Anonymous)
2017-04-20 09:07:26.5897 INFO (Method:OPTIONS)(Url:http://localhost/SGNotify.WebApi/api/NotificationTasks/GetOpenNotificationTasks)(Body:)(Username:Anonymous)
2017-04-20 09:07:26.5897 INFO (Method:GET)(Url:http://localhost/SGNotify.WebApi/api/NotificationTasks/GetOpenNotificationTasks)(Body:)(Username:Anonymous)
2017-04-20 09:07:34.6537 INFO (Method:OPTIONS)(Url:http://localhost/SGNotify.WebApi/api/NotificationTasks/GetOpenNotificationTasks)(Body:)(Username:Anonymous)
2017-04-20 09:07:34.6537 INFO (Method:GET)(Url:http://localhost/SGNotify.WebApi/api/NotificationTasks/GetOpenNotificationTasks)(Body:)(Username:Anonymous)
2017-04-20 09:07:38.2069 INFO (Method:OPTIONS)(Url:http://localhost/SGNotify.WebApi/api/NotificationTasks/GetNotificationTask?id=5)(Body:)(Username:Anonymous)
2017-04-20 09:07:38.2294 INFO (Method:GET)(Url:http://localhost/SGNotify.WebApi/api/NotificationTasks/GetNotificationTask?id=5)(Body:)(Username:Anonymous)
2017-04-20 09:07:39.0561 INFO (Method:OPTIONS)(Url:http://localhost/SGNotify.WebApi/api/NotificationTaskUpdates/GetNotificationTaskUpdates?notificationTaskId=5)(Body:)(Username:Anonymous)
2017-04-20 09:07:39.0561 INFO (Method:GET)(Url:http://localhost/SGNotify.WebApi/api/NotificationTaskUpdates/GetNotificationTaskUpdates?notificationTaskId=5)(Body:)(Username:Anonymous)
2017-04-20 09:08:09.0262 INFO (Method:OPTIONS)(Url:http://localhost/SGNotify.WebApi/api/NotificationTaskUpdates/CreateNotificationTaskUpdate)(Body:)(Username:Anonymous)
2017-04-20 09:08:09.0262 INFO (Method:POST)(Url:http://localhost/SGNotify.WebApi/api/NotificationTaskUpdates/CreateNotificationTaskUpdate)(Body:{
  "notificationTaskId": 5,
  "comment": "asss"
})(Username:Anonymous)
2017-04-20 09:18:16.6835 INFO (Method:OPTIONS)(Url:http://localhost/SGNotify.WebApi/api/NotificationTasks/GetOpenNotificationTasks)(Body:)(Username:Anonymous)
2017-04-20 09:18:17.1343 INFO (Method:GET)(Url:http://localhost/SGNotify.WebApi/api/NotificationTasks/GetOpenNotificationTasks)(Body:)(Username:Anonymous)
2017-04-20 09:18:24.1319 INFO (Method:OPTIONS)(Url:http://localhost/SGNotify.WebApi/api/NotificationTasks/GetNotificationTask?id=13)(Body:)(Username:Anonymous)
2017-04-20 09:18:24.1512 INFO (Method:GET)(Url:http://localhost/SGNotify.WebApi/api/NotificationTasks/GetNotificationTask?id=13)(Body:)(Username:Anonymous)
2017-04-20 09:18:24.9886 INFO (Method:OPTIONS)(Url:http://localhost/SGNotify.WebApi/api/NotificationTaskUpdates/GetNotificationTaskUpdates?notificationTaskId=13)(Body:)(Username:Anonymous)
2017-04-20 09:18:25.0121 INFO (Method:GET)(Url:http://localhost/SGNotify.WebApi/api/NotificationTaskUpdates/GetNotificationTaskUpdates?notificationTaskId=13)(Body:)(Username:Anonymous)
2017-04-20 09:18:27.6691 INFO (Method:OPTIONS)(Url:http://localhost/SGNotify.WebApi/api/NotificationTaskUpdates/CreateNotificationTaskStatusUpdate)(Body:)(Username:Anonymous)
2017-04-20 09:18:27.6691 INFO (Method:POST)(Url:http://localhost/SGNotify.WebApi/api/NotificationTaskUpdates/CreateNotificationTaskStatusUpdate)(Body:{
  "notificationTaskId": 13,
  "statusId": 5
})(Username:Anonymous)
2017-04-20 09:18:28.7847 INFO (Method:OPTIONS)(Url:http://localhost/SGNotify.WebApi/api/NotificationTasks/GetOpenNotificationTasks)(Body:)(Username:Anonymous)
2017-04-20 09:18:28.7992 INFO (Method:GET)(Url:http://localhost/SGNotify.WebApi/api/NotificationTasks/GetOpenNotificationTasks)(Body:)(Username:Anonymous)
2017-04-20 09:18:29.0372 INFO (Method:GET)(Url:http://localhost/SGNotify.WebApi/api/NotificationTasks/GetNotificationTask?id=13)(Body:)(Username:Anonymous)
2017-04-20 09:18:29.7168 INFO (Method:GET)(Url:http://localhost/SGNotify.WebApi/api/NotificationTaskUpdates/GetNotificationTaskUpdates?notificationTaskId=13)(Body:)(Username:Anonymous)
2017-04-20 09:18:37.0812 INFO (Method:OPTIONS)(Url:http://localhost/SGNotify.WebApi/api/NotificationTaskUpdates/CreateNotificationTaskUpdate)(Body:)(Username:Anonymous)
2017-04-20 09:18:37.0919 INFO (Method:POST)(Url:http://localhost/SGNotify.WebApi/api/NotificationTaskUpdates/CreateNotificationTaskUpdate)(Body:{
  "notificationTaskId": 13,
  "comment": "First attempt"
})(Username:Anonymous)
2017-04-20 09:18:42.9096 INFO (Method:OPTIONS)(Url:http://localhost/SGNotify.WebApi/api/NotificationTaskUpdates/CreateNotificationTaskStatusUpdate)(Body:)(Username:Anonymous)
2017-04-20 09:18:42.9350 INFO (Method:POST)(Url:http://localhost/SGNotify.WebApi/api/NotificationTaskUpdates/CreateNotificationTaskStatusUpdate)(Body:{
  "notificationTaskId": 13,
  "statusId": 6
})(Username:Anonymous)
2017-04-20 09:18:43.5133 INFO (Method:OPTIONS)(Url:http://localhost/SGNotify.WebApi/api/NotificationTasks/GetOpenNotificationTasks)(Body:)(Username:Anonymous)
2017-04-20 09:18:43.5235 INFO (Method:GET)(Url:http://localhost/SGNotify.WebApi/api/NotificationTasks/GetOpenNotificationTasks)(Body:)(Username:Anonymous)
2017-04-20 09:18:43.7460 INFO (Method:OPTIONS)(Url:http://localhost/SGNotify.WebApi/api/NotificationTasks/GetNotificationTask?id=13)(Body:)(Username:Anonymous)
2017-04-20 09:18:43.7460 INFO (Method:GET)(Url:http://localhost/SGNotify.WebApi/api/NotificationTasks/GetNotificationTask?id=13)(Body:)(Username:Anonymous)
2017-04-20 09:18:44.3628 INFO (Method:OPTIONS)(Url:http://localhost/SGNotify.WebApi/api/NotificationTaskUpdates/GetNotificationTaskUpdates?notificationTaskId=13)(Body:)(Username:Anonymous)
2017-04-20 09:18:44.3725 INFO (Method:GET)(Url:http://localhost/SGNotify.WebApi/api/NotificationTaskUpdates/GetNotificationTaskUpdates?notificationTaskId=13)(Body:)(Username:Anonymous)
2017-04-20 09:32:03.8678 INFO (Method:OPTIONS)(Url:http://localhost/SGNotify.WebApi/api/NotificationTasks/GetOpenNotificationTasks)(Body:)(Username:Anonymous)
2017-04-20 09:32:03.8948 INFO (Method:GET)(Url:http://localhost/SGNotify.WebApi/api/NotificationTasks/GetOpenNotificationTasks)(Body:)(Username:Anonymous)
2017-04-20 09:32:07.5641 INFO (Method:OPTIONS)(Url:http://localhost/SGNotify.WebApi/api/NotificationTasks/GetNotificationTask?id=5)(Body:)(Username:Anonymous)
2017-04-20 09:32:07.5851 INFO (Method:GET)(Url:http://localhost/SGNotify.WebApi/api/NotificationTasks/GetNotificationTask?id=5)(Body:)(Username:Anonymous)
2017-04-20 09:32:08.1640 INFO (Method:OPTIONS)(Url:http://localhost/SGNotify.WebApi/api/NotificationTaskUpdates/GetNotificationTaskUpdates?notificationTaskId=5)(Body:)(Username:Anonymous)
2017-04-20 09:32:08.1850 INFO (Method:GET)(Url:http://localhost/SGNotify.WebApi/api/NotificationTaskUpdates/GetNotificationTaskUpdates?notificationTaskId=5)(Body:)(Username:Anonymous)
2017-04-20 09:32:17.0961 INFO (Method:OPTIONS)(Url:http://localhost/SGNotify.WebApi/api/NotificationTasks/GetNotificationTask?id=6)(Body:)(Username:Anonymous)
2017-04-20 09:32:17.1061 INFO (Method:GET)(Url:http://localhost/SGNotify.WebApi/api/NotificationTasks/GetNotificationTask?id=6)(Body:)(Username:Anonymous)
2017-04-20 09:32:17.6747 INFO (Method:OPTIONS)(Url:http://localhost/SGNotify.WebApi/api/NotificationTaskUpdates/GetNotificationTaskUpdates?notificationTaskId=6)(Body:)(Username:Anonymous)
2017-04-20 09:32:17.6917 INFO (Method:GET)(Url:http://localhost/SGNotify.WebApi/api/NotificationTaskUpdates/GetNotificationTaskUpdates?notificationTaskId=6)(Body:)(Username:Anonymous)
2017-04-20 09:32:21.7525 INFO (Method:OPTIONS)(Url:http://localhost/SGNotify.WebApi/api/NotificationTasks/GetNotificationTask?id=14)(Body:)(Username:Anonymous)
2017-04-20 09:32:21.7625 INFO (Method:GET)(Url:http://localhost/SGNotify.WebApi/api/NotificationTasks/GetNotificationTask?id=14)(Body:)(Username:Anonymous)
2017-04-20 09:32:22.3141 INFO (Method:OPTIONS)(Url:http://localhost/SGNotify.WebApi/api/NotificationTaskUpdates/GetNotificationTaskUpdates?notificationTaskId=14)(Body:)(Username:Anonymous)
2017-04-20 09:32:22.3240 INFO (Method:GET)(Url:http://localhost/SGNotify.WebApi/api/NotificationTaskUpdates/GetNotificationTaskUpdates?notificationTaskId=14)(Body:)(Username:Anonymous)
2017-04-20 09:32:25.1476 INFO (Method:OPTIONS)(Url:http://localhost/SGNotify.WebApi/api/NotificationTasks/GetNotificationTask?id=5)(Body:)(Username:Anonymous)
2017-04-20 09:32:25.1476 INFO (Method:GET)(Url:http://localhost/SGNotify.WebApi/api/NotificationTasks/GetNotificationTask?id=5)(Body:)(Username:Anonymous)
2017-04-20 09:32:25.7143 INFO (Method:OPTIONS)(Url:http://localhost/SGNotify.WebApi/api/NotificationTaskUpdates/GetNotificationTaskUpdates?notificationTaskId=5)(Body:)(Username:Anonymous)
2017-04-20 09:32:25.7143 INFO (Method:GET)(Url:http://localhost/SGNotify.WebApi/api/NotificationTaskUpdates/GetNotificationTaskUpdates?notificationTaskId=5)(Body:)(Username:Anonymous)
2017-04-20 09:34:00.7594 INFO (Method:OPTIONS)(Url:http://localhost/SGNotify.WebApi/api/NotificationTasks/GetOpenNotificationTasks)(Body:)(Username:Anonymous)
2017-04-20 09:34:00.7694 INFO (Method:GET)(Url:http://localhost/SGNotify.WebApi/api/NotificationTasks/GetOpenNotificationTasks)(Body:)(Username:Anonymous)
2017-04-20 09:34:09.1884 INFO (Method:OPTIONS)(Url:http://localhost/SGNotify.WebApi/api/NotificationTasks/GetNotificationTask?id=5)(Body:)(Username:Anonymous)
2017-04-20 09:34:09.2034 INFO (Method:GET)(Url:http://localhost/SGNotify.WebApi/api/NotificationTasks/GetNotificationTask?id=5)(Body:)(Username:Anonymous)
2017-04-20 09:34:09.8173 INFO (Method:OPTIONS)(Url:http://localhost/SGNotify.WebApi/api/NotificationTaskUpdates/GetNotificationTaskUpdates?notificationTaskId=5)(Body:)(Username:Anonymous)
2017-04-20 09:34:09.8382 INFO (Method:GET)(Url:http://localhost/SGNotify.WebApi/api/NotificationTaskUpdates/GetNotificationTaskUpdates?notificationTaskId=5)(Body:)(Username:Anonymous)
2017-04-20 09:35:02.6597 INFO (Method:OPTIONS)(Url:http://localhost/SGNotify.WebApi/api/NotificationTasks/GetOpenNotificationTasks)(Body:)(Username:Anonymous)
2017-04-20 09:35:02.6707 INFO (Method:GET)(Url:http://localhost/SGNotify.WebApi/api/NotificationTasks/GetOpenNotificationTasks)(Body:)(Username:Anonymous)
2017-04-20 09:35:03.5411 INFO (Method:OPTIONS)(Url:http://localhost/SGNotify.WebApi/api/NotificationTasks/GetNotificationTask?id=5)(Body:)(Username:Anonymous)
2017-04-20 09:35:03.5511 INFO (Method:GET)(Url:http://localhost/SGNotify.WebApi/api/NotificationTasks/GetNotificationTask?id=5)(Body:)(Username:Anonymous)
2017-04-20 09:35:04.1377 INFO (Method:OPTIONS)(Url:http://localhost/SGNotify.WebApi/api/NotificationTaskUpdates/GetNotificationTaskUpdates?notificationTaskId=5)(Body:)(Username:Anonymous)
2017-04-20 09:35:04.1477 INFO (Method:GET)(Url:http://localhost/SGNotify.WebApi/api/NotificationTaskUpdates/GetNotificationTaskUpdates?notificationTaskId=5)(Body:)(Username:Anonymous)
2017-04-20 09:35:38.5129 INFO (Method:OPTIONS)(Url:http://localhost/SGNotify.WebApi/api/NotificationTasks/GetNotificationTask?id=5)(Body:)(Username:Anonymous)
2017-04-20 09:35:38.5259 INFO (Method:GET)(Url:http://localhost/SGNotify.WebApi/api/NotificationTasks/GetNotificationTask?id=5)(Body:)(Username:Anonymous)
2017-04-20 09:41:50.0975 INFO (Method:OPTIONS)(Url:http://localhost/SGNotify.WebApi/api/NotificationTaskUpdates/GetNotificationTaskUpdates?notificationTaskId=5)(Body:)(Username:Anonymous)
2017-04-20 09:41:50.0975 INFO (Method:GET)(Url:http://localhost/SGNotify.WebApi/api/NotificationTaskUpdates/GetNotificationTaskUpdates?notificationTaskId=5)(Body:)(Username:Anonymous)
2017-04-20 09:46:43.2608 INFO (Method:OPTIONS)(Url:http://localhost/SGNotify.WebApi/api/NotificationTasks/GetOpenNotificationTasks)(Body:)(Username:Anonymous)
2017-04-20 09:46:43.6418 INFO (Method:GET)(Url:http://localhost/SGNotify.WebApi/api/NotificationTasks/GetOpenNotificationTasks)(Body:)(Username:Anonymous)
2017-04-20 09:48:04.1424 INFO (Method:OPTIONS)(Url:http://localhost/SGNotify.WebApi/api/NotificationTasks/GetOpenNotificationTasks)(Body:)(Username:Anonymous)
2017-04-20 09:48:04.1555 INFO (Method:GET)(Url:http://localhost/SGNotify.WebApi/api/NotificationTasks/GetOpenNotificationTasks)(Body:)(Username:Anonymous)
2017-04-20 09:48:12.7537 INFO (Method:OPTIONS)(Url:http://localhost/SGNotify.WebApi/api/NotificationTasks/GetOpenNotificationTasks)(Body:)(Username:Anonymous)
2017-04-20 09:48:12.7812 INFO (Method:GET)(Url:http://localhost/SGNotify.WebApi/api/NotificationTasks/GetOpenNotificationTasks)(Body:)(Username:Anonymous)
2017-04-20 09:49:32.0722 INFO (Method:OPTIONS)(Url:http://localhost/SGNotify.WebApi/api/NotificationTasks/GetOpenNotificationTasks)(Body:)(Username:Anonymous)
2017-04-20 09:49:32.5669 INFO (Method:GET)(Url:http://localhost/SGNotify.WebApi/api/NotificationTasks/GetOpenNotificationTasks)(Body:)(Username:Anonymous)
2017-04-20 09:49:39.8198 INFO (Method:OPTIONS)(Url:http://localhost/SGNotify.WebApi/api/NotificationTasks/GetNotificationTask?id=5)(Body:)(Username:Anonymous)
2017-04-20 09:49:39.8403 INFO (Method:GET)(Url:http://localhost/SGNotify.WebApi/api/NotificationTasks/GetNotificationTask?id=5)(Body:)(Username:Anonymous)
2017-04-20 09:50:02.6193 INFO (Method:OPTIONS)(Url:http://localhost/SGNotify.WebApi/api/NotificationTaskUpdates/GetNotificationTaskUpdates?notificationTaskId=5)(Body:)(Username:Anonymous)
2017-04-20 09:50:02.6353 INFO (Method:GET)(Url:http://localhost/SGNotify.WebApi/api/NotificationTaskUpdates/GetNotificationTaskUpdates?notificationTaskId=5)(Body:)(Username:Anonymous)
2017-04-20 09:50:14.7488 INFO (Method:OPTIONS)(Url:http://localhost/SGNotify.WebApi/api/NotificationTaskUpdates/CreateNotificationTaskUpdate)(Body:)(Username:Anonymous)
2017-04-20 09:50:14.7669 INFO (Method:POST)(Url:http://localhost/SGNotify.WebApi/api/NotificationTaskUpdates/CreateNotificationTaskUpdate)(Body:{
  "notificationTaskId": 5,
  "comment": "test outmodel"
})(Username:Anonymous)
2017-04-20 10:02:37.1983 INFO (Method:OPTIONS)(Url:http://localhost/SGNotify.WebApi/api/NotificationTasks/GetOpenNotificationTasks)(Body:)(Username:Anonymous)
2017-04-20 10:02:37.1983 INFO (Method:GET)(Url:http://localhost/SGNotify.WebApi/api/NotificationTasks/GetOpenNotificationTasks)(Body:)(Username:Anonymous)
2017-04-20 10:03:56.7956 INFO (Method:OPTIONS)(Url:http://localhost/SGNotify.WebApi/api/NotificationTasks/GetOpenNotificationTasks)(Body:)(Username:Anonymous)
2017-04-20 10:03:56.8001 INFO (Method:GET)(Url:http://localhost/SGNotify.WebApi/api/NotificationTasks/GetOpenNotificationTasks)(Body:)(Username:Anonymous)
2017-04-20 10:04:00.0136 INFO (Method:GET)(Url:http://localhost/SGNotify.WebApi/api/NotificationTasks/GetOpenNotificationTasks)(Body:)(Username:Anonymous)
2017-04-20 12:33:43.4413 INFO (Method:GET)(Url:http://10.200.86.85/SGNotify.WebApi/api/NotificationTasks/GetOpenNotificationTasks)(Body:)(Username:Anonymous)
2017-04-20 12:33:48.9873 INFO (Method:GET)(Url:http://10.200.86.85/SGNotify.WebApi/api/NotificationTasks/GetNotificationTask?id=5)(Body:)(Username:Anonymous)
2017-04-20 12:33:49.8657 INFO (Method:GET)(Url:http://10.200.86.85/SGNotify.WebApi/api/NotificationTaskUpdates/GetNotificationTaskUpdates?notificationTaskId=5)(Body:)(Username:Anonymous)
2017-04-20 12:34:42.3994 INFO (Method:GET)(Url:http://10.200.86.85/SGNotify.WebApi/api/NotificationTasks/GetNotificationTask?id=6)(Body:)(Username:Anonymous)
2017-04-20 12:34:43.0073 INFO (Method:GET)(Url:http://10.200.86.85/SGNotify.WebApi/api/NotificationTaskUpdates/GetNotificationTaskUpdates?notificationTaskId=6)(Body:)(Username:Anonymous)
2017-04-20 12:34:46.8591 INFO (Method:GET)(Url:http://10.200.86.85/SGNotify.WebApi/api/NotificationTasks/GetNotificationTask?id=14)(Body:)(Username:Anonymous)
2017-04-20 12:34:47.4728 INFO (Method:GET)(Url:http://10.200.86.85/SGNotify.WebApi/api/NotificationTaskUpdates/GetNotificationTaskUpdates?notificationTaskId=14)(Body:)(Username:Anonymous)
2017-04-20 12:34:51.0683 INFO (Method:GET)(Url:http://10.200.86.85/SGNotify.WebApi/api/NotificationTasks/GetNotificationTask?id=5)(Body:)(Username:Anonymous)
2017-04-20 12:34:51.6915 INFO (Method:GET)(Url:http://10.200.86.85/SGNotify.WebApi/api/NotificationTaskUpdates/GetNotificationTaskUpdates?notificationTaskId=5)(Body:)(Username:Anonymous)
2017-04-20 12:44:51.9362 INFO (Method:GET)(Url:http://10.200.86.85/SGNotify.WebApi/api/NotificationTasks/GetOpenNotificationTasks)(Body:)(Username:Anonymous)
2017-04-20 12:44:54.2683 INFO (Method:GET)(Url:http://10.200.86.85/SGNotify.WebApi/api/NotificationTasks/GetNotificationTask?id=5)(Body:)(Username:Anonymous)
2017-04-20 12:44:54.9282 INFO (Method:GET)(Url:http://10.200.86.85/SGNotify.WebApi/api/NotificationTaskUpdates/GetNotificationTaskUpdates?notificationTaskId=5)(Body:)(Username:Anonymous)
2017-04-20 12:48:52.6976 INFO (Method:GET)(Url:http://10.200.86.85/SGNotify.WebApi/api/NotificationTasks/GetOpenNotificationTasks)(Body:)(Username:Anonymous)
2017-04-20 12:48:55.2792 INFO (Method:GET)(Url:http://10.200.86.85/SGNotify.WebApi/api/NotificationTasks/GetNotificationTask?id=6)(Body:)(Username:Anonymous)
2017-04-20 12:48:55.9653 INFO (Method:GET)(Url:http://10.200.86.85/SGNotify.WebApi/api/NotificationTaskUpdates/GetNotificationTaskUpdates?notificationTaskId=6)(Body:)(Username:Anonymous)
2017-04-20 12:49:11.4940 INFO (Method:GET)(Url:http://10.200.86.85/SGNotify.WebApi/api/NotificationTasks/GetNotificationTask?id=5)(Body:)(Username:Anonymous)
2017-04-20 12:49:12.1074 INFO (Method:GET)(Url:http://10.200.86.85/SGNotify.WebApi/api/NotificationTaskUpdates/GetNotificationTaskUpdates?notificationTaskId=5)(Body:)(Username:Anonymous)
2017-04-20 13:06:41.0516 INFO (Method:GET)(Url:http://10.200.86.85/SGNotify.WebApi/api/NotificationTasks/GetOpenNotificationTasks)(Body:)(Username:Anonymous)
2017-04-20 13:06:44.0420 INFO (Method:GET)(Url:http://10.200.86.85/SGNotify.WebApi/api/NotificationTasks/GetNotificationTask?id=5)(Body:)(Username:Anonymous)
2017-04-20 13:06:44.7362 INFO (Method:GET)(Url:http://10.200.86.85/SGNotify.WebApi/api/NotificationTaskUpdates/GetNotificationTaskUpdates?notificationTaskId=5)(Body:)(Username:Anonymous)
2017-04-20 13:07:55.2565 INFO (Method:POST)(Url:http://10.200.86.85/SGNotify.WebApi/api/NotificationTaskUpdates/CreateNotificationTaskUpdate)(Body:{
  "notificationTaskId": 5,
  "comment": "Dfvv"
})(Username:Anonymous)
2017-04-20 14:36:27.4778 INFO (Method:OPTIONS)(Url:http://10.200.86.85/SGNotify.WebApi/api/NotificationTasks/GetOpenNotificationTasks)(Body:)(Username:Anonymous)
2017-04-20 14:36:27.8494 INFO (Method:GET)(Url:http://10.200.86.85/SGNotify.WebApi/api/NotificationTasks/GetOpenNotificationTasks)(Body:)(Username:Anonymous)
2017-04-20 14:36:38.1227 INFO (Method:OPTIONS)(Url:http://10.200.86.85/SGNotify.WebApi/api/NotificationTasks/GetNotificationTask?id=5)(Body:)(Username:Anonymous)
2017-04-20 14:36:38.1577 INFO (Method:GET)(Url:http://10.200.86.85/SGNotify.WebApi/api/NotificationTasks/GetNotificationTask?id=5)(Body:)(Username:Anonymous)
2017-04-20 14:36:38.9307 INFO (Method:OPTIONS)(Url:http://10.200.86.85/SGNotify.WebApi/api/NotificationTaskUpdates/GetNotificationTaskUpdates?notificationTaskId=5)(Body:)(Username:Anonymous)
2017-04-20 14:36:38.9376 INFO (Method:GET)(Url:http://10.200.86.85/SGNotify.WebApi/api/NotificationTaskUpdates/GetNotificationTaskUpdates?notificationTaskId=5)(Body:)(Username:Anonymous)
2017-04-20 15:00:13.2914 INFO (Method:GET)(Url:http://10.200.86.85/SGNotify.WebApi/api/NotificationTasks/GetNotificationTask?id=5)(Body:)(Username:Anonymous)
2017-04-20 15:00:16.1116 INFO (Method:GET)(Url:http://10.200.86.85/SGNotify.WebApi/api/NotificationTaskUpdates/GetNotificationTaskUpdates?notificationTaskId=5)(Body:)(Username:Anonymous)
2017-04-20 15:01:25.3186 INFO (Method:GET)(Url:http://10.200.86.85/SGNotify.WebApi/api/NotificationTasks/GetNotificationTask?id=5)(Body:)(Username:Anonymous)
