2017-04-12 10:01:10.3235 INFO (Method:GET)(Url:http://localhost/SGNotify.WebApi/)(Body:)(Username:Anonymous)
2017-04-12 10:01:19.7377 INFO (Method:OPTIONS)(Url:http://localhost/SGNotify.WebApi/api/NotificationTasks/GetNotificationTasks)(Body:)(Username:Anonymous)
2017-04-12 10:01:19.7828 INFO (Method:GET)(Url:http://localhost/SGNotify.WebApi/api/NotificationTasks/GetNotificationTasks)(Body:)(Username:Anonymous)
2017-04-12 10:09:00.6430 INFO (Method:GET)(Url:http://localhost/SGNotify.WebApi/)(Body:)(Username:Anonymous)
2017-04-12 10:09:05.5732 INFO (Method:OPTIONS)(Url:http://localhost/SGNotify.WebApi/api/NotificationTasks/GetNotificationTasks)(Body:)(Username:Anonymous)
2017-04-12 10:09:05.6155 INFO (Method:GET)(Url:http://localhost/SGNotify.WebApi/api/NotificationTasks/GetNotificationTasks)(Body:)(Username:Anonymous)
2017-04-12 10:09:36.6733 INFO (Method:GET)(Url:http://localhost/SGNotify.WebApi/)(Body:)(Username:Anonymous)
2017-04-12 10:09:48.0192 INFO (Method:OPTIONS)(Url:http://localhost/SGNotify.WebApi/api/NotificationTasks/GetNotificationTasks)(Body:)(Username:Anonymous)
2017-04-12 10:09:48.0559 INFO (Method:GET)(Url:http://localhost/SGNotify.WebApi/api/NotificationTasks/GetNotificationTasks)(Body:)(Username:Anonymous)
2017-04-12 10:10:10.9850 INFO (Method:OPTIONS)(Url:http://localhost/SGNotify.WebApi/api/NotificationTasks/GetNotificationTasks)(Body:)(Username:Anonymous)
2017-04-12 10:10:10.9850 INFO (Method:GET)(Url:http://localhost/SGNotify.WebApi/api/NotificationTasks/GetNotificationTasks)(Body:)(Username:Anonymous)
2017-04-12 10:21:02.3110 INFO (Method:OPTIONS)(Url:http://localhost/SGNotify.WebApi/api/NotificationTasks/GetNotificationTasks)(Body:)(Username:Anonymous)
2017-04-12 10:21:02.3110 INFO (Method:GET)(Url:http://localhost/SGNotify.WebApi/api/NotificationTasks/GetNotificationTasks)(Body:)(Username:Anonymous)
2017-04-12 10:21:21.9361 INFO (Method:GET)(Url:http://localhost/SGNotify.WebApi/)(Body:)(Username:Anonymous)
2017-04-12 10:23:31.9877 INFO (Method:GET)(Url:http://localhost/SGNotify.WebApi/)(Body:)(Username:Anonymous)
2017-04-12 10:23:46.3222 ERROR Api Exception - Anonymous - d568f442-21d3-47e8-8021-b0d11371531c
2017-04-12 10:34:08.2558 INFO (Method:GET)(Url:http://localhost/SGNotify.WebApi/)(Body:)(Username:Anonymous)
2017-04-12 10:35:33.4920 INFO (Method:OPTIONS)(Url:http://localhost/SGNotify.WebApi/api/NotificationTasks/GetNotificationTasks)(Body:)(Username:Anonymous)
2017-04-12 10:35:33.5322 INFO (Method:GET)(Url:http://localhost/SGNotify.WebApi/api/NotificationTasks/GetNotificationTasks)(Body:)(Username:Anonymous)
2017-04-12 11:01:47.5936 INFO (Method:OPTIONS)(Url:http://localhost/SGNotify.WebApi/api/NotificationTasks/GetNotificationTasks)(Body:)(Username:Anonymous)
2017-04-12 11:01:48.0272 INFO (Method:GET)(Url:http://localhost/SGNotify.WebApi/api/NotificationTasks/GetNotificationTasks)(Body:)(Username:Anonymous)
2017-04-12 11:01:58.5971 INFO (Method:GET)(Url:http://localhost/SGNotify.WebApi/)(Body:)(Username:Anonymous)
2017-04-12 11:02:57.1303 INFO (Method:OPTIONS)(Url:http://localhost/SGNotify.WebApi/api/NotificationTasks/GetNotificationTasks)(Body:)(Username:Anonymous)
2017-04-12 11:02:57.1627 INFO (Method:GET)(Url:http://localhost/SGNotify.WebApi/api/NotificationTasks/GetNotificationTasks)(Body:)(Username:Anonymous)
2017-04-12 11:03:00.6591 INFO (Method:OPTIONS)(Url:http://localhost/SGNotify.WebApi/api/NotificationTasks/GetNotificationTasks?notificationTaskId=1)(Body:)(Username:Anonymous)
2017-04-12 11:03:00.6791 INFO (Method:GET)(Url:http://localhost/SGNotify.WebApi/api/NotificationTasks/GetNotificationTasks?notificationTaskId=1)(Body:)(Username:Anonymous)
2017-04-12 11:08:28.6463 INFO (Method:GET)(Url:http://localhost/SGNotify.WebApi/)(Body:)(Username:Anonymous)
2017-04-12 11:08:37.5019 INFO (Method:OPTIONS)(Url:http://localhost/SGNotify.WebApi/api/NotificationTasks/GetNotificationTasks)(Body:)(Username:Anonymous)
2017-04-12 11:08:37.5443 INFO (Method:GET)(Url:http://localhost/SGNotify.WebApi/api/NotificationTasks/GetNotificationTasks)(Body:)(Username:Anonymous)
2017-04-12 11:08:39.7422 INFO (Method:OPTIONS)(Url:http://localhost/SGNotify.WebApi/api/NotificationTasks/GetNotificationTask?notificationTaskId=1)(Body:)(Username:Anonymous)
2017-04-12 11:08:39.7652 INFO (Method:GET)(Url:http://localhost/SGNotify.WebApi/api/NotificationTasks/GetNotificationTask?notificationTaskId=1)(Body:)(Username:Anonymous)
2017-04-12 11:10:34.9796 INFO (Method:GET)(Url:http://localhost/SGNotify.WebApi/)(Body:)(Username:Anonymous)
2017-04-12 11:13:35.8440 INFO (Method:OPTIONS)(Url:http://localhost/SGNotify.WebApi/api/NotificationTasks/GetNotificationTasks)(Body:)(Username:Anonymous)
2017-04-12 11:13:35.8805 INFO (Method:GET)(Url:http://localhost/SGNotify.WebApi/api/NotificationTasks/GetNotificationTasks)(Body:)(Username:Anonymous)
2017-04-12 11:13:37.9216 INFO (Method:OPTIONS)(Url:http://localhost/SGNotify.WebApi/api/NotificationTasks/GetNotificationTask?id=1)(Body:)(Username:Anonymous)
2017-04-12 11:13:37.9426 INFO (Method:GET)(Url:http://localhost/SGNotify.WebApi/api/NotificationTasks/GetNotificationTask?id=1)(Body:)(Username:Anonymous)
2017-04-12 11:14:56.6406 INFO (Method:OPTIONS)(Url:http://localhost/SGNotify.WebApi/api/NotificationTasks/GetNotificationTask?id=5)(Body:)(Username:Anonymous)
2017-04-12 11:14:56.6516 INFO (Method:GET)(Url:http://localhost/SGNotify.WebApi/api/NotificationTasks/GetNotificationTask?id=5)(Body:)(Username:Anonymous)
2017-04-12 11:18:05.8383 INFO (Method:OPTIONS)(Url:http://localhost/SGNotify.WebApi/api/NotificationTasks/GetNotificationTask?id=5)(Body:)(Username:Anonymous)
2017-04-12 11:18:05.8383 INFO (Method:GET)(Url:http://localhost/SGNotify.WebApi/api/NotificationTasks/GetNotificationTask?id=5)(Body:)(Username:Anonymous)
2017-04-12 11:19:38.0946 INFO (Method:GET)(Url:http://localhost/SGNotify.WebApi/)(Body:)(Username:Anonymous)
2017-04-12 11:19:49.1959 INFO (Method:OPTIONS)(Url:http://localhost/SGNotify.WebApi/api/NotificationTasks/GetNotificationTask?id=6)(Body:)(Username:Anonymous)
2017-04-12 11:19:49.2271 INFO (Method:GET)(Url:http://localhost/SGNotify.WebApi/api/NotificationTasks/GetNotificationTask?id=6)(Body:)(Username:Anonymous)
2017-04-12 11:21:19.8324 INFO (Method:GET)(Url:http://localhost/SGNotify.WebApi/api/NotificationTasks/GetNotificationTasks)(Body:)(Username:Anonymous)
2017-04-12 11:21:31.5925 INFO (Method:GET)(Url:http://localhost/SGNotify.WebApi/api/NotificationTasks/GetNotificationTask?Id=1)(Body:)(Username:Anonymous)
2017-04-12 11:21:47.1212 INFO (Method:GET)(Url:http://localhost/SGNotify.WebApi/api/NotificationTasks/GetNotificationTask?id=1)(Body:)(Username:Anonymous)
2017-04-12 11:22:15.5589 INFO (Method:GET)(Url:http://localhost/SGNotify.WebApi/api/NotificationTasks/GetNotificationTask/1)(Body:)(Username:Anonymous)
2017-04-12 11:28:26.5013 INFO (Method:GET)(Url:http://localhost/SGNotify.WebApi/)(Body:)(Username:Anonymous)
2017-04-12 11:28:30.9733 INFO (Method:OPTIONS)(Url:http://localhost/SGNotify.WebApi/api/NotificationTasks/GetNotificationTask?id=1)(Body:)(Username:Anonymous)
2017-04-12 11:28:31.0110 INFO (Method:GET)(Url:http://localhost/SGNotify.WebApi/api/NotificationTasks/GetNotificationTask?id=1)(Body:)(Username:Anonymous)
2017-04-12 12:10:04.2259 INFO (Method:OPTIONS)(Url:http://localhost/SGNotify.WebApi/api/NotificationTasks/GetNotificationTask?id=5)(Body:)(Username:Anonymous)
2017-04-12 12:10:04.6032 INFO (Method:GET)(Url:http://localhost/SGNotify.WebApi/api/NotificationTasks/GetNotificationTask?id=5)(Body:)(Username:Anonymous)
2017-04-12 12:10:12.8135 INFO (Method:GET)(Url:http://localhost/SGNotify.WebApi/)(Body:)(Username:Anonymous)
2017-04-12 12:10:18.5649 INFO (Method:OPTIONS)(Url:http://localhost/SGNotify.WebApi/api/NotificationTasks/GetNotificationTask?id=6)(Body:)(Username:Anonymous)
2017-04-12 12:10:18.6246 INFO (Method:GET)(Url:http://localhost/SGNotify.WebApi/api/NotificationTasks/GetNotificationTask?id=6)(Body:)(Username:Anonymous)
2017-04-12 12:16:20.2976 INFO (Method:GET)(Url:http://localhost/SGNotify.WebApi/)(Body:)(Username:Anonymous)
2017-04-12 12:16:21.5746 INFO (Method:OPTIONS)(Url:http://localhost/SGNotify.WebApi/api/NotificationTasks/GetNotificationTask?id=5)(Body:)(Username:Anonymous)
2017-04-12 12:16:21.7171 INFO (Method:GET)(Url:http://localhost/SGNotify.WebApi/api/NotificationTasks/GetNotificationTask?id=5)(Body:)(Username:Anonymous)
2017-04-12 12:22:37.5562 INFO (Method:OPTIONS)(Url:http://localhost/SGNotify.WebApi/api/NotificationTasks/GetNotificationTasks)(Body:)(Username:Anonymous)
2017-04-12 12:22:37.5689 INFO (Method:GET)(Url:http://localhost/SGNotify.WebApi/api/NotificationTasks/GetNotificationTasks)(Body:)(Username:Anonymous)
2017-04-12 12:22:50.8158 INFO (Method:OPTIONS)(Url:http://localhost/SGNotify.WebApi/api/NotificationTasks/GetNotificationTasks)(Body:)(Username:Anonymous)
2017-04-12 12:22:50.8266 INFO (Method:GET)(Url:http://localhost/SGNotify.WebApi/api/NotificationTasks/GetNotificationTasks)(Body:)(Username:Anonymous)
2017-04-12 12:22:51.7496 INFO (Method:OPTIONS)(Url:http://localhost/SGNotify.WebApi/api/NotificationTasks/GetNotificationTask?id=1)(Body:)(Username:Anonymous)
2017-04-12 12:22:51.7621 INFO (Method:GET)(Url:http://localhost/SGNotify.WebApi/api/NotificationTasks/GetNotificationTask?id=1)(Body:)(Username:Anonymous)
2017-04-12 12:23:19.0970 INFO (Method:OPTIONS)(Url:http://localhost/SGNotify.WebApi/api/NotificationTasks/GetNotificationTask?id=6)(Body:)(Username:Anonymous)
2017-04-12 12:23:19.1145 INFO (Method:GET)(Url:http://localhost/SGNotify.WebApi/api/NotificationTasks/GetNotificationTask?id=6)(Body:)(Username:Anonymous)
2017-04-12 12:26:19.0722 INFO (Method:OPTIONS)(Url:http://localhost/SGNotify.WebApi/api/NotificationTasks/GetNotificationTasks)(Body:)(Username:Anonymous)
2017-04-12 12:26:19.0837 INFO (Method:GET)(Url:http://localhost/SGNotify.WebApi/api/NotificationTasks/GetNotificationTasks)(Body:)(Username:Anonymous)
2017-04-12 12:29:49.8618 INFO (Method:OPTIONS)(Url:http://localhost/SGNotify.WebApi/api/NotificationTasks/GetNotificationTasks)(Body:)(Username:Anonymous)
2017-04-12 12:29:49.8618 INFO (Method:GET)(Url:http://localhost/SGNotify.WebApi/api/NotificationTasks/GetNotificationTasks)(Body:)(Username:Anonymous)
2017-04-12 12:30:47.1092 INFO (Method:OPTIONS)(Url:http://localhost/SGNotify.WebApi/api/NotificationTasks/GetNotificationTasks)(Body:)(Username:Anonymous)
2017-04-12 12:30:47.1092 INFO (Method:GET)(Url:http://localhost/SGNotify.WebApi/api/NotificationTasks/GetNotificationTasks)(Body:)(Username:Anonymous)
2017-04-12 12:31:59.6621 INFO (Method:OPTIONS)(Url:http://localhost/SGNotify.WebApi/api/NotificationTasks/GetNotificationTasks)(Body:)(Username:Anonymous)
2017-04-12 12:31:59.6751 INFO (Method:GET)(Url:http://localhost/SGNotify.WebApi/api/NotificationTasks/GetNotificationTasks)(Body:)(Username:Anonymous)
2017-04-12 12:32:31.0967 INFO (Method:OPTIONS)(Url:http://localhost/SGNotify.WebApi/api/NotificationTasks/GetNotificationTasks)(Body:)(Username:Anonymous)
2017-04-12 12:32:31.1092 INFO (Method:GET)(Url:http://localhost/SGNotify.WebApi/api/NotificationTasks/GetNotificationTasks)(Body:)(Username:Anonymous)
2017-04-12 12:33:24.5745 INFO (Method:OPTIONS)(Url:http://localhost/SGNotify.WebApi/api/NotificationTasks/GetNotificationTasks)(Body:)(Username:Anonymous)
2017-04-12 12:33:24.5860 INFO (Method:GET)(Url:http://localhost/SGNotify.WebApi/api/NotificationTasks/GetNotificationTasks)(Body:)(Username:Anonymous)
2017-04-12 12:33:25.9756 INFO (Method:OPTIONS)(Url:http://localhost/SGNotify.WebApi/api/NotificationTasks/GetNotificationTask?id=5)(Body:)(Username:Anonymous)
2017-04-12 12:33:25.9881 INFO (Method:GET)(Url:http://localhost/SGNotify.WebApi/api/NotificationTasks/GetNotificationTask?id=5)(Body:)(Username:Anonymous)
2017-04-12 12:35:15.2288 INFO (Method:GET)(Url:http://localhost/SGNotify.WebApi/)(Body:)(Username:Anonymous)
2017-04-12 12:36:35.8893 INFO (Method:OPTIONS)(Url:http://localhost/SGNotify.WebApi/api/NotificationTasks/GetNotificationTasks)(Body:)(Username:Anonymous)
2017-04-12 12:36:35.9234 INFO (Method:GET)(Url:http://localhost/SGNotify.WebApi/api/NotificationTasks/GetNotificationTasks)(Body:)(Username:Anonymous)
2017-04-12 12:36:37.6030 INFO (Method:OPTIONS)(Url:http://localhost/SGNotify.WebApi/api/NotificationTasks/GetNotificationTask?id=5)(Body:)(Username:Anonymous)
2017-04-12 12:36:37.6213 INFO (Method:GET)(Url:http://localhost/SGNotify.WebApi/api/NotificationTasks/GetNotificationTask?id=5)(Body:)(Username:Anonymous)
2017-04-12 12:40:57.4044 INFO (Method:OPTIONS)(Url:http://localhost/SGNotify.WebApi/api/NotificationTasks/GetNotificationTasks)(Body:)(Username:Anonymous)
2017-04-12 12:40:57.4169 INFO (Method:GET)(Url:http://localhost/SGNotify.WebApi/api/NotificationTasks/GetNotificationTasks)(Body:)(Username:Anonymous)
2017-04-12 12:40:58.5693 INFO (Method:OPTIONS)(Url:http://localhost/SGNotify.WebApi/api/NotificationTasks/GetNotificationTask?id=6)(Body:)(Username:Anonymous)
2017-04-12 12:40:58.5793 INFO (Method:GET)(Url:http://localhost/SGNotify.WebApi/api/NotificationTasks/GetNotificationTask?id=6)(Body:)(Username:Anonymous)
2017-04-12 12:41:34.0828 INFO (Method:OPTIONS)(Url:http://localhost/SGNotify.WebApi/api/NotificationTasks/GetNotificationTasks)(Body:)(Username:Anonymous)
2017-04-12 12:41:34.0923 INFO (Method:GET)(Url:http://localhost/SGNotify.WebApi/api/NotificationTasks/GetNotificationTasks)(Body:)(Username:Anonymous)
2017-04-12 12:41:36.0151 INFO (Method:OPTIONS)(Url:http://localhost/SGNotify.WebApi/api/NotificationTasks/GetNotificationTask?id=6)(Body:)(Username:Anonymous)
2017-04-12 12:41:36.0246 INFO (Method:GET)(Url:http://localhost/SGNotify.WebApi/api/NotificationTasks/GetNotificationTask?id=6)(Body:)(Username:Anonymous)
2017-04-12 12:41:50.9356 INFO (Method:OPTIONS)(Url:http://localhost/SGNotify.WebApi/api/NotificationTasks/GetNotificationTasks)(Body:)(Username:Anonymous)
2017-04-12 12:41:50.9476 INFO (Method:GET)(Url:http://localhost/SGNotify.WebApi/api/NotificationTasks/GetNotificationTasks)(Body:)(Username:Anonymous)
2017-04-12 12:41:52.0834 INFO (Method:OPTIONS)(Url:http://localhost/SGNotify.WebApi/api/NotificationTasks/GetNotificationTask?id=6)(Body:)(Username:Anonymous)
2017-04-12 12:41:52.0961 INFO (Method:GET)(Url:http://localhost/SGNotify.WebApi/api/NotificationTasks/GetNotificationTask?id=6)(Body:)(Username:Anonymous)
2017-04-12 12:42:13.0682 INFO (Method:OPTIONS)(Url:http://localhost/SGNotify.WebApi/api/NotificationTasks/GetNotificationTasks)(Body:)(Username:Anonymous)
2017-04-12 12:42:13.0777 INFO (Method:GET)(Url:http://localhost/SGNotify.WebApi/api/NotificationTasks/GetNotificationTasks)(Body:)(Username:Anonymous)
2017-04-12 12:42:14.8314 INFO (Method:OPTIONS)(Url:http://localhost/SGNotify.WebApi/api/NotificationTasks/GetNotificationTask?id=6)(Body:)(Username:Anonymous)
2017-04-12 12:42:14.8414 INFO (Method:GET)(Url:http://localhost/SGNotify.WebApi/api/NotificationTasks/GetNotificationTask?id=6)(Body:)(Username:Anonymous)
2017-04-12 12:43:25.1554 INFO (Method:OPTIONS)(Url:http://localhost/SGNotify.WebApi/api/NotificationTasks/GetNotificationTasks)(Body:)(Username:Anonymous)
2017-04-12 12:43:25.1694 INFO (Method:GET)(Url:http://localhost/SGNotify.WebApi/api/NotificationTasks/GetNotificationTasks)(Body:)(Username:Anonymous)
2017-04-12 12:43:26.3680 INFO (Method:OPTIONS)(Url:http://localhost/SGNotify.WebApi/api/NotificationTasks/GetNotificationTask?id=5)(Body:)(Username:Anonymous)
2017-04-12 12:43:26.3680 INFO (Method:GET)(Url:http://localhost/SGNotify.WebApi/api/NotificationTasks/GetNotificationTask?id=5)(Body:)(Username:Anonymous)
2017-04-12 12:44:41.4337 INFO (Method:OPTIONS)(Url:http://localhost/SGNotify.WebApi/api/NotificationTasks/GetNotificationTasks)(Body:)(Username:Anonymous)
2017-04-12 12:44:41.4437 INFO (Method:GET)(Url:http://localhost/SGNotify.WebApi/api/NotificationTasks/GetNotificationTasks)(Body:)(Username:Anonymous)
2017-04-12 12:44:42.7509 INFO (Method:OPTIONS)(Url:http://localhost/SGNotify.WebApi/api/NotificationTasks/GetNotificationTask?id=5)(Body:)(Username:Anonymous)
2017-04-12 12:44:42.7614 INFO (Method:GET)(Url:http://localhost/SGNotify.WebApi/api/NotificationTasks/GetNotificationTask?id=5)(Body:)(Username:Anonymous)
2017-04-12 12:45:26.5342 INFO (Method:OPTIONS)(Url:http://localhost/SGNotify.WebApi/api/NotificationTasks/GetNotificationTasks)(Body:)(Username:Anonymous)
2017-04-12 12:45:26.5467 INFO (Method:GET)(Url:http://localhost/SGNotify.WebApi/api/NotificationTasks/GetNotificationTasks)(Body:)(Username:Anonymous)
2017-04-12 12:45:27.8994 INFO (Method:OPTIONS)(Url:http://localhost/SGNotify.WebApi/api/NotificationTasks/GetNotificationTask?id=6)(Body:)(Username:Anonymous)
2017-04-12 12:45:27.9114 INFO (Method:GET)(Url:http://localhost/SGNotify.WebApi/api/NotificationTasks/GetNotificationTask?id=6)(Body:)(Username:Anonymous)
2017-04-12 12:45:39.3965 INFO (Method:OPTIONS)(Url:http://localhost/SGNotify.WebApi/api/NotificationTasks/GetNotificationTasks)(Body:)(Username:Anonymous)
2017-04-12 12:45:39.3965 INFO (Method:GET)(Url:http://localhost/SGNotify.WebApi/api/NotificationTasks/GetNotificationTasks)(Body:)(Username:Anonymous)
2017-04-12 12:45:40.7788 INFO (Method:OPTIONS)(Url:http://localhost/SGNotify.WebApi/api/NotificationTasks/GetNotificationTask?id=6)(Body:)(Username:Anonymous)
2017-04-12 12:45:40.7883 INFO (Method:GET)(Url:http://localhost/SGNotify.WebApi/api/NotificationTasks/GetNotificationTask?id=6)(Body:)(Username:Anonymous)
2017-04-12 12:46:21.2303 INFO (Method:OPTIONS)(Url:http://localhost/SGNotify.WebApi/api/NotificationTasks/GetNotificationTasks)(Body:)(Username:Anonymous)
2017-04-12 12:46:21.2390 INFO (Method:GET)(Url:http://localhost/SGNotify.WebApi/api/NotificationTasks/GetNotificationTasks)(Body:)(Username:Anonymous)
2017-04-12 12:46:22.8308 INFO (Method:OPTIONS)(Url:http://localhost/SGNotify.WebApi/api/NotificationTasks/GetNotificationTask?id=6)(Body:)(Username:Anonymous)
2017-04-12 12:46:22.8408 INFO (Method:GET)(Url:http://localhost/SGNotify.WebApi/api/NotificationTasks/GetNotificationTask?id=6)(Body:)(Username:Anonymous)
2017-04-12 12:46:43.5960 INFO (Method:OPTIONS)(Url:http://localhost/SGNotify.WebApi/api/NotificationTasks/GetNotificationTasks)(Body:)(Username:Anonymous)
2017-04-12 12:46:43.6056 INFO (Method:GET)(Url:http://localhost/SGNotify.WebApi/api/NotificationTasks/GetNotificationTasks)(Body:)(Username:Anonymous)
2017-04-12 12:46:45.0285 INFO (Method:OPTIONS)(Url:http://localhost/SGNotify.WebApi/api/NotificationTasks/GetNotificationTask?id=6)(Body:)(Username:Anonymous)
2017-04-12 12:46:45.0388 INFO (Method:GET)(Url:http://localhost/SGNotify.WebApi/api/NotificationTasks/GetNotificationTask?id=6)(Body:)(Username:Anonymous)
2017-04-12 12:48:44.8324 INFO (Method:OPTIONS)(Url:http://localhost/SGNotify.WebApi/api/NotificationTasks/GetNotificationTasks)(Body:)(Username:Anonymous)
2017-04-12 12:48:44.8324 INFO (Method:GET)(Url:http://localhost/SGNotify.WebApi/api/NotificationTasks/GetNotificationTasks)(Body:)(Username:Anonymous)
2017-04-12 12:48:46.2137 INFO (Method:OPTIONS)(Url:http://localhost/SGNotify.WebApi/api/NotificationTasks/GetNotificationTask?id=6)(Body:)(Username:Anonymous)
2017-04-12 12:48:46.2242 INFO (Method:GET)(Url:http://localhost/SGNotify.WebApi/api/NotificationTasks/GetNotificationTask?id=6)(Body:)(Username:Anonymous)
2017-04-12 12:55:19.0460 INFO (Method:GET)(Url:http://localhost/SGNotify.WebApi/)(Body:)(Username:Anonymous)
2017-04-12 12:55:30.1064 INFO (Method:GET)(Url:http://localhost/SGNotify.WebApi/api/NotificationTasks/GetNotificationTask?id=1)(Body:)(Username:Anonymous)
2017-04-12 12:57:07.9174 INFO (Method:GET)(Url:http://localhost/SGNotify.WebApi/api/NotificationTasks/GetNotificationTask?id=1)(Body:)(Username:Anonymous)
2017-04-12 13:02:35.6962 INFO (Method:GET)(Url:http://localhost/SGNotify.WebApi/)(Body:)(Username:Anonymous)
2017-04-12 13:04:36.7160 INFO (Method:GET)(Url:http://localhost/SGNotify.WebApi/)(Body:)(Username:Anonymous)
2017-04-12 13:05:06.6494 INFO (Method:OPTIONS)(Url:http://localhost/SGNotify.WebApi/api/NotificationTasks/GetNotificationTask?id=6)(Body:)(Username:Anonymous)
2017-04-12 13:05:06.6964 INFO (Method:GET)(Url:http://localhost/SGNotify.WebApi/api/NotificationTasks/GetNotificationTask?id=6)(Body:)(Username:Anonymous)
2017-04-12 13:05:16.3220 INFO (Method:GET)(Url:http://localhost/SGNotify.WebApi/api/NotificationTasks/GetNotificationTask?id=1)(Body:)(Username:Anonymous)
2017-04-12 13:06:43.1291 INFO (Method:GET)(Url:http://localhost/SGNotify.WebApi/api/NotificationTasks/GetNotificationTask?id=1)(Body:)(Username:Anonymous)
2017-04-12 13:08:38.7022 INFO (Method:GET)(Url:http://localhost/SGNotify.WebApi/api/NotificationTasks/GetNotificationTask?id=1)(Body:)(Username:Anonymous)
2017-04-12 13:08:43.6413 INFO (Method:GET)(Url:http://localhost/SGNotify.WebApi/api/NotificationTasks/GetNotificationTask?id=1)(Body:)(Username:Anonymous)
2017-04-12 13:08:52.8266 INFO (Method:GET)(Url:http://localhost/SGNotify.WebApi/)(Body:)(Username:Anonymous)
2017-04-12 13:08:58.5373 INFO (Method:GET)(Url:http://localhost/SGNotify.WebApi/api/NotificationTasks/GetNotificationTask?id=1)(Body:)(Username:Anonymous)
2017-04-12 13:10:09.0152 INFO (Method:GET)(Url:http://localhost/SGNotify.WebApi/api/NotificationTasks/GetNotificationTask?id=1)(Body:)(Username:Anonymous)
2017-04-12 13:10:20.5963 INFO (Method:GET)(Url:http://localhost/SGNotify.WebApi/)(Body:)(Username:Anonymous)
2017-04-12 13:10:28.8632 INFO (Method:GET)(Url:http://localhost/SGNotify.WebApi/api/NotificationTasks/GetNotificationTask?id=1)(Body:)(Username:Anonymous)
2017-04-12 13:18:03.9488 INFO (Method:GET)(Url:http://localhost/SGNotify.WebApi/api/NotificationTasks/GetNotificationTask?id=1)(Body:)(Username:Anonymous)
2017-04-12 13:18:26.6256 INFO (Method:GET)(Url:http://localhost/SGNotify.WebApi/)(Body:)(Username:Anonymous)
2017-04-12 13:18:48.4453 INFO (Method:GET)(Url:http://localhost/SGNotify.WebApi/api/NotificationTasks/GetNotificationTask?id=1)(Body:)(Username:Anonymous)
2017-04-12 13:21:05.7358 INFO (Method:GET)(Url:http://localhost/SGNotify.WebApi/)(Body:)(Username:Anonymous)
2017-04-12 13:21:16.3407 INFO (Method:GET)(Url:http://localhost/SGNotify.WebApi/api/NotificationTasks/GetNotificationTask?id=1)(Body:)(Username:Anonymous)
2017-04-12 14:00:08.1516 INFO (Method:GET)(Url:http://localhost/SGNotify.WebApi/api/NotificationTasks/GetNotificationTask?id=1)(Body:)(Username:Anonymous)
2017-04-12 14:01:42.9823 INFO (Method:OPTIONS)(Url:http://localhost/SGNotify.WebApi/api/NotificationTasks/GetNotificationTasks)(Body:)(Username:Anonymous)
2017-04-12 14:01:43.0274 INFO (Method:GET)(Url:http://localhost/SGNotify.WebApi/api/NotificationTasks/GetNotificationTasks)(Body:)(Username:Anonymous)
2017-04-12 14:01:45.5378 INFO (Method:OPTIONS)(Url:http://localhost/SGNotify.WebApi/api/NotificationTasks/GetNotificationTask?id=6)(Body:)(Username:Anonymous)
2017-04-12 14:01:45.5583 INFO (Method:GET)(Url:http://localhost/SGNotify.WebApi/api/NotificationTasks/GetNotificationTask?id=6)(Body:)(Username:Anonymous)
2017-04-12 14:05:20.7796 INFO (Method:OPTIONS)(Url:http://localhost/SGNotify.WebApi/api/NotificationTasks/GetNotificationTasks)(Body:)(Username:Anonymous)
2017-04-12 14:05:20.7796 INFO (Method:GET)(Url:http://localhost/SGNotify.WebApi/api/NotificationTasks/GetNotificationTasks)(Body:)(Username:Anonymous)
2017-04-12 14:05:22.3279 INFO (Method:OPTIONS)(Url:http://localhost/SGNotify.WebApi/api/NotificationTasks/GetNotificationTask?id=5)(Body:)(Username:Anonymous)
2017-04-12 14:05:22.3279 INFO (Method:GET)(Url:http://localhost/SGNotify.WebApi/api/NotificationTasks/GetNotificationTask?id=5)(Body:)(Username:Anonymous)
2017-04-12 14:05:48.8865 INFO (Method:OPTIONS)(Url:http://localhost/SGNotify.WebApi/api/NotificationTasks/GetNotificationTask?id=1)(Body:)(Username:Anonymous)
2017-04-12 14:05:48.9051 INFO (Method:GET)(Url:http://localhost/SGNotify.WebApi/api/NotificationTasks/GetNotificationTask?id=1)(Body:)(Username:Anonymous)
2017-04-12 14:08:47.2114 INFO (Method:OPTIONS)(Url:http://localhost/SGNotify.WebApi/api/NotificationTasks/GetNotificationTask?id=5)(Body:)(Username:Anonymous)
2017-04-12 14:08:47.2229 INFO (Method:GET)(Url:http://localhost/SGNotify.WebApi/api/NotificationTasks/GetNotificationTask?id=5)(Body:)(Username:Anonymous)
2017-04-12 14:15:59.6756 INFO (Method:OPTIONS)(Url:http://localhost/SGNotify.WebApi/api/NotificationTasks/GetNotificationTasks)(Body:)(Username:Anonymous)
2017-04-12 14:15:59.6868 INFO (Method:GET)(Url:http://localhost/SGNotify.WebApi/api/NotificationTasks/GetNotificationTasks)(Body:)(Username:Anonymous)
2017-04-12 14:16:34.0883 INFO (Method:OPTIONS)(Url:http://localhost/SGNotify.WebApi/api/NotificationTasks/GetNotificationTasks)(Body:)(Username:Anonymous)
2017-04-12 14:16:34.0883 INFO (Method:GET)(Url:http://localhost/SGNotify.WebApi/api/NotificationTasks/GetNotificationTasks)(Body:)(Username:Anonymous)
2017-04-12 14:16:35.4112 INFO (Method:OPTIONS)(Url:http://localhost/SGNotify.WebApi/api/NotificationTasks/GetNotificationTask?id=5)(Body:)(Username:Anonymous)
2017-04-12 14:16:35.4347 INFO (Method:GET)(Url:http://localhost/SGNotify.WebApi/api/NotificationTasks/GetNotificationTask?id=5)(Body:)(Username:Anonymous)
2017-04-12 14:17:16.9414 INFO (Method:OPTIONS)(Url:http://localhost/SGNotify.WebApi/api/NotificationTasks/GetNotificationTask?id=1)(Body:)(Username:Anonymous)
2017-04-12 14:17:16.9540 INFO (Method:GET)(Url:http://localhost/SGNotify.WebApi/api/NotificationTasks/GetNotificationTask?id=1)(Body:)(Username:Anonymous)
2017-04-12 14:18:12.3995 INFO (Method:OPTIONS)(Url:http://localhost/SGNotify.WebApi/api/NotificationTasks/GetNotificationTasks)(Body:)(Username:Anonymous)
2017-04-12 14:18:12.4155 INFO (Method:GET)(Url:http://localhost/SGNotify.WebApi/api/NotificationTasks/GetNotificationTasks)(Body:)(Username:Anonymous)
2017-04-12 14:18:14.1408 INFO (Method:OPTIONS)(Url:http://localhost/SGNotify.WebApi/api/NotificationTasks/GetNotificationTask?id=1)(Body:)(Username:Anonymous)
2017-04-12 14:18:14.1518 INFO (Method:GET)(Url:http://localhost/SGNotify.WebApi/api/NotificationTasks/GetNotificationTask?id=1)(Body:)(Username:Anonymous)
2017-04-12 14:18:14.3881 INFO (Method:OPTIONS)(Url:http://localhost/SGNotify.WebApi/api/NotificationTaskUpdates/GetNotificationTaskUpdates?notificationTaskId=1)(Body:)(Username:Anonymous)
2017-04-12 14:18:14.4077 INFO (Method:GET)(Url:http://localhost/SGNotify.WebApi/api/NotificationTaskUpdates/GetNotificationTaskUpdates?notificationTaskId=1)(Body:)(Username:Anonymous)
2017-04-12 14:19:29.7982 INFO (Method:OPTIONS)(Url:http://localhost/SGNotify.WebApi/api/NotificationTasks/GetNotificationTask?id=1)(Body:)(Username:Anonymous)
2017-04-12 14:19:30.0085 INFO (Method:OPTIONS)(Url:http://localhost/SGNotify.WebApi/api/NotificationTaskUpdates/GetNotificationTaskUpdates?notificationTaskId=1)(Body:)(Username:Anonymous)
2017-04-12 14:19:30.2131 INFO (Method:GET)(Url:http://localhost/SGNotify.WebApi/api/NotificationTasks/GetNotificationTask?id=1)(Body:)(Username:Anonymous)
2017-04-12 14:19:30.2131 INFO (Method:GET)(Url:http://localhost/SGNotify.WebApi/api/NotificationTaskUpdates/GetNotificationTaskUpdates?notificationTaskId=1)(Body:)(Username:Anonymous)
2017-04-12 14:21:58.8190 INFO (Method:OPTIONS)(Url:http://localhost/SGNotify.WebApi/api/NotificationTasks/GetNotificationTasks)(Body:)(Username:Anonymous)
2017-04-12 14:21:59.1136 INFO (Method:GET)(Url:http://localhost/SGNotify.WebApi/api/NotificationTasks/GetNotificationTasks)(Body:)(Username:Anonymous)
2017-04-12 14:22:04.5560 INFO (Method:OPTIONS)(Url:http://localhost/SGNotify.WebApi/api/NotificationTasks/GetNotificationTask?id=1)(Body:)(Username:Anonymous)
2017-04-12 14:22:04.5803 INFO (Method:GET)(Url:http://localhost/SGNotify.WebApi/api/NotificationTasks/GetNotificationTask?id=1)(Body:)(Username:Anonymous)
2017-04-12 14:22:04.8411 INFO (Method:OPTIONS)(Url:http://localhost/SGNotify.WebApi/api/NotificationTaskUpdates/GetNotificationTaskUpdates?notificationTaskId=1)(Body:)(Username:Anonymous)
2017-04-12 14:22:04.8536 INFO (Method:GET)(Url:http://localhost/SGNotify.WebApi/api/NotificationTaskUpdates/GetNotificationTaskUpdates?notificationTaskId=1)(Body:)(Username:Anonymous)
2017-04-12 14:23:05.1037 INFO (Method:OPTIONS)(Url:http://localhost/SGNotify.WebApi/api/NotificationTasks/GetNotificationTasks)(Body:)(Username:Anonymous)
2017-04-12 14:23:05.1232 INFO (Method:GET)(Url:http://localhost/SGNotify.WebApi/api/NotificationTasks/GetNotificationTasks)(Body:)(Username:Anonymous)
2017-04-12 14:23:06.1766 INFO (Method:OPTIONS)(Url:http://localhost/SGNotify.WebApi/api/NotificationTasks/GetNotificationTask?id=1)(Body:)(Username:Anonymous)
2017-04-12 14:23:06.1956 INFO (Method:GET)(Url:http://localhost/SGNotify.WebApi/api/NotificationTasks/GetNotificationTask?id=1)(Body:)(Username:Anonymous)
2017-04-12 14:23:06.4441 INFO (Method:OPTIONS)(Url:http://localhost/SGNotify.WebApi/api/NotificationTaskUpdates/GetNotificationTaskUpdates?notificationTaskId=1)(Body:)(Username:Anonymous)
2017-04-12 14:23:06.5371 INFO (Method:GET)(Url:http://localhost/SGNotify.WebApi/api/NotificationTaskUpdates/GetNotificationTaskUpdates?notificationTaskId=1)(Body:)(Username:Anonymous)
2017-04-12 14:24:31.9738 INFO (Method:OPTIONS)(Url:http://localhost/SGNotify.WebApi/api/NotificationTasks/GetNotificationTasks)(Body:)(Username:Anonymous)
2017-04-12 14:24:31.9852 INFO (Method:GET)(Url:http://localhost/SGNotify.WebApi/api/NotificationTasks/GetNotificationTasks)(Body:)(Username:Anonymous)
2017-04-12 14:24:33.3916 INFO (Method:OPTIONS)(Url:http://localhost/SGNotify.WebApi/api/NotificationTasks/GetNotificationTask?id=1)(Body:)(Username:Anonymous)
2017-04-12 14:24:33.4066 INFO (Method:GET)(Url:http://localhost/SGNotify.WebApi/api/NotificationTasks/GetNotificationTask?id=1)(Body:)(Username:Anonymous)
2017-04-12 14:24:33.5981 INFO (Method:OPTIONS)(Url:http://localhost/SGNotify.WebApi/api/NotificationTaskUpdates/GetNotificationTaskUpdates?notificationTaskId=1)(Body:)(Username:Anonymous)
2017-04-12 14:24:33.6121 INFO (Method:GET)(Url:http://localhost/SGNotify.WebApi/api/NotificationTaskUpdates/GetNotificationTaskUpdates?notificationTaskId=1)(Body:)(Username:Anonymous)
2017-04-12 14:25:22.8369 INFO (Method:OPTIONS)(Url:http://localhost/SGNotify.WebApi/api/NotificationTasks/GetNotificationTasks)(Body:)(Username:Anonymous)
2017-04-12 14:25:23.2181 INFO (Method:GET)(Url:http://localhost/SGNotify.WebApi/api/NotificationTasks/GetNotificationTasks)(Body:)(Username:Anonymous)
2017-04-12 14:25:28.5687 INFO (Method:OPTIONS)(Url:http://localhost/SGNotify.WebApi/api/NotificationTasks/GetNotificationTask?id=1)(Body:)(Username:Anonymous)
2017-04-12 14:25:28.5949 INFO (Method:GET)(Url:http://localhost/SGNotify.WebApi/api/NotificationTasks/GetNotificationTask?id=1)(Body:)(Username:Anonymous)
2017-04-12 14:25:28.8830 INFO (Method:OPTIONS)(Url:http://localhost/SGNotify.WebApi/api/NotificationTaskUpdates/GetNotificationTaskUpdates?notificationTaskId=1)(Body:)(Username:Anonymous)
2017-04-12 14:25:28.8830 INFO (Method:GET)(Url:http://localhost/SGNotify.WebApi/api/NotificationTaskUpdates/GetNotificationTaskUpdates?notificationTaskId=1)(Body:)(Username:Anonymous)
2017-04-12 14:26:25.0487 INFO (Method:OPTIONS)(Url:http://localhost/SGNotify.WebApi/api/NotificationTasks/GetNotificationTasks)(Body:)(Username:Anonymous)
2017-04-12 14:26:25.0714 INFO (Method:GET)(Url:http://localhost/SGNotify.WebApi/api/NotificationTasks/GetNotificationTasks)(Body:)(Username:Anonymous)
2017-04-12 14:26:26.9563 INFO (Method:OPTIONS)(Url:http://localhost/SGNotify.WebApi/api/NotificationTasks/GetNotificationTask?id=1)(Body:)(Username:Anonymous)
2017-04-12 14:26:26.9875 INFO (Method:GET)(Url:http://localhost/SGNotify.WebApi/api/NotificationTasks/GetNotificationTask?id=1)(Body:)(Username:Anonymous)
2017-04-12 14:26:27.2030 INFO (Method:OPTIONS)(Url:http://localhost/SGNotify.WebApi/api/NotificationTaskUpdates/GetNotificationTaskUpdates?notificationTaskId=1)(Body:)(Username:Anonymous)
2017-04-12 14:26:27.2162 INFO (Method:GET)(Url:http://localhost/SGNotify.WebApi/api/NotificationTaskUpdates/GetNotificationTaskUpdates?notificationTaskId=1)(Body:)(Username:Anonymous)
2017-04-12 14:27:25.9060 INFO (Method:OPTIONS)(Url:http://localhost/SGNotify.WebApi/api/NotificationTasks/GetNotificationTasks)(Body:)(Username:Anonymous)
2017-04-12 14:27:25.9179 INFO (Method:GET)(Url:http://localhost/SGNotify.WebApi/api/NotificationTasks/GetNotificationTasks)(Body:)(Username:Anonymous)
2017-04-12 14:27:27.2865 INFO (Method:OPTIONS)(Url:http://localhost/SGNotify.WebApi/api/NotificationTasks/GetNotificationTask?id=1)(Body:)(Username:Anonymous)
2017-04-12 14:27:27.2865 INFO (Method:GET)(Url:http://localhost/SGNotify.WebApi/api/NotificationTasks/GetNotificationTask?id=1)(Body:)(Username:Anonymous)
2017-04-12 14:27:27.8689 INFO (Method:OPTIONS)(Url:http://localhost/SGNotify.WebApi/api/NotificationTaskUpdates/GetNotificationTaskUpdates?notificationTaskId=1)(Body:)(Username:Anonymous)
2017-04-12 14:27:27.8689 INFO (Method:GET)(Url:http://localhost/SGNotify.WebApi/api/NotificationTaskUpdates/GetNotificationTaskUpdates?notificationTaskId=1)(Body:)(Username:Anonymous)
2017-04-12 14:29:27.2038 INFO (Method:OPTIONS)(Url:http://localhost/SGNotify.WebApi/api/NotificationTasks/GetNotificationTasks)(Body:)(Username:Anonymous)
2017-04-12 14:29:27.2211 INFO (Method:GET)(Url:http://localhost/SGNotify.WebApi/api/NotificationTasks/GetNotificationTasks)(Body:)(Username:Anonymous)
2017-04-12 14:29:29.0670 INFO (Method:OPTIONS)(Url:http://localhost/SGNotify.WebApi/api/NotificationTasks/GetNotificationTask?id=1)(Body:)(Username:Anonymous)
2017-04-12 14:29:29.0670 INFO (Method:GET)(Url:http://localhost/SGNotify.WebApi/api/NotificationTasks/GetNotificationTask?id=1)(Body:)(Username:Anonymous)
2017-04-12 14:29:29.6503 INFO (Method:OPTIONS)(Url:http://localhost/SGNotify.WebApi/api/NotificationTaskUpdates/GetNotificationTaskUpdates?notificationTaskId=1)(Body:)(Username:Anonymous)
2017-04-12 14:29:29.6610 INFO (Method:GET)(Url:http://localhost/SGNotify.WebApi/api/NotificationTaskUpdates/GetNotificationTaskUpdates?notificationTaskId=1)(Body:)(Username:Anonymous)
2017-04-12 14:32:03.6656 INFO (Method:OPTIONS)(Url:http://localhost/SGNotify.WebApi/api/NotificationTasks/GetNotificationTasks)(Body:)(Username:Anonymous)
2017-04-12 14:32:03.6755 INFO (Method:GET)(Url:http://localhost/SGNotify.WebApi/api/NotificationTasks/GetNotificationTasks)(Body:)(Username:Anonymous)
2017-04-12 14:32:05.0306 INFO (Method:OPTIONS)(Url:http://localhost/SGNotify.WebApi/api/NotificationTasks/GetNotificationTask?id=1)(Body:)(Username:Anonymous)
2017-04-12 14:32:05.0306 INFO (Method:GET)(Url:http://localhost/SGNotify.WebApi/api/NotificationTasks/GetNotificationTask?id=1)(Body:)(Username:Anonymous)
2017-04-12 14:32:05.5965 INFO (Method:OPTIONS)(Url:http://localhost/SGNotify.WebApi/api/NotificationTaskUpdates/GetNotificationTaskUpdates?notificationTaskId=1)(Body:)(Username:Anonymous)
2017-04-12 14:32:05.5965 INFO (Method:GET)(Url:http://localhost/SGNotify.WebApi/api/NotificationTaskUpdates/GetNotificationTaskUpdates?notificationTaskId=1)(Body:)(Username:Anonymous)
2017-04-12 14:32:47.1613 INFO (Method:OPTIONS)(Url:http://localhost/SGNotify.WebApi/api/NotificationTasks/GetNotificationTask?id=1)(Body:)(Username:Anonymous)
2017-04-12 14:32:47.1710 INFO (Method:GET)(Url:http://localhost/SGNotify.WebApi/api/NotificationTasks/GetNotificationTask?id=1)(Body:)(Username:Anonymous)
2017-04-12 14:32:47.7249 INFO (Method:OPTIONS)(Url:http://localhost/SGNotify.WebApi/api/NotificationTaskUpdates/GetNotificationTaskUpdates?notificationTaskId=1)(Body:)(Username:Anonymous)
2017-04-12 14:32:47.7475 INFO (Method:GET)(Url:http://localhost/SGNotify.WebApi/api/NotificationTaskUpdates/GetNotificationTaskUpdates?notificationTaskId=1)(Body:)(Username:Anonymous)
2017-04-12 14:33:30.0998 INFO (Method:OPTIONS)(Url:http://localhost/SGNotify.WebApi/api/NotificationTasks/GetNotificationTask?id=1)(Body:)(Username:Anonymous)
2017-04-12 14:33:30.1155 INFO (Method:GET)(Url:http://localhost/SGNotify.WebApi/api/NotificationTasks/GetNotificationTask?id=1)(Body:)(Username:Anonymous)
2017-04-12 14:33:30.6667 INFO (Method:OPTIONS)(Url:http://localhost/SGNotify.WebApi/api/NotificationTaskUpdates/GetNotificationTaskUpdates?notificationTaskId=1)(Body:)(Username:Anonymous)
2017-04-12 14:33:30.6859 INFO (Method:GET)(Url:http://localhost/SGNotify.WebApi/api/NotificationTaskUpdates/GetNotificationTaskUpdates?notificationTaskId=1)(Body:)(Username:Anonymous)
2017-04-12 14:34:15.1321 INFO (Method:OPTIONS)(Url:http://localhost/SGNotify.WebApi/api/NotificationTasks/GetNotificationTasks)(Body:)(Username:Anonymous)
2017-04-12 14:34:15.1436 INFO (Method:GET)(Url:http://localhost/SGNotify.WebApi/api/NotificationTasks/GetNotificationTasks)(Body:)(Username:Anonymous)
2017-04-12 14:34:16.6925 INFO (Method:OPTIONS)(Url:http://localhost/SGNotify.WebApi/api/NotificationTasks/GetNotificationTask?id=1)(Body:)(Username:Anonymous)
2017-04-12 14:34:16.7133 INFO (Method:GET)(Url:http://localhost/SGNotify.WebApi/api/NotificationTasks/GetNotificationTask?id=1)(Body:)(Username:Anonymous)
2017-04-12 14:34:17.2620 INFO (Method:OPTIONS)(Url:http://localhost/SGNotify.WebApi/api/NotificationTaskUpdates/GetNotificationTaskUpdates?notificationTaskId=1)(Body:)(Username:Anonymous)
2017-04-12 14:34:17.2752 INFO (Method:GET)(Url:http://localhost/SGNotify.WebApi/api/NotificationTaskUpdates/GetNotificationTaskUpdates?notificationTaskId=1)(Body:)(Username:Anonymous)
2017-04-12 14:34:50.3626 INFO (Method:OPTIONS)(Url:http://localhost/SGNotify.WebApi/api/NotificationTasks/GetNotificationTasks)(Body:)(Username:Anonymous)
2017-04-12 14:34:50.3857 INFO (Method:GET)(Url:http://localhost/SGNotify.WebApi/api/NotificationTasks/GetNotificationTasks)(Body:)(Username:Anonymous)
2017-04-12 14:34:51.8819 INFO (Method:OPTIONS)(Url:http://localhost/SGNotify.WebApi/api/NotificationTasks/GetNotificationTask?id=1)(Body:)(Username:Anonymous)
2017-04-12 14:34:51.9009 INFO (Method:GET)(Url:http://localhost/SGNotify.WebApi/api/NotificationTasks/GetNotificationTask?id=1)(Body:)(Username:Anonymous)
2017-04-12 14:34:52.5280 INFO (Method:OPTIONS)(Url:http://localhost/SGNotify.WebApi/api/NotificationTaskUpdates/GetNotificationTaskUpdates?notificationTaskId=1)(Body:)(Username:Anonymous)
2017-04-12 14:34:52.5280 INFO (Method:GET)(Url:http://localhost/SGNotify.WebApi/api/NotificationTaskUpdates/GetNotificationTaskUpdates?notificationTaskId=1)(Body:)(Username:Anonymous)
2017-04-12 14:36:21.5290 INFO (Method:OPTIONS)(Url:http://localhost/SGNotify.WebApi/api/NotificationTasks/GetNotificationTasks)(Body:)(Username:Anonymous)
2017-04-12 14:36:21.5290 INFO (Method:GET)(Url:http://localhost/SGNotify.WebApi/api/NotificationTasks/GetNotificationTasks)(Body:)(Username:Anonymous)
2017-04-12 14:36:22.8850 INFO (Method:OPTIONS)(Url:http://localhost/SGNotify.WebApi/api/NotificationTasks/GetNotificationTask?id=1)(Body:)(Username:Anonymous)
2017-04-12 14:36:22.9365 INFO (Method:GET)(Url:http://localhost/SGNotify.WebApi/api/NotificationTasks/GetNotificationTask?id=1)(Body:)(Username:Anonymous)
2017-04-12 14:36:23.5640 INFO (Method:OPTIONS)(Url:http://localhost/SGNotify.WebApi/api/NotificationTaskUpdates/GetNotificationTaskUpdates?notificationTaskId=1)(Body:)(Username:Anonymous)
2017-04-12 14:36:23.5820 INFO (Method:GET)(Url:http://localhost/SGNotify.WebApi/api/NotificationTaskUpdates/GetNotificationTaskUpdates?notificationTaskId=1)(Body:)(Username:Anonymous)
2017-04-12 14:36:59.3645 INFO (Method:OPTIONS)(Url:http://localhost/SGNotify.WebApi/api/NotificationTasks/GetNotificationTasks)(Body:)(Username:Anonymous)
2017-04-12 14:36:59.3762 INFO (Method:GET)(Url:http://localhost/SGNotify.WebApi/api/NotificationTasks/GetNotificationTasks)(Body:)(Username:Anonymous)
2017-04-12 14:37:00.8935 INFO (Method:OPTIONS)(Url:http://localhost/SGNotify.WebApi/api/NotificationTasks/GetNotificationTask?id=1)(Body:)(Username:Anonymous)
2017-04-12 14:37:00.9043 INFO (Method:GET)(Url:http://localhost/SGNotify.WebApi/api/NotificationTasks/GetNotificationTask?id=1)(Body:)(Username:Anonymous)
2017-04-12 14:37:01.4460 INFO (Method:OPTIONS)(Url:http://localhost/SGNotify.WebApi/api/NotificationTaskUpdates/GetNotificationTaskUpdates?notificationTaskId=1)(Body:)(Username:Anonymous)
2017-04-12 14:37:01.4560 INFO (Method:GET)(Url:http://localhost/SGNotify.WebApi/api/NotificationTaskUpdates/GetNotificationTaskUpdates?notificationTaskId=1)(Body:)(Username:Anonymous)
2017-04-12 14:37:37.1464 INFO (Method:OPTIONS)(Url:http://localhost/SGNotify.WebApi/api/NotificationTasks/GetNotificationTasks)(Body:)(Username:Anonymous)
2017-04-12 14:37:37.1569 INFO (Method:GET)(Url:http://localhost/SGNotify.WebApi/api/NotificationTasks/GetNotificationTasks)(Body:)(Username:Anonymous)
2017-04-12 14:37:39.1118 INFO (Method:OPTIONS)(Url:http://localhost/SGNotify.WebApi/api/NotificationTasks/GetNotificationTask?id=1)(Body:)(Username:Anonymous)
2017-04-12 14:37:39.1229 INFO (Method:GET)(Url:http://localhost/SGNotify.WebApi/api/NotificationTasks/GetNotificationTask?id=1)(Body:)(Username:Anonymous)
2017-04-12 14:37:39.6943 INFO (Method:OPTIONS)(Url:http://localhost/SGNotify.WebApi/api/NotificationTaskUpdates/GetNotificationTaskUpdates?notificationTaskId=1)(Body:)(Username:Anonymous)
2017-04-12 14:37:39.7058 INFO (Method:GET)(Url:http://localhost/SGNotify.WebApi/api/NotificationTaskUpdates/GetNotificationTaskUpdates?notificationTaskId=1)(Body:)(Username:Anonymous)
2017-04-12 14:38:02.0439 INFO (Method:OPTIONS)(Url:http://localhost/SGNotify.WebApi/api/NotificationTasks/GetNotificationTasks)(Body:)(Username:Anonymous)
2017-04-12 14:38:02.0439 INFO (Method:GET)(Url:http://localhost/SGNotify.WebApi/api/NotificationTasks/GetNotificationTasks)(Body:)(Username:Anonymous)
2017-04-12 14:38:03.6466 INFO (Method:OPTIONS)(Url:http://localhost/SGNotify.WebApi/api/NotificationTasks/GetNotificationTask?id=1)(Body:)(Username:Anonymous)
2017-04-12 14:38:03.6646 INFO (Method:GET)(Url:http://localhost/SGNotify.WebApi/api/NotificationTasks/GetNotificationTask?id=1)(Body:)(Username:Anonymous)
2017-04-12 14:38:04.3886 INFO (Method:OPTIONS)(Url:http://localhost/SGNotify.WebApi/api/NotificationTaskUpdates/GetNotificationTaskUpdates?notificationTaskId=1)(Body:)(Username:Anonymous)
2017-04-12 14:38:04.4041 INFO (Method:GET)(Url:http://localhost/SGNotify.WebApi/api/NotificationTaskUpdates/GetNotificationTaskUpdates?notificationTaskId=1)(Body:)(Username:Anonymous)
2017-04-12 14:38:16.1773 INFO (Method:OPTIONS)(Url:http://localhost/SGNotify.WebApi/api/NotificationTasks/GetNotificationTask?id=1)(Body:)(Username:Anonymous)
2017-04-12 14:38:16.1880 INFO (Method:GET)(Url:http://localhost/SGNotify.WebApi/api/NotificationTasks/GetNotificationTask?id=1)(Body:)(Username:Anonymous)
2017-04-12 14:38:16.7413 INFO (Method:OPTIONS)(Url:http://localhost/SGNotify.WebApi/api/NotificationTaskUpdates/GetNotificationTaskUpdates?notificationTaskId=1)(Body:)(Username:Anonymous)
2017-04-12 14:38:16.7520 INFO (Method:GET)(Url:http://localhost/SGNotify.WebApi/api/NotificationTaskUpdates/GetNotificationTaskUpdates?notificationTaskId=1)(Body:)(Username:Anonymous)
2017-04-12 14:38:49.0802 INFO (Method:OPTIONS)(Url:http://localhost/SGNotify.WebApi/api/NotificationTasks/GetNotificationTasks)(Body:)(Username:Anonymous)
2017-04-12 14:38:49.0911 INFO (Method:GET)(Url:http://localhost/SGNotify.WebApi/api/NotificationTasks/GetNotificationTasks)(Body:)(Username:Anonymous)
2017-04-12 14:38:50.7475 INFO (Method:OPTIONS)(Url:http://localhost/SGNotify.WebApi/api/NotificationTasks/GetNotificationTask?id=1)(Body:)(Username:Anonymous)
2017-04-12 14:38:50.7690 INFO (Method:GET)(Url:http://localhost/SGNotify.WebApi/api/NotificationTasks/GetNotificationTask?id=1)(Body:)(Username:Anonymous)
2017-04-12 14:38:51.3935 INFO (Method:OPTIONS)(Url:http://localhost/SGNotify.WebApi/api/NotificationTaskUpdates/GetNotificationTaskUpdates?notificationTaskId=1)(Body:)(Username:Anonymous)
2017-04-12 14:38:51.4070 INFO (Method:GET)(Url:http://localhost/SGNotify.WebApi/api/NotificationTaskUpdates/GetNotificationTaskUpdates?notificationTaskId=1)(Body:)(Username:Anonymous)
2017-04-12 14:39:17.7113 INFO (Method:OPTIONS)(Url:http://localhost/SGNotify.WebApi/api/NotificationTasks/GetNotificationTasks)(Body:)(Username:Anonymous)
2017-04-12 14:39:17.7209 INFO (Method:GET)(Url:http://localhost/SGNotify.WebApi/api/NotificationTasks/GetNotificationTasks)(Body:)(Username:Anonymous)
2017-04-12 14:39:18.7208 INFO (Method:OPTIONS)(Url:http://localhost/SGNotify.WebApi/api/NotificationTasks/GetNotificationTask?id=1)(Body:)(Username:Anonymous)
2017-04-12 14:39:18.7343 INFO (Method:GET)(Url:http://localhost/SGNotify.WebApi/api/NotificationTasks/GetNotificationTask?id=1)(Body:)(Username:Anonymous)
2017-04-12 14:39:19.3085 INFO (Method:OPTIONS)(Url:http://localhost/SGNotify.WebApi/api/NotificationTaskUpdates/GetNotificationTaskUpdates?notificationTaskId=1)(Body:)(Username:Anonymous)
2017-04-12 14:39:19.3085 INFO (Method:GET)(Url:http://localhost/SGNotify.WebApi/api/NotificationTaskUpdates/GetNotificationTaskUpdates?notificationTaskId=1)(Body:)(Username:Anonymous)
2017-04-12 14:39:36.4763 INFO (Method:OPTIONS)(Url:http://localhost/SGNotify.WebApi/api/NotificationTasks/GetNotificationTasks)(Body:)(Username:Anonymous)
2017-04-12 14:39:36.4863 INFO (Method:GET)(Url:http://localhost/SGNotify.WebApi/api/NotificationTasks/GetNotificationTasks)(Body:)(Username:Anonymous)
2017-04-12 14:39:37.6972 INFO (Method:OPTIONS)(Url:http://localhost/SGNotify.WebApi/api/NotificationTasks/GetNotificationTask?id=1)(Body:)(Username:Anonymous)
2017-04-12 14:39:37.7127 INFO (Method:GET)(Url:http://localhost/SGNotify.WebApi/api/NotificationTasks/GetNotificationTask?id=1)(Body:)(Username:Anonymous)
2017-04-12 14:39:38.3142 INFO (Method:OPTIONS)(Url:http://localhost/SGNotify.WebApi/api/NotificationTaskUpdates/GetNotificationTaskUpdates?notificationTaskId=1)(Body:)(Username:Anonymous)
2017-04-12 14:39:38.3302 INFO (Method:GET)(Url:http://localhost/SGNotify.WebApi/api/NotificationTaskUpdates/GetNotificationTaskUpdates?notificationTaskId=1)(Body:)(Username:Anonymous)
2017-04-12 14:40:01.0934 INFO (Method:OPTIONS)(Url:http://localhost/SGNotify.WebApi/api/NotificationTasks/GetNotificationTasks)(Body:)(Username:Anonymous)
2017-04-12 14:40:01.1039 INFO (Method:GET)(Url:http://localhost/SGNotify.WebApi/api/NotificationTasks/GetNotificationTasks)(Body:)(Username:Anonymous)
2017-04-12 14:40:03.2264 INFO (Method:OPTIONS)(Url:http://localhost/SGNotify.WebApi/api/NotificationTasks/GetNotificationTask?id=1)(Body:)(Username:Anonymous)
2017-04-12 14:40:03.2374 INFO (Method:GET)(Url:http://localhost/SGNotify.WebApi/api/NotificationTasks/GetNotificationTask?id=1)(Body:)(Username:Anonymous)
2017-04-12 14:40:03.7910 INFO (Method:OPTIONS)(Url:http://localhost/SGNotify.WebApi/api/NotificationTaskUpdates/GetNotificationTaskUpdates?notificationTaskId=1)(Body:)(Username:Anonymous)
2017-04-12 14:40:03.8028 INFO (Method:GET)(Url:http://localhost/SGNotify.WebApi/api/NotificationTaskUpdates/GetNotificationTaskUpdates?notificationTaskId=1)(Body:)(Username:Anonymous)
2017-04-12 14:41:03.2107 INFO (Method:OPTIONS)(Url:http://localhost/SGNotify.WebApi/api/NotificationTasks/GetNotificationTasks)(Body:)(Username:Anonymous)
2017-04-12 14:41:03.2207 INFO (Method:GET)(Url:http://localhost/SGNotify.WebApi/api/NotificationTasks/GetNotificationTasks)(Body:)(Username:Anonymous)
2017-04-12 14:41:04.9455 INFO (Method:OPTIONS)(Url:http://localhost/SGNotify.WebApi/api/NotificationTasks/GetNotificationTask?id=1)(Body:)(Username:Anonymous)
2017-04-12 14:41:04.9585 INFO (Method:GET)(Url:http://localhost/SGNotify.WebApi/api/NotificationTasks/GetNotificationTask?id=1)(Body:)(Username:Anonymous)
2017-04-12 14:41:05.5101 INFO (Method:OPTIONS)(Url:http://localhost/SGNotify.WebApi/api/NotificationTaskUpdates/GetNotificationTaskUpdates?notificationTaskId=1)(Body:)(Username:Anonymous)
2017-04-12 14:41:05.5101 INFO (Method:GET)(Url:http://localhost/SGNotify.WebApi/api/NotificationTaskUpdates/GetNotificationTaskUpdates?notificationTaskId=1)(Body:)(Username:Anonymous)
2017-04-12 14:41:22.5094 INFO (Method:OPTIONS)(Url:http://localhost/SGNotify.WebApi/api/NotificationTasks/GetNotificationTasks)(Body:)(Username:Anonymous)
2017-04-12 14:41:22.5197 INFO (Method:GET)(Url:http://localhost/SGNotify.WebApi/api/NotificationTasks/GetNotificationTasks)(Body:)(Username:Anonymous)
2017-04-12 14:41:24.0609 INFO (Method:OPTIONS)(Url:http://localhost/SGNotify.WebApi/api/NotificationTasks/GetNotificationTask?id=1)(Body:)(Username:Anonymous)
2017-04-12 14:41:24.0729 INFO (Method:GET)(Url:http://localhost/SGNotify.WebApi/api/NotificationTasks/GetNotificationTask?id=1)(Body:)(Username:Anonymous)
2017-04-12 14:41:24.6809 INFO (Method:OPTIONS)(Url:http://localhost/SGNotify.WebApi/api/NotificationTaskUpdates/GetNotificationTaskUpdates?notificationTaskId=1)(Body:)(Username:Anonymous)
2017-04-12 14:41:24.6919 INFO (Method:GET)(Url:http://localhost/SGNotify.WebApi/api/NotificationTaskUpdates/GetNotificationTaskUpdates?notificationTaskId=1)(Body:)(Username:Anonymous)
2017-04-12 14:42:28.4798 INFO (Method:OPTIONS)(Url:http://localhost/SGNotify.WebApi/api/NotificationTasks/GetNotificationTasks)(Body:)(Username:Anonymous)
2017-04-12 14:42:28.4798 INFO (Method:GET)(Url:http://localhost/SGNotify.WebApi/api/NotificationTasks/GetNotificationTasks)(Body:)(Username:Anonymous)
2017-04-12 14:42:30.5122 INFO (Method:OPTIONS)(Url:http://localhost/SGNotify.WebApi/api/NotificationTasks/GetNotificationTask?id=1)(Body:)(Username:Anonymous)
2017-04-12 14:42:30.5287 INFO (Method:GET)(Url:http://localhost/SGNotify.WebApi/api/NotificationTasks/GetNotificationTask?id=1)(Body:)(Username:Anonymous)
2017-04-12 14:42:31.1292 INFO (Method:OPTIONS)(Url:http://localhost/SGNotify.WebApi/api/NotificationTaskUpdates/GetNotificationTaskUpdates?notificationTaskId=1)(Body:)(Username:Anonymous)
2017-04-12 14:42:31.1472 INFO (Method:GET)(Url:http://localhost/SGNotify.WebApi/api/NotificationTaskUpdates/GetNotificationTaskUpdates?notificationTaskId=1)(Body:)(Username:Anonymous)
2017-04-12 14:42:40.7072 INFO (Method:OPTIONS)(Url:http://localhost/SGNotify.WebApi/api/NotificationTasks/GetNotificationTask?id=5)(Body:)(Username:Anonymous)
2017-04-12 14:42:40.7178 INFO (Method:GET)(Url:http://localhost/SGNotify.WebApi/api/NotificationTasks/GetNotificationTask?id=5)(Body:)(Username:Anonymous)
2017-04-12 14:42:41.2925 INFO (Method:OPTIONS)(Url:http://localhost/SGNotify.WebApi/api/NotificationTaskUpdates/GetNotificationTaskUpdates?notificationTaskId=5)(Body:)(Username:Anonymous)
2017-04-12 14:42:41.2925 INFO (Method:GET)(Url:http://localhost/SGNotify.WebApi/api/NotificationTaskUpdates/GetNotificationTaskUpdates?notificationTaskId=5)(Body:)(Username:Anonymous)
2017-04-12 14:43:36.4949 INFO (Method:OPTIONS)(Url:http://localhost/SGNotify.WebApi/api/NotificationTasks/GetNotificationTasks)(Body:)(Username:Anonymous)
2017-04-12 14:43:36.4949 INFO (Method:GET)(Url:http://localhost/SGNotify.WebApi/api/NotificationTasks/GetNotificationTasks)(Body:)(Username:Anonymous)
2017-04-12 14:43:38.8751 INFO (Method:OPTIONS)(Url:http://localhost/SGNotify.WebApi/api/NotificationTasks/GetNotificationTask?id=1)(Body:)(Username:Anonymous)
2017-04-12 14:43:38.8861 INFO (Method:GET)(Url:http://localhost/SGNotify.WebApi/api/NotificationTasks/GetNotificationTask?id=1)(Body:)(Username:Anonymous)
2017-04-12 14:43:39.4445 INFO (Method:OPTIONS)(Url:http://localhost/SGNotify.WebApi/api/NotificationTaskUpdates/GetNotificationTaskUpdates?notificationTaskId=1)(Body:)(Username:Anonymous)
2017-04-12 14:43:39.4580 INFO (Method:GET)(Url:http://localhost/SGNotify.WebApi/api/NotificationTaskUpdates/GetNotificationTaskUpdates?notificationTaskId=1)(Body:)(Username:Anonymous)
2017-04-12 14:53:57.1609 INFO (Method:OPTIONS)(Url:http://localhost/SGNotify.WebApi/api/NotificationTasks/GetNotificationTasks)(Body:)(Username:Anonymous)
2017-04-12 14:53:57.1835 INFO (Method:GET)(Url:http://localhost/SGNotify.WebApi/api/NotificationTasks/GetNotificationTasks)(Body:)(Username:Anonymous)
2017-04-12 14:53:59.1530 INFO (Method:OPTIONS)(Url:http://localhost/SGNotify.WebApi/api/NotificationTasks/GetNotificationTask?id=1)(Body:)(Username:Anonymous)
2017-04-12 14:53:59.1644 INFO (Method:GET)(Url:http://localhost/SGNotify.WebApi/api/NotificationTasks/GetNotificationTask?id=1)(Body:)(Username:Anonymous)
2017-04-12 14:53:59.7681 INFO (Method:OPTIONS)(Url:http://localhost/SGNotify.WebApi/api/NotificationTaskUpdates/GetNotificationTaskUpdates?notificationTaskId=1)(Body:)(Username:Anonymous)
2017-04-12 14:53:59.7681 INFO (Method:GET)(Url:http://localhost/SGNotify.WebApi/api/NotificationTaskUpdates/GetNotificationTaskUpdates?notificationTaskId=1)(Body:)(Username:Anonymous)
2017-04-12 14:54:42.6097 INFO (Method:OPTIONS)(Url:http://localhost/SGNotify.WebApi/api/NotificationTasks/GetNotificationTasks)(Body:)(Username:Anonymous)
2017-04-12 14:54:42.6223 INFO (Method:GET)(Url:http://localhost/SGNotify.WebApi/api/NotificationTasks/GetNotificationTasks)(Body:)(Username:Anonymous)
2017-04-12 14:54:43.7712 INFO (Method:OPTIONS)(Url:http://localhost/SGNotify.WebApi/api/NotificationTasks/GetNotificationTask?id=1)(Body:)(Username:Anonymous)
2017-04-12 14:54:43.7862 INFO (Method:GET)(Url:http://localhost/SGNotify.WebApi/api/NotificationTasks/GetNotificationTask?id=1)(Body:)(Username:Anonymous)
2017-04-12 14:54:44.3343 INFO (Method:OPTIONS)(Url:http://localhost/SGNotify.WebApi/api/NotificationTaskUpdates/GetNotificationTaskUpdates?notificationTaskId=1)(Body:)(Username:Anonymous)
2017-04-12 14:54:44.3458 INFO (Method:GET)(Url:http://localhost/SGNotify.WebApi/api/NotificationTaskUpdates/GetNotificationTaskUpdates?notificationTaskId=1)(Body:)(Username:Anonymous)
2017-04-12 14:55:02.3545 INFO (Method:OPTIONS)(Url:http://localhost/SGNotify.WebApi/api/NotificationTasks/GetNotificationTasks)(Body:)(Username:Anonymous)
2017-04-12 14:55:02.3717 INFO (Method:GET)(Url:http://localhost/SGNotify.WebApi/api/NotificationTasks/GetNotificationTasks)(Body:)(Username:Anonymous)
2017-04-12 14:55:04.6513 INFO (Method:OPTIONS)(Url:http://localhost/SGNotify.WebApi/api/NotificationTasks/GetNotificationTask?id=1)(Body:)(Username:Anonymous)
2017-04-12 14:55:04.6623 INFO (Method:GET)(Url:http://localhost/SGNotify.WebApi/api/NotificationTasks/GetNotificationTask?id=1)(Body:)(Username:Anonymous)
2017-04-12 14:55:05.2334 INFO (Method:OPTIONS)(Url:http://localhost/SGNotify.WebApi/api/NotificationTaskUpdates/GetNotificationTaskUpdates?notificationTaskId=1)(Body:)(Username:Anonymous)
2017-04-12 14:55:05.2434 INFO (Method:GET)(Url:http://localhost/SGNotify.WebApi/api/NotificationTaskUpdates/GetNotificationTaskUpdates?notificationTaskId=1)(Body:)(Username:Anonymous)
2017-04-12 14:55:26.5014 INFO (Method:OPTIONS)(Url:http://localhost/SGNotify.WebApi/api/NotificationTasks/GetNotificationTasks)(Body:)(Username:Anonymous)
2017-04-12 14:55:26.5014 INFO (Method:GET)(Url:http://localhost/SGNotify.WebApi/api/NotificationTasks/GetNotificationTasks)(Body:)(Username:Anonymous)
2017-04-12 14:55:28.1332 INFO (Method:OPTIONS)(Url:http://localhost/SGNotify.WebApi/api/NotificationTasks/GetNotificationTask?id=1)(Body:)(Username:Anonymous)
2017-04-12 14:55:28.1427 INFO (Method:GET)(Url:http://localhost/SGNotify.WebApi/api/NotificationTasks/GetNotificationTask?id=1)(Body:)(Username:Anonymous)
2017-04-12 14:55:28.6989 INFO (Method:OPTIONS)(Url:http://localhost/SGNotify.WebApi/api/NotificationTaskUpdates/GetNotificationTaskUpdates?notificationTaskId=1)(Body:)(Username:Anonymous)
2017-04-12 14:55:28.7084 INFO (Method:GET)(Url:http://localhost/SGNotify.WebApi/api/NotificationTaskUpdates/GetNotificationTaskUpdates?notificationTaskId=1)(Body:)(Username:Anonymous)
2017-04-12 14:55:43.9198 INFO (Method:OPTIONS)(Url:http://localhost/SGNotify.WebApi/api/NotificationTasks/GetNotificationTasks)(Body:)(Username:Anonymous)
2017-04-12 14:55:43.9407 INFO (Method:GET)(Url:http://localhost/SGNotify.WebApi/api/NotificationTasks/GetNotificationTasks)(Body:)(Username:Anonymous)
2017-04-12 14:55:45.5034 INFO (Method:OPTIONS)(Url:http://localhost/SGNotify.WebApi/api/NotificationTasks/GetNotificationTask?id=1)(Body:)(Username:Anonymous)
2017-04-12 14:55:45.5204 INFO (Method:GET)(Url:http://localhost/SGNotify.WebApi/api/NotificationTasks/GetNotificationTask?id=1)(Body:)(Username:Anonymous)
2017-04-12 14:55:46.0812 INFO (Method:OPTIONS)(Url:http://localhost/SGNotify.WebApi/api/NotificationTaskUpdates/GetNotificationTaskUpdates?notificationTaskId=1)(Body:)(Username:Anonymous)
2017-04-12 14:55:46.0812 INFO (Method:GET)(Url:http://localhost/SGNotify.WebApi/api/NotificationTaskUpdates/GetNotificationTaskUpdates?notificationTaskId=1)(Body:)(Username:Anonymous)
2017-04-12 14:56:43.2686 INFO (Method:OPTIONS)(Url:http://localhost/SGNotify.WebApi/api/NotificationTasks/GetNotificationTasks)(Body:)(Username:Anonymous)
2017-04-12 14:56:43.2686 INFO (Method:GET)(Url:http://localhost/SGNotify.WebApi/api/NotificationTasks/GetNotificationTasks)(Body:)(Username:Anonymous)
2017-04-12 14:56:44.5168 INFO (Method:OPTIONS)(Url:http://localhost/SGNotify.WebApi/api/NotificationTasks/GetNotificationTask?id=1)(Body:)(Username:Anonymous)
2017-04-12 14:56:44.5168 INFO (Method:GET)(Url:http://localhost/SGNotify.WebApi/api/NotificationTasks/GetNotificationTask?id=1)(Body:)(Username:Anonymous)
2017-04-12 14:56:45.1036 INFO (Method:OPTIONS)(Url:http://localhost/SGNotify.WebApi/api/NotificationTaskUpdates/GetNotificationTaskUpdates?notificationTaskId=1)(Body:)(Username:Anonymous)
2017-04-12 14:56:45.1196 INFO (Method:GET)(Url:http://localhost/SGNotify.WebApi/api/NotificationTaskUpdates/GetNotificationTaskUpdates?notificationTaskId=1)(Body:)(Username:Anonymous)
2017-04-12 14:57:06.2854 INFO (Method:OPTIONS)(Url:http://localhost/SGNotify.WebApi/api/NotificationTasks/GetNotificationTasks)(Body:)(Username:Anonymous)
2017-04-12 14:57:06.2854 INFO (Method:GET)(Url:http://localhost/SGNotify.WebApi/api/NotificationTasks/GetNotificationTasks)(Body:)(Username:Anonymous)
2017-04-12 14:57:07.3501 INFO (Method:OPTIONS)(Url:http://localhost/SGNotify.WebApi/api/NotificationTasks/GetNotificationTask?id=1)(Body:)(Username:Anonymous)
2017-04-12 14:57:07.3602 INFO (Method:GET)(Url:http://localhost/SGNotify.WebApi/api/NotificationTasks/GetNotificationTask?id=1)(Body:)(Username:Anonymous)
2017-04-12 14:57:07.8838 INFO (Method:OPTIONS)(Url:http://localhost/SGNotify.WebApi/api/NotificationTaskUpdates/GetNotificationTaskUpdates?notificationTaskId=1)(Body:)(Username:Anonymous)
2017-04-12 14:57:07.8953 INFO (Method:GET)(Url:http://localhost/SGNotify.WebApi/api/NotificationTaskUpdates/GetNotificationTaskUpdates?notificationTaskId=1)(Body:)(Username:Anonymous)
2017-04-12 14:57:21.9369 INFO (Method:OPTIONS)(Url:http://localhost/SGNotify.WebApi/api/NotificationTasks/GetNotificationTasks)(Body:)(Username:Anonymous)
2017-04-12 14:57:21.9466 INFO (Method:GET)(Url:http://localhost/SGNotify.WebApi/api/NotificationTasks/GetNotificationTasks)(Body:)(Username:Anonymous)
2017-04-12 14:57:23.1901 INFO (Method:OPTIONS)(Url:http://localhost/SGNotify.WebApi/api/NotificationTasks/GetNotificationTask?id=1)(Body:)(Username:Anonymous)
2017-04-12 14:57:23.2106 INFO (Method:GET)(Url:http://localhost/SGNotify.WebApi/api/NotificationTasks/GetNotificationTask?id=1)(Body:)(Username:Anonymous)
2017-04-12 14:57:23.7475 INFO (Method:OPTIONS)(Url:http://localhost/SGNotify.WebApi/api/NotificationTaskUpdates/GetNotificationTaskUpdates?notificationTaskId=1)(Body:)(Username:Anonymous)
2017-04-12 14:57:23.7570 INFO (Method:GET)(Url:http://localhost/SGNotify.WebApi/api/NotificationTaskUpdates/GetNotificationTaskUpdates?notificationTaskId=1)(Body:)(Username:Anonymous)
2017-04-12 14:57:39.1859 INFO (Method:OPTIONS)(Url:http://localhost/SGNotify.WebApi/api/NotificationTasks/GetNotificationTasks)(Body:)(Username:Anonymous)
2017-04-12 14:57:39.1954 INFO (Method:GET)(Url:http://localhost/SGNotify.WebApi/api/NotificationTasks/GetNotificationTasks)(Body:)(Username:Anonymous)
2017-04-12 14:57:40.7015 INFO (Method:OPTIONS)(Url:http://localhost/SGNotify.WebApi/api/NotificationTasks/GetNotificationTask?id=1)(Body:)(Username:Anonymous)
2017-04-12 14:57:40.7195 INFO (Method:GET)(Url:http://localhost/SGNotify.WebApi/api/NotificationTasks/GetNotificationTask?id=1)(Body:)(Username:Anonymous)
2017-04-12 14:57:41.3289 INFO (Method:OPTIONS)(Url:http://localhost/SGNotify.WebApi/api/NotificationTaskUpdates/GetNotificationTaskUpdates?notificationTaskId=1)(Body:)(Username:Anonymous)
2017-04-12 14:57:41.3483 INFO (Method:GET)(Url:http://localhost/SGNotify.WebApi/api/NotificationTaskUpdates/GetNotificationTaskUpdates?notificationTaskId=1)(Body:)(Username:Anonymous)
2017-04-12 14:58:25.8411 INFO (Method:OPTIONS)(Url:http://localhost/SGNotify.WebApi/api/NotificationTasks/GetNotificationTasks)(Body:)(Username:Anonymous)
2017-04-12 14:58:25.8648 INFO (Method:GET)(Url:http://localhost/SGNotify.WebApi/api/NotificationTasks/GetNotificationTasks)(Body:)(Username:Anonymous)
2017-04-12 14:58:28.1029 INFO (Method:OPTIONS)(Url:http://localhost/SGNotify.WebApi/api/NotificationTasks/GetNotificationTask?id=1)(Body:)(Username:Anonymous)
2017-04-12 14:58:28.1154 INFO (Method:GET)(Url:http://localhost/SGNotify.WebApi/api/NotificationTasks/GetNotificationTask?id=1)(Body:)(Username:Anonymous)
2017-04-12 14:58:28.6922 INFO (Method:OPTIONS)(Url:http://localhost/SGNotify.WebApi/api/NotificationTaskUpdates/GetNotificationTaskUpdates?notificationTaskId=1)(Body:)(Username:Anonymous)
2017-04-12 14:58:28.7142 INFO (Method:GET)(Url:http://localhost/SGNotify.WebApi/api/NotificationTaskUpdates/GetNotificationTaskUpdates?notificationTaskId=1)(Body:)(Username:Anonymous)
2017-04-12 14:58:42.3668 INFO (Method:OPTIONS)(Url:http://localhost/SGNotify.WebApi/api/NotificationTasks/GetNotificationTask?id=5)(Body:)(Username:Anonymous)
2017-04-12 14:58:42.3818 INFO (Method:GET)(Url:http://localhost/SGNotify.WebApi/api/NotificationTasks/GetNotificationTask?id=5)(Body:)(Username:Anonymous)
2017-04-12 14:58:42.9621 INFO (Method:OPTIONS)(Url:http://localhost/SGNotify.WebApi/api/NotificationTaskUpdates/GetNotificationTaskUpdates?notificationTaskId=5)(Body:)(Username:Anonymous)
2017-04-12 14:58:42.9802 INFO (Method:GET)(Url:http://localhost/SGNotify.WebApi/api/NotificationTaskUpdates/GetNotificationTaskUpdates?notificationTaskId=5)(Body:)(Username:Anonymous)
2017-04-12 14:59:29.3317 INFO (Method:OPTIONS)(Url:http://localhost/SGNotify.WebApi/api/NotificationTasks/GetNotificationTask?id=1)(Body:)(Username:Anonymous)
2017-04-12 14:59:29.3317 INFO (Method:GET)(Url:http://localhost/SGNotify.WebApi/api/NotificationTasks/GetNotificationTask?id=1)(Body:)(Username:Anonymous)
2017-04-12 14:59:29.8816 INFO (Method:OPTIONS)(Url:http://localhost/SGNotify.WebApi/api/NotificationTaskUpdates/GetNotificationTaskUpdates?notificationTaskId=1)(Body:)(Username:Anonymous)
2017-04-12 14:59:29.8933 INFO (Method:GET)(Url:http://localhost/SGNotify.WebApi/api/NotificationTaskUpdates/GetNotificationTaskUpdates?notificationTaskId=1)(Body:)(Username:Anonymous)
2017-04-12 15:00:33.6186 INFO (Method:OPTIONS)(Url:http://localhost/SGNotify.WebApi/api/NotificationTasks/GetNotificationTask?id=1)(Body:)(Username:Anonymous)
2017-04-12 15:00:33.6293 INFO (Method:GET)(Url:http://localhost/SGNotify.WebApi/api/NotificationTasks/GetNotificationTask?id=1)(Body:)(Username:Anonymous)
2017-04-12 15:00:34.1834 INFO (Method:OPTIONS)(Url:http://localhost/SGNotify.WebApi/api/NotificationTaskUpdates/GetNotificationTaskUpdates?notificationTaskId=1)(Body:)(Username:Anonymous)
2017-04-12 15:00:34.1986 INFO (Method:GET)(Url:http://localhost/SGNotify.WebApi/api/NotificationTaskUpdates/GetNotificationTaskUpdates?notificationTaskId=1)(Body:)(Username:Anonymous)
2017-04-12 15:01:49.4361 INFO (Method:OPTIONS)(Url:http://localhost/SGNotify.WebApi/api/NotificationTasks/GetNotificationTasks)(Body:)(Username:Anonymous)
2017-04-12 15:01:49.4486 INFO (Method:GET)(Url:http://localhost/SGNotify.WebApi/api/NotificationTasks/GetNotificationTasks)(Body:)(Username:Anonymous)
2017-04-12 15:01:50.6991 INFO (Method:OPTIONS)(Url:http://localhost/SGNotify.WebApi/api/NotificationTasks/GetNotificationTask?id=1)(Body:)(Username:Anonymous)
2017-04-12 15:01:50.7086 INFO (Method:GET)(Url:http://localhost/SGNotify.WebApi/api/NotificationTasks/GetNotificationTask?id=1)(Body:)(Username:Anonymous)
2017-04-12 15:01:51.2640 INFO (Method:OPTIONS)(Url:http://localhost/SGNotify.WebApi/api/NotificationTaskUpdates/GetNotificationTaskUpdates?notificationTaskId=1)(Body:)(Username:Anonymous)
2017-04-12 15:01:51.2820 INFO (Method:GET)(Url:http://localhost/SGNotify.WebApi/api/NotificationTaskUpdates/GetNotificationTaskUpdates?notificationTaskId=1)(Body:)(Username:Anonymous)
