2017-04-19 09:07:54.4459 INFO (Method:OPTIONS)(Url:http://localhost/SGNotify.WebApi/api/NotificationTasks/GetOpenNotificationTasks)(Body:)(Username:Anonymous)
2017-04-19 09:07:54.8536 INFO (Method:GET)(Url:http://localhost/SGNotify.WebApi/api/NotificationTasks/GetOpenNotificationTasks)(Body:)(Username:Anonymous)
2017-04-19 09:09:07.6330 INFO (Method:OPTIONS)(Url:http://localhost/SGNotify.WebApi/api/NotificationTasks/GetOpenNotificationTasks)(Body:)(Username:Anonymous)
2017-04-19 09:09:07.6428 INFO (Method:GET)(Url:http://localhost/SGNotify.WebApi/api/NotificationTasks/GetOpenNotificationTasks)(Body:)(Username:Anonymous)
2017-04-19 09:09:09.2844 INFO (Method:OPTIONS)(Url:http://localhost/SGNotify.WebApi/api/NotificationTasks/GetNotificationTask?id=5)(Body:)(Username:Anonymous)
2017-04-19 09:09:09.3024 INFO (Method:GET)(Url:http://localhost/SGNotify.WebApi/api/NotificationTasks/GetNotificationTask?id=5)(Body:)(Username:Anonymous)
2017-04-19 09:09:10.0402 INFO (Method:OPTIONS)(Url:http://localhost/SGNotify.WebApi/api/NotificationTaskUpdates/GetNotificationTaskUpdates?notificationTaskId=5)(Body:)(Username:Anonymous)
2017-04-19 09:09:10.0548 INFO (Method:GET)(Url:http://localhost/SGNotify.WebApi/api/NotificationTaskUpdates/GetNotificationTaskUpdates?notificationTaskId=5)(Body:)(Username:Anonymous)
2017-04-19 09:13:42.2851 INFO (Method:OPTIONS)(Url:http://localhost/SGNotify.WebApi/api/NotificationTasks/GetOpenNotificationTasks)(Body:)(Username:Anonymous)
2017-04-19 09:13:42.2891 INFO (Method:GET)(Url:http://localhost/SGNotify.WebApi/api/NotificationTasks/GetOpenNotificationTasks)(Body:)(Username:Anonymous)
2017-04-19 09:13:43.3155 INFO (Method:OPTIONS)(Url:http://localhost/SGNotify.WebApi/api/NotificationTasks/GetNotificationTask?id=5)(Body:)(Username:Anonymous)
2017-04-19 09:13:43.3155 INFO (Method:GET)(Url:http://localhost/SGNotify.WebApi/api/NotificationTasks/GetNotificationTask?id=5)(Body:)(Username:Anonymous)
2017-04-19 09:13:43.8157 INFO (Method:OPTIONS)(Url:http://localhost/SGNotify.WebApi/api/NotificationTaskUpdates/GetNotificationTaskUpdates?notificationTaskId=5)(Body:)(Username:Anonymous)
2017-04-19 09:13:43.8157 INFO (Method:GET)(Url:http://localhost/SGNotify.WebApi/api/NotificationTaskUpdates/GetNotificationTaskUpdates?notificationTaskId=5)(Body:)(Username:Anonymous)
2017-04-19 09:14:37.2119 INFO (Method:OPTIONS)(Url:http://localhost/SGNotify.WebApi/api/NotificationTasks/GetOpenNotificationTasks)(Body:)(Username:Anonymous)
2017-04-19 09:14:37.2119 INFO (Method:GET)(Url:http://localhost/SGNotify.WebApi/api/NotificationTasks/GetOpenNotificationTasks)(Body:)(Username:Anonymous)
2017-04-19 09:14:40.5643 INFO (Method:OPTIONS)(Url:http://localhost/SGNotify.WebApi/api/NotificationTasks/GetNotificationTask?id=5)(Body:)(Username:Anonymous)
2017-04-19 09:14:40.5643 INFO (Method:GET)(Url:http://localhost/SGNotify.WebApi/api/NotificationTasks/GetNotificationTask?id=5)(Body:)(Username:Anonymous)
2017-04-19 09:14:41.1143 INFO (Method:OPTIONS)(Url:http://localhost/SGNotify.WebApi/api/NotificationTaskUpdates/GetNotificationTaskUpdates?notificationTaskId=5)(Body:)(Username:Anonymous)
2017-04-19 09:14:41.1188 INFO (Method:GET)(Url:http://localhost/SGNotify.WebApi/api/NotificationTaskUpdates/GetNotificationTaskUpdates?notificationTaskId=5)(Body:)(Username:Anonymous)
2017-04-19 09:17:29.2517 INFO (Method:OPTIONS)(Url:http://localhost/SGNotify.WebApi/api/NotificationTasks/GetOpenNotificationTasks)(Body:)(Username:Anonymous)
2017-04-19 09:17:29.2567 INFO (Method:GET)(Url:http://localhost/SGNotify.WebApi/api/NotificationTasks/GetOpenNotificationTasks)(Body:)(Username:Anonymous)
2017-04-19 09:17:31.7307 INFO (Method:OPTIONS)(Url:http://localhost/SGNotify.WebApi/api/NotificationTasks/GetNotificationTask?id=5)(Body:)(Username:Anonymous)
2017-04-19 09:17:31.7307 INFO (Method:GET)(Url:http://localhost/SGNotify.WebApi/api/NotificationTasks/GetNotificationTask?id=5)(Body:)(Username:Anonymous)
2017-04-19 09:17:32.2638 INFO (Method:OPTIONS)(Url:http://localhost/SGNotify.WebApi/api/NotificationTaskUpdates/GetNotificationTaskUpdates?notificationTaskId=5)(Body:)(Username:Anonymous)
2017-04-19 09:17:32.2638 INFO (Method:GET)(Url:http://localhost/SGNotify.WebApi/api/NotificationTaskUpdates/GetNotificationTaskUpdates?notificationTaskId=5)(Body:)(Username:Anonymous)
2017-04-19 09:22:00.8966 INFO (Method:OPTIONS)(Url:http://localhost/SGNotify.WebApi/api/NotificationTasks/GetNotificationTask?id=6)(Body:)(Username:Anonymous)
2017-04-19 09:22:00.8966 INFO (Method:GET)(Url:http://localhost/SGNotify.WebApi/api/NotificationTasks/GetNotificationTask?id=6)(Body:)(Username:Anonymous)
2017-04-19 09:22:01.4645 INFO (Method:OPTIONS)(Url:http://localhost/SGNotify.WebApi/api/NotificationTaskUpdates/GetNotificationTaskUpdates?notificationTaskId=6)(Body:)(Username:Anonymous)
2017-04-19 09:22:01.4720 INFO (Method:GET)(Url:http://localhost/SGNotify.WebApi/api/NotificationTaskUpdates/GetNotificationTaskUpdates?notificationTaskId=6)(Body:)(Username:Anonymous)
2017-04-19 09:22:12.9609 INFO (Method:OPTIONS)(Url:http://localhost/SGNotify.WebApi/api/NotificationTasks/GetNotificationTask?id=5)(Body:)(Username:Anonymous)
2017-04-19 09:22:12.9609 INFO (Method:GET)(Url:http://localhost/SGNotify.WebApi/api/NotificationTasks/GetNotificationTask?id=5)(Body:)(Username:Anonymous)
2017-04-19 09:22:13.4432 INFO (Method:OPTIONS)(Url:http://localhost/SGNotify.WebApi/api/NotificationTaskUpdates/GetNotificationTaskUpdates?notificationTaskId=5)(Body:)(Username:Anonymous)
2017-04-19 09:22:13.4432 INFO (Method:GET)(Url:http://localhost/SGNotify.WebApi/api/NotificationTaskUpdates/GetNotificationTaskUpdates?notificationTaskId=5)(Body:)(Username:Anonymous)
2017-04-19 09:25:32.5639 INFO (Method:OPTIONS)(Url:http://localhost/SGNotify.WebApi/api/NotificationTasks/GetOpenNotificationTasks)(Body:)(Username:Anonymous)
2017-04-19 09:25:32.5639 INFO (Method:GET)(Url:http://localhost/SGNotify.WebApi/api/NotificationTasks/GetOpenNotificationTasks)(Body:)(Username:Anonymous)
2017-04-19 09:25:34.9945 INFO (Method:OPTIONS)(Url:http://localhost/SGNotify.WebApi/api/NotificationTasks/GetNotificationTask?id=5)(Body:)(Username:Anonymous)
2017-04-19 09:25:34.9945 INFO (Method:GET)(Url:http://localhost/SGNotify.WebApi/api/NotificationTasks/GetNotificationTask?id=5)(Body:)(Username:Anonymous)
2017-04-19 09:25:35.4930 INFO (Method:OPTIONS)(Url:http://localhost/SGNotify.WebApi/api/NotificationTaskUpdates/GetNotificationTaskUpdates?notificationTaskId=5)(Body:)(Username:Anonymous)
2017-04-19 09:25:35.4930 INFO (Method:GET)(Url:http://localhost/SGNotify.WebApi/api/NotificationTaskUpdates/GetNotificationTaskUpdates?notificationTaskId=5)(Body:)(Username:Anonymous)
2017-04-19 09:26:25.2634 INFO (Method:OPTIONS)(Url:http://localhost/SGNotify.WebApi/api/NotificationTasks/GetOpenNotificationTasks)(Body:)(Username:Anonymous)
2017-04-19 09:26:25.2699 INFO (Method:GET)(Url:http://localhost/SGNotify.WebApi/api/NotificationTasks/GetOpenNotificationTasks)(Body:)(Username:Anonymous)
2017-04-19 09:26:27.9254 INFO (Method:OPTIONS)(Url:http://localhost/SGNotify.WebApi/api/NotificationTasks/GetNotificationTask?id=5)(Body:)(Username:Anonymous)
2017-04-19 09:26:27.9254 INFO (Method:GET)(Url:http://localhost/SGNotify.WebApi/api/NotificationTasks/GetNotificationTask?id=5)(Body:)(Username:Anonymous)
2017-04-19 09:26:28.4254 INFO (Method:OPTIONS)(Url:http://localhost/SGNotify.WebApi/api/NotificationTaskUpdates/GetNotificationTaskUpdates?notificationTaskId=5)(Body:)(Username:Anonymous)
2017-04-19 09:26:28.4254 INFO (Method:GET)(Url:http://localhost/SGNotify.WebApi/api/NotificationTaskUpdates/GetNotificationTaskUpdates?notificationTaskId=5)(Body:)(Username:Anonymous)
2017-04-19 09:28:16.9282 INFO (Method:OPTIONS)(Url:http://localhost/SGNotify.WebApi/api/NotificationTasks/GetNotificationTask?id=5)(Body:)(Username:Anonymous)
2017-04-19 09:28:16.9282 INFO (Method:GET)(Url:http://localhost/SGNotify.WebApi/api/NotificationTasks/GetNotificationTask?id=5)(Body:)(Username:Anonymous)
2017-04-19 09:28:17.4571 INFO (Method:OPTIONS)(Url:http://localhost/SGNotify.WebApi/api/NotificationTaskUpdates/GetNotificationTaskUpdates?notificationTaskId=5)(Body:)(Username:Anonymous)
2017-04-19 09:28:17.4571 INFO (Method:GET)(Url:http://localhost/SGNotify.WebApi/api/NotificationTaskUpdates/GetNotificationTaskUpdates?notificationTaskId=5)(Body:)(Username:Anonymous)
2017-04-19 09:28:38.6735 INFO (Method:OPTIONS)(Url:http://localhost/SGNotify.WebApi/api/NotificationTasks/GetNotificationTask?id=5)(Body:)(Username:Anonymous)
2017-04-19 09:28:38.6735 INFO (Method:GET)(Url:http://localhost/SGNotify.WebApi/api/NotificationTasks/GetNotificationTask?id=5)(Body:)(Username:Anonymous)
2017-04-19 09:28:39.1898 INFO (Method:OPTIONS)(Url:http://localhost/SGNotify.WebApi/api/NotificationTaskUpdates/GetNotificationTaskUpdates?notificationTaskId=5)(Body:)(Username:Anonymous)
2017-04-19 09:28:39.1898 INFO (Method:GET)(Url:http://localhost/SGNotify.WebApi/api/NotificationTaskUpdates/GetNotificationTaskUpdates?notificationTaskId=5)(Body:)(Username:Anonymous)
2017-04-19 09:28:57.3248 INFO (Method:OPTIONS)(Url:http://localhost/SGNotify.WebApi/api/NotificationTasks/GetNotificationTask?id=5)(Body:)(Username:Anonymous)
2017-04-19 09:28:57.3278 INFO (Method:GET)(Url:http://localhost/SGNotify.WebApi/api/NotificationTasks/GetNotificationTask?id=5)(Body:)(Username:Anonymous)
2017-04-19 09:28:57.8059 INFO (Method:OPTIONS)(Url:http://localhost/SGNotify.WebApi/api/NotificationTaskUpdates/GetNotificationTaskUpdates?notificationTaskId=5)(Body:)(Username:Anonymous)
2017-04-19 09:28:57.8059 INFO (Method:GET)(Url:http://localhost/SGNotify.WebApi/api/NotificationTaskUpdates/GetNotificationTaskUpdates?notificationTaskId=5)(Body:)(Username:Anonymous)
2017-04-19 09:32:03.9936 INFO (Method:OPTIONS)(Url:http://localhost/SGNotify.WebApi/api/NotificationTasks/GetNotificationTask?id=5)(Body:)(Username:Anonymous)
2017-04-19 09:32:03.9996 INFO (Method:GET)(Url:http://localhost/SGNotify.WebApi/api/NotificationTasks/GetNotificationTask?id=5)(Body:)(Username:Anonymous)
2017-04-19 09:32:04.5564 INFO (Method:OPTIONS)(Url:http://localhost/SGNotify.WebApi/api/NotificationTaskUpdates/GetNotificationTaskUpdates?notificationTaskId=5)(Body:)(Username:Anonymous)
2017-04-19 09:32:04.5609 INFO (Method:GET)(Url:http://localhost/SGNotify.WebApi/api/NotificationTaskUpdates/GetNotificationTaskUpdates?notificationTaskId=5)(Body:)(Username:Anonymous)
2017-04-19 09:34:13.1715 INFO (Method:OPTIONS)(Url:http://localhost/SGNotify.WebApi/api/NotificationTasks/GetNotificationTask?id=5)(Body:)(Username:Anonymous)
2017-04-19 09:34:13.1715 INFO (Method:GET)(Url:http://localhost/SGNotify.WebApi/api/NotificationTasks/GetNotificationTask?id=5)(Body:)(Username:Anonymous)
2017-04-19 09:34:13.6710 INFO (Method:OPTIONS)(Url:http://localhost/SGNotify.WebApi/api/NotificationTaskUpdates/GetNotificationTaskUpdates?notificationTaskId=5)(Body:)(Username:Anonymous)
2017-04-19 09:34:13.6710 INFO (Method:GET)(Url:http://localhost/SGNotify.WebApi/api/NotificationTaskUpdates/GetNotificationTaskUpdates?notificationTaskId=5)(Body:)(Username:Anonymous)
2017-04-19 09:34:46.4384 INFO (Method:OPTIONS)(Url:http://localhost/SGNotify.WebApi/api/NotificationTasks/GetOpenNotificationTasks)(Body:)(Username:Anonymous)
2017-04-19 09:34:46.4384 INFO (Method:GET)(Url:http://localhost/SGNotify.WebApi/api/NotificationTasks/GetOpenNotificationTasks)(Body:)(Username:Anonymous)
2017-04-19 09:34:55.0209 INFO (Method:OPTIONS)(Url:http://localhost/SGNotify.WebApi/api/NotificationTasks/GetNotificationTask?id=5)(Body:)(Username:Anonymous)
2017-04-19 09:34:55.0259 INFO (Method:GET)(Url:http://localhost/SGNotify.WebApi/api/NotificationTasks/GetNotificationTask?id=5)(Body:)(Username:Anonymous)
2017-04-19 09:34:55.5528 INFO (Method:OPTIONS)(Url:http://localhost/SGNotify.WebApi/api/NotificationTaskUpdates/GetNotificationTaskUpdates?notificationTaskId=5)(Body:)(Username:Anonymous)
2017-04-19 09:34:55.5528 INFO (Method:GET)(Url:http://localhost/SGNotify.WebApi/api/NotificationTaskUpdates/GetNotificationTaskUpdates?notificationTaskId=5)(Body:)(Username:Anonymous)
2017-04-19 09:37:49.3708 INFO (Method:OPTIONS)(Url:http://localhost/SGNotify.WebApi/api/NotificationTasks/GetNotificationTask?id=5)(Body:)(Username:Anonymous)
2017-04-19 09:37:49.3708 INFO (Method:GET)(Url:http://localhost/SGNotify.WebApi/api/NotificationTasks/GetNotificationTask?id=5)(Body:)(Username:Anonymous)
2017-04-19 09:37:49.8670 INFO (Method:OPTIONS)(Url:http://localhost/SGNotify.WebApi/api/NotificationTaskUpdates/GetNotificationTaskUpdates?notificationTaskId=5)(Body:)(Username:Anonymous)
2017-04-19 09:37:49.8670 INFO (Method:GET)(Url:http://localhost/SGNotify.WebApi/api/NotificationTaskUpdates/GetNotificationTaskUpdates?notificationTaskId=5)(Body:)(Username:Anonymous)
2017-04-19 09:38:05.1822 INFO (Method:OPTIONS)(Url:http://localhost/SGNotify.WebApi/api/NotificationTasks/GetNotificationTask?id=5)(Body:)(Username:Anonymous)
2017-04-19 09:38:05.1822 INFO (Method:GET)(Url:http://localhost/SGNotify.WebApi/api/NotificationTasks/GetNotificationTask?id=5)(Body:)(Username:Anonymous)
2017-04-19 09:38:05.7274 INFO (Method:OPTIONS)(Url:http://localhost/SGNotify.WebApi/api/NotificationTaskUpdates/GetNotificationTaskUpdates?notificationTaskId=5)(Body:)(Username:Anonymous)
2017-04-19 09:38:05.7274 INFO (Method:GET)(Url:http://localhost/SGNotify.WebApi/api/NotificationTaskUpdates/GetNotificationTaskUpdates?notificationTaskId=5)(Body:)(Username:Anonymous)
2017-04-19 09:38:24.2493 INFO (Method:OPTIONS)(Url:http://localhost/SGNotify.WebApi/api/NotificationTasks/GetNotificationTask?id=5)(Body:)(Username:Anonymous)
2017-04-19 09:38:24.2493 INFO (Method:GET)(Url:http://localhost/SGNotify.WebApi/api/NotificationTasks/GetNotificationTask?id=5)(Body:)(Username:Anonymous)
2017-04-19 09:38:24.7492 INFO (Method:OPTIONS)(Url:http://localhost/SGNotify.WebApi/api/NotificationTaskUpdates/GetNotificationTaskUpdates?notificationTaskId=5)(Body:)(Username:Anonymous)
2017-04-19 09:38:24.7492 INFO (Method:GET)(Url:http://localhost/SGNotify.WebApi/api/NotificationTaskUpdates/GetNotificationTaskUpdates?notificationTaskId=5)(Body:)(Username:Anonymous)
2017-04-19 09:56:39.6209 INFO (Method:OPTIONS)(Url:http://localhost/SGNotify.WebApi/api/NotificationTasks/GetOpenNotificationTasks)(Body:)(Username:Anonymous)
2017-04-19 09:56:39.6209 INFO (Method:GET)(Url:http://localhost/SGNotify.WebApi/api/NotificationTasks/GetOpenNotificationTasks)(Body:)(Username:Anonymous)
2017-04-19 09:56:40.9685 INFO (Method:OPTIONS)(Url:http://localhost/SGNotify.WebApi/api/NotificationTasks/GetNotificationTask?id=5)(Body:)(Username:Anonymous)
2017-04-19 09:56:40.9735 INFO (Method:GET)(Url:http://localhost/SGNotify.WebApi/api/NotificationTasks/GetNotificationTask?id=5)(Body:)(Username:Anonymous)
2017-04-19 09:56:41.4842 INFO (Method:OPTIONS)(Url:http://localhost/SGNotify.WebApi/api/NotificationTaskUpdates/GetNotificationTaskUpdates?notificationTaskId=5)(Body:)(Username:Anonymous)
2017-04-19 09:56:41.4877 INFO (Method:GET)(Url:http://localhost/SGNotify.WebApi/api/NotificationTaskUpdates/GetNotificationTaskUpdates?notificationTaskId=5)(Body:)(Username:Anonymous)
2017-04-19 10:00:05.0405 INFO (Method:OPTIONS)(Url:http://localhost/SGNotify.WebApi/api/NotificationTasks/GetOpenNotificationTasks)(Body:)(Username:Anonymous)
2017-04-19 10:00:05.0405 INFO (Method:GET)(Url:http://localhost/SGNotify.WebApi/api/NotificationTasks/GetOpenNotificationTasks)(Body:)(Username:Anonymous)
2017-04-19 10:00:06.1997 INFO (Method:OPTIONS)(Url:http://localhost/SGNotify.WebApi/api/NotificationTasks/GetNotificationTask?id=5)(Body:)(Username:Anonymous)
2017-04-19 10:00:06.2041 INFO (Method:GET)(Url:http://localhost/SGNotify.WebApi/api/NotificationTasks/GetNotificationTask?id=5)(Body:)(Username:Anonymous)
2017-04-19 10:00:06.7324 INFO (Method:OPTIONS)(Url:http://localhost/SGNotify.WebApi/api/NotificationTaskUpdates/GetNotificationTaskUpdates?notificationTaskId=5)(Body:)(Username:Anonymous)
2017-04-19 10:00:06.7364 INFO (Method:GET)(Url:http://localhost/SGNotify.WebApi/api/NotificationTaskUpdates/GetNotificationTaskUpdates?notificationTaskId=5)(Body:)(Username:Anonymous)
2017-04-19 10:02:12.4001 INFO (Method:OPTIONS)(Url:http://localhost/SGNotify.WebApi/api/NotificationTasks/GetNotificationTask?id=6)(Body:)(Username:Anonymous)
2017-04-19 10:02:12.4052 INFO (Method:GET)(Url:http://localhost/SGNotify.WebApi/api/NotificationTasks/GetNotificationTask?id=6)(Body:)(Username:Anonymous)
2017-04-19 10:02:12.9465 INFO (Method:OPTIONS)(Url:http://localhost/SGNotify.WebApi/api/NotificationTaskUpdates/GetNotificationTaskUpdates?notificationTaskId=6)(Body:)(Username:Anonymous)
2017-04-19 10:02:12.9465 INFO (Method:GET)(Url:http://localhost/SGNotify.WebApi/api/NotificationTaskUpdates/GetNotificationTaskUpdates?notificationTaskId=6)(Body:)(Username:Anonymous)
2017-04-19 10:02:37.8459 INFO (Method:OPTIONS)(Url:http://localhost/SGNotify.WebApi/api/NotificationTasks/GetNotificationTask?id=5)(Body:)(Username:Anonymous)
2017-04-19 10:02:37.8459 INFO (Method:GET)(Url:http://localhost/SGNotify.WebApi/api/NotificationTasks/GetNotificationTask?id=5)(Body:)(Username:Anonymous)
2017-04-19 10:02:38.3617 INFO (Method:OPTIONS)(Url:http://localhost/SGNotify.WebApi/api/NotificationTaskUpdates/GetNotificationTaskUpdates?notificationTaskId=5)(Body:)(Username:Anonymous)
2017-04-19 10:02:38.3617 INFO (Method:GET)(Url:http://localhost/SGNotify.WebApi/api/NotificationTaskUpdates/GetNotificationTaskUpdates?notificationTaskId=5)(Body:)(Username:Anonymous)
2017-04-19 10:02:45.4136 INFO (Method:OPTIONS)(Url:http://localhost/SGNotify.WebApi/api/NotificationTasks/GetNotificationTask?id=6)(Body:)(Username:Anonymous)
2017-04-19 10:02:45.4136 INFO (Method:GET)(Url:http://localhost/SGNotify.WebApi/api/NotificationTasks/GetNotificationTask?id=6)(Body:)(Username:Anonymous)
2017-04-19 10:02:45.9462 INFO (Method:OPTIONS)(Url:http://localhost/SGNotify.WebApi/api/NotificationTaskUpdates/GetNotificationTaskUpdates?notificationTaskId=6)(Body:)(Username:Anonymous)
2017-04-19 10:02:45.9462 INFO (Method:GET)(Url:http://localhost/SGNotify.WebApi/api/NotificationTaskUpdates/GetNotificationTaskUpdates?notificationTaskId=6)(Body:)(Username:Anonymous)
2017-04-19 10:03:31.4988 INFO (Method:OPTIONS)(Url:http://localhost/SGNotify.WebApi/api/NotificationTasks/GetOpenNotificationTasks)(Body:)(Username:Anonymous)
2017-04-19 10:03:31.4988 INFO (Method:GET)(Url:http://localhost/SGNotify.WebApi/api/NotificationTasks/GetOpenNotificationTasks)(Body:)(Username:Anonymous)
2017-04-19 10:03:40.0011 INFO (Method:OPTIONS)(Url:http://localhost/SGNotify.WebApi/api/NotificationTasks/GetNotificationTask?id=5)(Body:)(Username:Anonymous)
2017-04-19 10:03:40.0011 INFO (Method:GET)(Url:http://localhost/SGNotify.WebApi/api/NotificationTasks/GetNotificationTask?id=5)(Body:)(Username:Anonymous)
2017-04-19 10:03:40.5283 INFO (Method:OPTIONS)(Url:http://localhost/SGNotify.WebApi/api/NotificationTaskUpdates/GetNotificationTaskUpdates?notificationTaskId=5)(Body:)(Username:Anonymous)
2017-04-19 10:03:40.5331 INFO (Method:GET)(Url:http://localhost/SGNotify.WebApi/api/NotificationTaskUpdates/GetNotificationTaskUpdates?notificationTaskId=5)(Body:)(Username:Anonymous)
2017-04-19 10:03:47.8120 INFO (Method:OPTIONS)(Url:http://localhost/SGNotify.WebApi/api/NotificationTasks/GetNotificationTask?id=6)(Body:)(Username:Anonymous)
2017-04-19 10:03:47.8120 INFO (Method:GET)(Url:http://localhost/SGNotify.WebApi/api/NotificationTasks/GetNotificationTask?id=6)(Body:)(Username:Anonymous)
2017-04-19 10:03:48.3118 INFO (Method:OPTIONS)(Url:http://localhost/SGNotify.WebApi/api/NotificationTaskUpdates/GetNotificationTaskUpdates?notificationTaskId=6)(Body:)(Username:Anonymous)
2017-04-19 10:03:48.3118 INFO (Method:GET)(Url:http://localhost/SGNotify.WebApi/api/NotificationTaskUpdates/GetNotificationTaskUpdates?notificationTaskId=6)(Body:)(Username:Anonymous)
2017-04-19 10:04:06.4281 INFO (Method:OPTIONS)(Url:http://localhost/SGNotify.WebApi/api/NotificationTasks/GetNotificationTask?id=5)(Body:)(Username:Anonymous)
2017-04-19 10:04:06.4281 INFO (Method:GET)(Url:http://localhost/SGNotify.WebApi/api/NotificationTasks/GetNotificationTask?id=5)(Body:)(Username:Anonymous)
2017-04-19 10:04:06.9344 INFO (Method:OPTIONS)(Url:http://localhost/SGNotify.WebApi/api/NotificationTaskUpdates/GetNotificationTaskUpdates?notificationTaskId=5)(Body:)(Username:Anonymous)
2017-04-19 10:04:06.9485 INFO (Method:GET)(Url:http://localhost/SGNotify.WebApi/api/NotificationTaskUpdates/GetNotificationTaskUpdates?notificationTaskId=5)(Body:)(Username:Anonymous)
2017-04-19 10:04:55.3129 INFO (Method:OPTIONS)(Url:http://localhost/SGNotify.WebApi/api/NotificationTasks/GetNotificationTask?id=6)(Body:)(Username:Anonymous)
2017-04-19 10:04:55.3129 INFO (Method:GET)(Url:http://localhost/SGNotify.WebApi/api/NotificationTasks/GetNotificationTask?id=6)(Body:)(Username:Anonymous)
2017-04-19 10:04:55.7941 INFO (Method:OPTIONS)(Url:http://localhost/SGNotify.WebApi/api/NotificationTaskUpdates/GetNotificationTaskUpdates?notificationTaskId=6)(Body:)(Username:Anonymous)
2017-04-19 10:04:55.7941 INFO (Method:GET)(Url:http://localhost/SGNotify.WebApi/api/NotificationTaskUpdates/GetNotificationTaskUpdates?notificationTaskId=6)(Body:)(Username:Anonymous)
2017-04-19 10:06:08.6966 INFO (Method:OPTIONS)(Url:http://localhost/SGNotify.WebApi/api/NotificationTasks/GetOpenNotificationTasks)(Body:)(Username:Anonymous)
2017-04-19 10:06:08.7007 INFO (Method:GET)(Url:http://localhost/SGNotify.WebApi/api/NotificationTasks/GetOpenNotificationTasks)(Body:)(Username:Anonymous)
2017-04-19 10:06:10.1796 INFO (Method:OPTIONS)(Url:http://localhost/SGNotify.WebApi/api/NotificationTasks/GetNotificationTask?id=6)(Body:)(Username:Anonymous)
2017-04-19 10:06:10.1841 INFO (Method:GET)(Url:http://localhost/SGNotify.WebApi/api/NotificationTasks/GetNotificationTask?id=6)(Body:)(Username:Anonymous)
2017-04-19 10:06:10.7117 INFO (Method:OPTIONS)(Url:http://localhost/SGNotify.WebApi/api/NotificationTaskUpdates/GetNotificationTaskUpdates?notificationTaskId=6)(Body:)(Username:Anonymous)
2017-04-19 10:06:10.7162 INFO (Method:GET)(Url:http://localhost/SGNotify.WebApi/api/NotificationTaskUpdates/GetNotificationTaskUpdates?notificationTaskId=6)(Body:)(Username:Anonymous)
2017-04-19 10:06:25.8281 INFO (Method:OPTIONS)(Url:http://localhost/SGNotify.WebApi/api/NotificationTasks/GetNotificationTask?id=5)(Body:)(Username:Anonymous)
2017-04-19 10:06:25.8281 INFO (Method:GET)(Url:http://localhost/SGNotify.WebApi/api/NotificationTasks/GetNotificationTask?id=5)(Body:)(Username:Anonymous)
2017-04-19 10:06:26.3275 INFO (Method:OPTIONS)(Url:http://localhost/SGNotify.WebApi/api/NotificationTaskUpdates/GetNotificationTaskUpdates?notificationTaskId=5)(Body:)(Username:Anonymous)
2017-04-19 10:06:26.3275 INFO (Method:GET)(Url:http://localhost/SGNotify.WebApi/api/NotificationTaskUpdates/GetNotificationTaskUpdates?notificationTaskId=5)(Body:)(Username:Anonymous)
2017-04-19 10:09:46.2652 INFO (Method:OPTIONS)(Url:http://localhost/SGNotify.WebApi/api/NotificationTasks/GetOpenNotificationTasks)(Body:)(Username:Anonymous)
2017-04-19 10:09:46.2652 INFO (Method:GET)(Url:http://localhost/SGNotify.WebApi/api/NotificationTasks/GetOpenNotificationTasks)(Body:)(Username:Anonymous)
2017-04-19 10:11:09.4788 INFO (Method:OPTIONS)(Url:http://localhost/SGNotify.WebApi/api/NotificationTasks/GetOpenNotificationTasks)(Body:)(Username:Anonymous)
2017-04-19 10:11:09.4788 INFO (Method:GET)(Url:http://localhost/SGNotify.WebApi/api/NotificationTasks/GetOpenNotificationTasks)(Body:)(Username:Anonymous)
2017-04-19 10:11:11.5750 INFO (Method:OPTIONS)(Url:http://localhost/SGNotify.WebApi/api/NotificationTasks/GetNotificationTask?id=5)(Body:)(Username:Anonymous)
2017-04-19 10:11:11.5750 INFO (Method:GET)(Url:http://localhost/SGNotify.WebApi/api/NotificationTasks/GetNotificationTask?id=5)(Body:)(Username:Anonymous)
2017-04-19 10:11:12.0620 INFO (Method:OPTIONS)(Url:http://localhost/SGNotify.WebApi/api/NotificationTaskUpdates/GetNotificationTaskUpdates?notificationTaskId=5)(Body:)(Username:Anonymous)
2017-04-19 10:11:12.0620 INFO (Method:GET)(Url:http://localhost/SGNotify.WebApi/api/NotificationTaskUpdates/GetNotificationTaskUpdates?notificationTaskId=5)(Body:)(Username:Anonymous)
2017-04-19 10:41:56.8712 INFO (Method:OPTIONS)(Url:http://localhost/SGNotify.WebApi/api/NotificationTasks/GetOpenNotificationTasks)(Body:)(Username:Anonymous)
2017-04-19 10:41:57.2061 INFO (Method:GET)(Url:http://localhost/SGNotify.WebApi/api/NotificationTasks/GetOpenNotificationTasks)(Body:)(Username:Anonymous)
2017-04-19 10:42:00.4879 INFO (Method:OPTIONS)(Url:http://localhost/SGNotify.WebApi/api/NotificationTasks/GetNotificationTask?id=5)(Body:)(Username:Anonymous)
2017-04-19 10:42:00.4879 INFO (Method:GET)(Url:http://localhost/SGNotify.WebApi/api/NotificationTasks/GetNotificationTask?id=5)(Body:)(Username:Anonymous)
2017-04-19 10:42:01.1593 INFO (Method:OPTIONS)(Url:http://localhost/SGNotify.WebApi/api/NotificationTaskUpdates/GetNotificationTaskUpdates?notificationTaskId=5)(Body:)(Username:Anonymous)
2017-04-19 10:42:01.1708 INFO (Method:GET)(Url:http://localhost/SGNotify.WebApi/api/NotificationTaskUpdates/GetNotificationTaskUpdates?notificationTaskId=5)(Body:)(Username:Anonymous)
2017-04-19 10:42:17.4685 INFO (Method:OPTIONS)(Url:http://localhost/SGNotify.WebApi/api/NotificationTasks/GetNotificationTask?id=5)(Body:)(Username:Anonymous)
2017-04-19 10:42:17.4685 INFO (Method:GET)(Url:http://localhost/SGNotify.WebApi/api/NotificationTasks/GetNotificationTask?id=5)(Body:)(Username:Anonymous)
2017-04-19 10:42:17.9735 INFO (Method:OPTIONS)(Url:http://localhost/SGNotify.WebApi/api/NotificationTaskUpdates/GetNotificationTaskUpdates?notificationTaskId=5)(Body:)(Username:Anonymous)
2017-04-19 10:42:17.9840 INFO (Method:GET)(Url:http://localhost/SGNotify.WebApi/api/NotificationTaskUpdates/GetNotificationTaskUpdates?notificationTaskId=5)(Body:)(Username:Anonymous)
2017-04-19 10:42:49.3706 INFO (Method:OPTIONS)(Url:http://localhost/SGNotify.WebApi/api/NotificationTasks/GetOpenNotificationTasks)(Body:)(Username:Anonymous)
2017-04-19 10:42:49.3746 INFO (Method:GET)(Url:http://localhost/SGNotify.WebApi/api/NotificationTasks/GetOpenNotificationTasks)(Body:)(Username:Anonymous)
2017-04-19 10:42:50.6684 INFO (Method:OPTIONS)(Url:http://localhost/SGNotify.WebApi/api/NotificationTasks/GetNotificationTask?id=5)(Body:)(Username:Anonymous)
2017-04-19 10:42:50.6719 INFO (Method:GET)(Url:http://localhost/SGNotify.WebApi/api/NotificationTasks/GetNotificationTask?id=5)(Body:)(Username:Anonymous)
2017-04-19 10:42:51.1527 INFO (Method:OPTIONS)(Url:http://localhost/SGNotify.WebApi/api/NotificationTaskUpdates/GetNotificationTaskUpdates?notificationTaskId=5)(Body:)(Username:Anonymous)
2017-04-19 10:42:51.1592 INFO (Method:GET)(Url:http://localhost/SGNotify.WebApi/api/NotificationTaskUpdates/GetNotificationTaskUpdates?notificationTaskId=5)(Body:)(Username:Anonymous)
2017-04-19 10:45:02.3726 INFO (Method:OPTIONS)(Url:http://localhost/SGNotify.WebApi/api/NotificationTasks/GetOpenNotificationTasks)(Body:)(Username:Anonymous)
2017-04-19 10:45:02.3726 INFO (Method:GET)(Url:http://localhost/SGNotify.WebApi/api/NotificationTasks/GetOpenNotificationTasks)(Body:)(Username:Anonymous)
2017-04-19 10:45:03.9184 INFO (Method:OPTIONS)(Url:http://localhost/SGNotify.WebApi/api/NotificationTasks/GetNotificationTask?id=5)(Body:)(Username:Anonymous)
2017-04-19 10:45:03.9184 INFO (Method:GET)(Url:http://localhost/SGNotify.WebApi/api/NotificationTasks/GetNotificationTask?id=5)(Body:)(Username:Anonymous)
2017-04-19 10:45:04.4055 INFO (Method:OPTIONS)(Url:http://localhost/SGNotify.WebApi/api/NotificationTaskUpdates/GetNotificationTaskUpdates?notificationTaskId=5)(Body:)(Username:Anonymous)
2017-04-19 10:45:04.4055 INFO (Method:GET)(Url:http://localhost/SGNotify.WebApi/api/NotificationTaskUpdates/GetNotificationTaskUpdates?notificationTaskId=5)(Body:)(Username:Anonymous)
2017-04-19 10:45:28.2190 INFO (Method:OPTIONS)(Url:http://localhost/SGNotify.WebApi/api/NotificationTasks/GetOpenNotificationTasks)(Body:)(Username:Anonymous)
2017-04-19 10:45:28.2190 INFO (Method:GET)(Url:http://localhost/SGNotify.WebApi/api/NotificationTasks/GetOpenNotificationTasks)(Body:)(Username:Anonymous)
2017-04-19 10:45:29.4832 INFO (Method:OPTIONS)(Url:http://localhost/SGNotify.WebApi/api/NotificationTasks/GetNotificationTask?id=5)(Body:)(Username:Anonymous)
2017-04-19 10:45:29.4832 INFO (Method:GET)(Url:http://localhost/SGNotify.WebApi/api/NotificationTasks/GetNotificationTask?id=5)(Body:)(Username:Anonymous)
2017-04-19 10:45:30.0046 INFO (Method:OPTIONS)(Url:http://localhost/SGNotify.WebApi/api/NotificationTaskUpdates/GetNotificationTaskUpdates?notificationTaskId=5)(Body:)(Username:Anonymous)
2017-04-19 10:45:30.0182 INFO (Method:GET)(Url:http://localhost/SGNotify.WebApi/api/NotificationTaskUpdates/GetNotificationTaskUpdates?notificationTaskId=5)(Body:)(Username:Anonymous)
2017-04-19 10:46:03.5997 INFO (Method:OPTIONS)(Url:http://localhost/SGNotify.WebApi/api/NotificationTasks/GetNotificationTask?id=6)(Body:)(Username:Anonymous)
2017-04-19 10:46:03.5997 INFO (Method:GET)(Url:http://localhost/SGNotify.WebApi/api/NotificationTasks/GetNotificationTask?id=6)(Body:)(Username:Anonymous)
2017-04-19 10:46:04.0986 INFO (Method:OPTIONS)(Url:http://localhost/SGNotify.WebApi/api/NotificationTaskUpdates/GetNotificationTaskUpdates?notificationTaskId=6)(Body:)(Username:Anonymous)
2017-04-19 10:46:04.0986 INFO (Method:GET)(Url:http://localhost/SGNotify.WebApi/api/NotificationTaskUpdates/GetNotificationTaskUpdates?notificationTaskId=6)(Body:)(Username:Anonymous)
2017-04-19 10:51:42.9109 INFO (Method:OPTIONS)(Url:http://localhost/SGNotify.WebApi/api/NotificationTasks/GetOpenNotificationTasks)(Body:)(Username:Anonymous)
2017-04-19 10:51:42.9184 INFO (Method:GET)(Url:http://localhost/SGNotify.WebApi/api/NotificationTasks/GetOpenNotificationTasks)(Body:)(Username:Anonymous)
2017-04-19 10:51:43.9640 INFO (Method:OPTIONS)(Url:http://localhost/SGNotify.WebApi/api/NotificationTasks/GetNotificationTask?id=5)(Body:)(Username:Anonymous)
2017-04-19 10:51:43.9640 INFO (Method:GET)(Url:http://localhost/SGNotify.WebApi/api/NotificationTasks/GetNotificationTask?id=5)(Body:)(Username:Anonymous)
2017-04-19 10:51:44.4632 INFO (Method:OPTIONS)(Url:http://localhost/SGNotify.WebApi/api/NotificationTaskUpdates/GetNotificationTaskUpdates?notificationTaskId=5)(Body:)(Username:Anonymous)
2017-04-19 10:51:44.4632 INFO (Method:GET)(Url:http://localhost/SGNotify.WebApi/api/NotificationTaskUpdates/GetNotificationTaskUpdates?notificationTaskId=5)(Body:)(Username:Anonymous)
2017-04-19 10:52:59.5168 INFO (Method:OPTIONS)(Url:http://localhost/SGNotify.WebApi/api/NotificationTasks/GetOpenNotificationTasks)(Body:)(Username:Anonymous)
2017-04-19 10:52:59.5168 INFO (Method:GET)(Url:http://localhost/SGNotify.WebApi/api/NotificationTasks/GetOpenNotificationTasks)(Body:)(Username:Anonymous)
2017-04-19 10:53:00.6789 INFO (Method:OPTIONS)(Url:http://localhost/SGNotify.WebApi/api/NotificationTasks/GetNotificationTask?id=5)(Body:)(Username:Anonymous)
2017-04-19 10:53:00.6789 INFO (Method:GET)(Url:http://localhost/SGNotify.WebApi/api/NotificationTasks/GetNotificationTask?id=5)(Body:)(Username:Anonymous)
2017-04-19 10:53:01.2291 INFO (Method:OPTIONS)(Url:http://localhost/SGNotify.WebApi/api/NotificationTaskUpdates/GetNotificationTaskUpdates?notificationTaskId=5)(Body:)(Username:Anonymous)
2017-04-19 10:53:01.2291 INFO (Method:GET)(Url:http://localhost/SGNotify.WebApi/api/NotificationTaskUpdates/GetNotificationTaskUpdates?notificationTaskId=5)(Body:)(Username:Anonymous)
2017-04-19 10:53:26.7294 INFO (Method:OPTIONS)(Url:http://localhost/SGNotify.WebApi/api/NotificationTasks/GetOpenNotificationTasks)(Body:)(Username:Anonymous)
2017-04-19 10:53:26.7294 INFO (Method:GET)(Url:http://localhost/SGNotify.WebApi/api/NotificationTasks/GetOpenNotificationTasks)(Body:)(Username:Anonymous)
2017-04-19 10:53:27.7452 INFO (Method:OPTIONS)(Url:http://localhost/SGNotify.WebApi/api/NotificationTasks/GetNotificationTask?id=5)(Body:)(Username:Anonymous)
2017-04-19 10:53:27.7452 INFO (Method:GET)(Url:http://localhost/SGNotify.WebApi/api/NotificationTasks/GetNotificationTask?id=5)(Body:)(Username:Anonymous)
2017-04-19 10:53:28.2453 INFO (Method:OPTIONS)(Url:http://localhost/SGNotify.WebApi/api/NotificationTaskUpdates/GetNotificationTaskUpdates?notificationTaskId=5)(Body:)(Username:Anonymous)
2017-04-19 10:53:28.2453 INFO (Method:GET)(Url:http://localhost/SGNotify.WebApi/api/NotificationTaskUpdates/GetNotificationTaskUpdates?notificationTaskId=5)(Body:)(Username:Anonymous)
2017-04-19 10:59:47.4287 INFO (Method:OPTIONS)(Url:http://localhost/SGNotify.WebApi/api/NotificationTasks/GetOpenNotificationTasks)(Body:)(Username:Anonymous)
2017-04-19 10:59:47.4287 INFO (Method:GET)(Url:http://localhost/SGNotify.WebApi/api/NotificationTasks/GetOpenNotificationTasks)(Body:)(Username:Anonymous)
2017-04-19 10:59:48.5593 INFO (Method:OPTIONS)(Url:http://localhost/SGNotify.WebApi/api/NotificationTasks/GetNotificationTask?id=5)(Body:)(Username:Anonymous)
2017-04-19 10:59:48.5638 INFO (Method:GET)(Url:http://localhost/SGNotify.WebApi/api/NotificationTasks/GetNotificationTask?id=5)(Body:)(Username:Anonymous)
2017-04-19 10:59:49.0912 INFO (Method:OPTIONS)(Url:http://localhost/SGNotify.WebApi/api/NotificationTaskUpdates/GetNotificationTaskUpdates?notificationTaskId=5)(Body:)(Username:Anonymous)
2017-04-19 10:59:49.0952 INFO (Method:GET)(Url:http://localhost/SGNotify.WebApi/api/NotificationTaskUpdates/GetNotificationTaskUpdates?notificationTaskId=5)(Body:)(Username:Anonymous)
2017-04-19 11:00:09.3766 INFO (Method:OPTIONS)(Url:http://localhost/SGNotify.WebApi/api/NotificationTasks/GetOpenNotificationTasks)(Body:)(Username:Anonymous)
2017-04-19 11:00:09.3766 INFO (Method:GET)(Url:http://localhost/SGNotify.WebApi/api/NotificationTasks/GetOpenNotificationTasks)(Body:)(Username:Anonymous)
2017-04-19 11:00:10.5904 INFO (Method:OPTIONS)(Url:http://localhost/SGNotify.WebApi/api/NotificationTasks/GetNotificationTask?id=5)(Body:)(Username:Anonymous)
2017-04-19 11:00:10.5944 INFO (Method:GET)(Url:http://localhost/SGNotify.WebApi/api/NotificationTasks/GetNotificationTask?id=5)(Body:)(Username:Anonymous)
2017-04-19 11:00:11.0906 INFO (Method:OPTIONS)(Url:http://localhost/SGNotify.WebApi/api/NotificationTaskUpdates/GetNotificationTaskUpdates?notificationTaskId=5)(Body:)(Username:Anonymous)
2017-04-19 11:00:11.0941 INFO (Method:GET)(Url:http://localhost/SGNotify.WebApi/api/NotificationTaskUpdates/GetNotificationTaskUpdates?notificationTaskId=5)(Body:)(Username:Anonymous)
2017-04-19 11:02:07.6319 INFO (Method:OPTIONS)(Url:http://localhost/SGNotify.WebApi/api/NotificationTasks/GetOpenNotificationTasks)(Body:)(Username:Anonymous)
2017-04-19 11:02:07.6319 INFO (Method:GET)(Url:http://localhost/SGNotify.WebApi/api/NotificationTasks/GetOpenNotificationTasks)(Body:)(Username:Anonymous)
2017-04-19 11:02:08.6737 INFO (Method:OPTIONS)(Url:http://localhost/SGNotify.WebApi/api/NotificationTasks/GetNotificationTask?id=5)(Body:)(Username:Anonymous)
2017-04-19 11:02:08.6737 INFO (Method:GET)(Url:http://localhost/SGNotify.WebApi/api/NotificationTasks/GetNotificationTask?id=5)(Body:)(Username:Anonymous)
2017-04-19 11:02:09.1762 INFO (Method:OPTIONS)(Url:http://localhost/SGNotify.WebApi/api/NotificationTaskUpdates/GetNotificationTaskUpdates?notificationTaskId=5)(Body:)(Username:Anonymous)
2017-04-19 11:02:09.1762 INFO (Method:GET)(Url:http://localhost/SGNotify.WebApi/api/NotificationTaskUpdates/GetNotificationTaskUpdates?notificationTaskId=5)(Body:)(Username:Anonymous)
2017-04-19 11:02:51.7746 INFO (Method:OPTIONS)(Url:http://localhost/SGNotify.WebApi/api/NotificationTasks/GetOpenNotificationTasks)(Body:)(Username:Anonymous)
2017-04-19 11:02:51.7746 INFO (Method:GET)(Url:http://localhost/SGNotify.WebApi/api/NotificationTasks/GetOpenNotificationTasks)(Body:)(Username:Anonymous)
2017-04-19 11:02:53.0728 INFO (Method:OPTIONS)(Url:http://localhost/SGNotify.WebApi/api/NotificationTasks/GetNotificationTask?id=5)(Body:)(Username:Anonymous)
2017-04-19 11:02:53.0768 INFO (Method:GET)(Url:http://localhost/SGNotify.WebApi/api/NotificationTasks/GetNotificationTask?id=5)(Body:)(Username:Anonymous)
2017-04-19 11:02:53.5716 INFO (Method:OPTIONS)(Url:http://localhost/SGNotify.WebApi/api/NotificationTaskUpdates/GetNotificationTaskUpdates?notificationTaskId=5)(Body:)(Username:Anonymous)
2017-04-19 11:02:53.5716 INFO (Method:GET)(Url:http://localhost/SGNotify.WebApi/api/NotificationTaskUpdates/GetNotificationTaskUpdates?notificationTaskId=5)(Body:)(Username:Anonymous)
2017-04-19 11:07:01.2390 INFO (Method:OPTIONS)(Url:http://localhost/SGNotify.WebApi/api/NotificationTasks/GetNotificationTask?id=6)(Body:)(Username:Anonymous)
2017-04-19 11:07:01.2390 INFO (Method:GET)(Url:http://localhost/SGNotify.WebApi/api/NotificationTasks/GetNotificationTask?id=6)(Body:)(Username:Anonymous)
2017-04-19 11:07:01.7362 INFO (Method:OPTIONS)(Url:http://localhost/SGNotify.WebApi/api/NotificationTaskUpdates/GetNotificationTaskUpdates?notificationTaskId=6)(Body:)(Username:Anonymous)
2017-04-19 11:07:01.7362 INFO (Method:GET)(Url:http://localhost/SGNotify.WebApi/api/NotificationTaskUpdates/GetNotificationTaskUpdates?notificationTaskId=6)(Body:)(Username:Anonymous)
2017-04-19 11:08:17.8981 INFO (Method:OPTIONS)(Url:http://localhost/SGNotify.WebApi/api/NotificationTasks/GetOpenNotificationTasks)(Body:)(Username:Anonymous)
2017-04-19 11:08:17.9050 INFO (Method:GET)(Url:http://localhost/SGNotify.WebApi/api/NotificationTasks/GetOpenNotificationTasks)(Body:)(Username:Anonymous)
2017-04-19 11:08:22.3527 INFO (Method:OPTIONS)(Url:http://localhost/SGNotify.WebApi/api/NotificationTasks/GetNotificationTask?id=6)(Body:)(Username:Anonymous)
2017-04-19 11:08:22.3572 INFO (Method:GET)(Url:http://localhost/SGNotify.WebApi/api/NotificationTasks/GetNotificationTask?id=6)(Body:)(Username:Anonymous)
2017-04-19 11:08:22.8889 INFO (Method:OPTIONS)(Url:http://localhost/SGNotify.WebApi/api/NotificationTaskUpdates/GetNotificationTaskUpdates?notificationTaskId=6)(Body:)(Username:Anonymous)
2017-04-19 11:08:22.8889 INFO (Method:GET)(Url:http://localhost/SGNotify.WebApi/api/NotificationTaskUpdates/GetNotificationTaskUpdates?notificationTaskId=6)(Body:)(Username:Anonymous)
2017-04-19 11:09:16.6515 INFO (Method:OPTIONS)(Url:http://localhost/SGNotify.WebApi/api/NotificationTasks/GetNotificationTask?id=5)(Body:)(Username:Anonymous)
2017-04-19 11:09:16.6515 INFO (Method:GET)(Url:http://localhost/SGNotify.WebApi/api/NotificationTasks/GetNotificationTask?id=5)(Body:)(Username:Anonymous)
2017-04-19 11:09:17.1713 INFO (Method:OPTIONS)(Url:http://localhost/SGNotify.WebApi/api/NotificationTaskUpdates/GetNotificationTaskUpdates?notificationTaskId=5)(Body:)(Username:Anonymous)
2017-04-19 11:09:17.1713 INFO (Method:GET)(Url:http://localhost/SGNotify.WebApi/api/NotificationTaskUpdates/GetNotificationTaskUpdates?notificationTaskId=5)(Body:)(Username:Anonymous)
2017-04-19 11:09:32.2011 INFO (Method:OPTIONS)(Url:http://localhost/SGNotify.WebApi/api/NotificationTasks/GetNotificationTask?id=6)(Body:)(Username:Anonymous)
2017-04-19 11:09:32.2011 INFO (Method:GET)(Url:http://localhost/SGNotify.WebApi/api/NotificationTasks/GetNotificationTask?id=6)(Body:)(Username:Anonymous)
2017-04-19 11:09:32.7003 INFO (Method:OPTIONS)(Url:http://localhost/SGNotify.WebApi/api/NotificationTaskUpdates/GetNotificationTaskUpdates?notificationTaskId=6)(Body:)(Username:Anonymous)
2017-04-19 11:09:32.7003 INFO (Method:GET)(Url:http://localhost/SGNotify.WebApi/api/NotificationTaskUpdates/GetNotificationTaskUpdates?notificationTaskId=6)(Body:)(Username:Anonymous)
2017-04-19 11:10:42.1191 INFO (Method:OPTIONS)(Url:http://localhost/SGNotify.WebApi/api/NotificationTasks/GetNotificationTask?id=5)(Body:)(Username:Anonymous)
2017-04-19 11:10:42.1191 INFO (Method:GET)(Url:http://localhost/SGNotify.WebApi/api/NotificationTasks/GetNotificationTask?id=5)(Body:)(Username:Anonymous)
2017-04-19 11:10:42.6345 INFO (Method:OPTIONS)(Url:http://localhost/SGNotify.WebApi/api/NotificationTaskUpdates/GetNotificationTaskUpdates?notificationTaskId=5)(Body:)(Username:Anonymous)
2017-04-19 11:10:42.6345 INFO (Method:GET)(Url:http://localhost/SGNotify.WebApi/api/NotificationTaskUpdates/GetNotificationTaskUpdates?notificationTaskId=5)(Body:)(Username:Anonymous)
2017-04-19 11:10:53.3002 INFO (Method:OPTIONS)(Url:http://localhost/SGNotify.WebApi/api/NotificationTasks/GetNotificationTask?id=6)(Body:)(Username:Anonymous)
2017-04-19 11:10:53.3002 INFO (Method:GET)(Url:http://localhost/SGNotify.WebApi/api/NotificationTasks/GetNotificationTask?id=6)(Body:)(Username:Anonymous)
2017-04-19 11:10:53.8225 INFO (Method:OPTIONS)(Url:http://localhost/SGNotify.WebApi/api/NotificationTaskUpdates/GetNotificationTaskUpdates?notificationTaskId=6)(Body:)(Username:Anonymous)
2017-04-19 11:10:53.8225 INFO (Method:GET)(Url:http://localhost/SGNotify.WebApi/api/NotificationTaskUpdates/GetNotificationTaskUpdates?notificationTaskId=6)(Body:)(Username:Anonymous)
2017-04-19 11:11:25.0505 INFO (Method:OPTIONS)(Url:http://localhost/SGNotify.WebApi/api/NotificationTasks/GetNotificationTask?id=6)(Body:)(Username:Anonymous)
2017-04-19 11:11:25.0550 INFO (Method:GET)(Url:http://localhost/SGNotify.WebApi/api/NotificationTasks/GetNotificationTask?id=6)(Body:)(Username:Anonymous)
2017-04-19 11:11:25.5513 INFO (Method:OPTIONS)(Url:http://localhost/SGNotify.WebApi/api/NotificationTaskUpdates/GetNotificationTaskUpdates?notificationTaskId=6)(Body:)(Username:Anonymous)
2017-04-19 11:11:25.5583 INFO (Method:GET)(Url:http://localhost/SGNotify.WebApi/api/NotificationTaskUpdates/GetNotificationTaskUpdates?notificationTaskId=6)(Body:)(Username:Anonymous)
2017-04-19 11:12:01.0508 INFO (Method:OPTIONS)(Url:http://localhost/SGNotify.WebApi/api/NotificationTasks/GetNotificationTask?id=5)(Body:)(Username:Anonymous)
2017-04-19 11:12:01.0553 INFO (Method:GET)(Url:http://localhost/SGNotify.WebApi/api/NotificationTasks/GetNotificationTask?id=5)(Body:)(Username:Anonymous)
2017-04-19 11:12:01.5326 INFO (Method:OPTIONS)(Url:http://localhost/SGNotify.WebApi/api/NotificationTaskUpdates/GetNotificationTaskUpdates?notificationTaskId=5)(Body:)(Username:Anonymous)
2017-04-19 11:12:01.5326 INFO (Method:GET)(Url:http://localhost/SGNotify.WebApi/api/NotificationTaskUpdates/GetNotificationTaskUpdates?notificationTaskId=5)(Body:)(Username:Anonymous)
2017-04-19 11:12:03.3164 INFO (Method:OPTIONS)(Url:http://localhost/SGNotify.WebApi/api/NotificationTasks/GetNotificationTask?id=6)(Body:)(Username:Anonymous)
2017-04-19 11:12:03.3199 INFO (Method:GET)(Url:http://localhost/SGNotify.WebApi/api/NotificationTasks/GetNotificationTask?id=6)(Body:)(Username:Anonymous)
2017-04-19 11:12:03.8148 INFO (Method:OPTIONS)(Url:http://localhost/SGNotify.WebApi/api/NotificationTaskUpdates/GetNotificationTaskUpdates?notificationTaskId=6)(Body:)(Username:Anonymous)
2017-04-19 11:12:03.8193 INFO (Method:GET)(Url:http://localhost/SGNotify.WebApi/api/NotificationTaskUpdates/GetNotificationTaskUpdates?notificationTaskId=6)(Body:)(Username:Anonymous)
2017-04-19 11:12:14.4996 INFO (Method:OPTIONS)(Url:http://localhost/SGNotify.WebApi/api/NotificationTasks/GetNotificationTask?id=5)(Body:)(Username:Anonymous)
2017-04-19 11:12:14.4996 INFO (Method:GET)(Url:http://localhost/SGNotify.WebApi/api/NotificationTasks/GetNotificationTask?id=5)(Body:)(Username:Anonymous)
2017-04-19 11:12:15.0045 INFO (Method:OPTIONS)(Url:http://localhost/SGNotify.WebApi/api/NotificationTaskUpdates/GetNotificationTaskUpdates?notificationTaskId=5)(Body:)(Username:Anonymous)
2017-04-19 11:12:15.0180 INFO (Method:GET)(Url:http://localhost/SGNotify.WebApi/api/NotificationTaskUpdates/GetNotificationTaskUpdates?notificationTaskId=5)(Body:)(Username:Anonymous)
2017-04-19 11:12:23.9820 INFO (Method:OPTIONS)(Url:http://localhost/SGNotify.WebApi/api/NotificationTasks/GetNotificationTask?id=6)(Body:)(Username:Anonymous)
2017-04-19 11:12:23.9820 INFO (Method:GET)(Url:http://localhost/SGNotify.WebApi/api/NotificationTasks/GetNotificationTask?id=6)(Body:)(Username:Anonymous)
2017-04-19 11:12:24.4832 INFO (Method:OPTIONS)(Url:http://localhost/SGNotify.WebApi/api/NotificationTaskUpdates/GetNotificationTaskUpdates?notificationTaskId=6)(Body:)(Username:Anonymous)
2017-04-19 11:12:24.4832 INFO (Method:GET)(Url:http://localhost/SGNotify.WebApi/api/NotificationTaskUpdates/GetNotificationTaskUpdates?notificationTaskId=6)(Body:)(Username:Anonymous)
2017-04-19 11:13:51.9351 INFO (Method:OPTIONS)(Url:http://localhost/SGNotify.WebApi/api/NotificationTasks/GetNotificationTask?id=5)(Body:)(Username:Anonymous)
2017-04-19 11:13:51.9351 INFO (Method:GET)(Url:http://localhost/SGNotify.WebApi/api/NotificationTasks/GetNotificationTask?id=5)(Body:)(Username:Anonymous)
2017-04-19 11:13:52.4348 INFO (Method:OPTIONS)(Url:http://localhost/SGNotify.WebApi/api/NotificationTaskUpdates/GetNotificationTaskUpdates?notificationTaskId=5)(Body:)(Username:Anonymous)
2017-04-19 11:13:52.4348 INFO (Method:GET)(Url:http://localhost/SGNotify.WebApi/api/NotificationTaskUpdates/GetNotificationTaskUpdates?notificationTaskId=5)(Body:)(Username:Anonymous)
2017-04-19 11:14:49.3685 INFO (Method:OPTIONS)(Url:http://localhost/SGNotify.WebApi/api/NotificationTasks/GetOpenNotificationTasks)(Body:)(Username:Anonymous)
2017-04-19 11:14:49.3685 INFO (Method:GET)(Url:http://localhost/SGNotify.WebApi/api/NotificationTasks/GetOpenNotificationTasks)(Body:)(Username:Anonymous)
2017-04-19 11:14:51.0642 INFO (Method:OPTIONS)(Url:http://localhost/SGNotify.WebApi/api/NotificationTasks/GetNotificationTask?id=5)(Body:)(Username:Anonymous)
2017-04-19 11:14:51.0682 INFO (Method:GET)(Url:http://localhost/SGNotify.WebApi/api/NotificationTasks/GetNotificationTask?id=5)(Body:)(Username:Anonymous)
2017-04-19 11:14:51.5806 INFO (Method:OPTIONS)(Url:http://localhost/SGNotify.WebApi/api/NotificationTaskUpdates/GetNotificationTaskUpdates?notificationTaskId=5)(Body:)(Username:Anonymous)
2017-04-19 11:14:51.5841 INFO (Method:GET)(Url:http://localhost/SGNotify.WebApi/api/NotificationTaskUpdates/GetNotificationTaskUpdates?notificationTaskId=5)(Body:)(Username:Anonymous)
2017-04-19 11:14:53.8470 INFO (Method:OPTIONS)(Url:http://localhost/SGNotify.WebApi/api/NotificationTasks/GetNotificationTask?id=6)(Body:)(Username:Anonymous)
2017-04-19 11:14:53.8505 INFO (Method:GET)(Url:http://localhost/SGNotify.WebApi/api/NotificationTasks/GetNotificationTask?id=6)(Body:)(Username:Anonymous)
2017-04-19 11:14:54.3482 INFO (Method:OPTIONS)(Url:http://localhost/SGNotify.WebApi/api/NotificationTaskUpdates/GetNotificationTaskUpdates?notificationTaskId=6)(Body:)(Username:Anonymous)
2017-04-19 11:14:54.3518 INFO (Method:GET)(Url:http://localhost/SGNotify.WebApi/api/NotificationTaskUpdates/GetNotificationTaskUpdates?notificationTaskId=6)(Body:)(Username:Anonymous)
2017-04-19 11:16:04.2490 INFO (Method:OPTIONS)(Url:http://localhost/SGNotify.WebApi/api/NotificationTasks/GetNotificationTask?id=6)(Body:)(Username:Anonymous)
2017-04-19 11:16:04.2490 INFO (Method:GET)(Url:http://localhost/SGNotify.WebApi/api/NotificationTasks/GetNotificationTask?id=6)(Body:)(Username:Anonymous)
2017-04-19 11:16:04.7393 INFO (Method:OPTIONS)(Url:http://localhost/SGNotify.WebApi/api/NotificationTaskUpdates/GetNotificationTaskUpdates?notificationTaskId=6)(Body:)(Username:Anonymous)
2017-04-19 11:16:04.7563 INFO (Method:GET)(Url:http://localhost/SGNotify.WebApi/api/NotificationTaskUpdates/GetNotificationTaskUpdates?notificationTaskId=6)(Body:)(Username:Anonymous)
2017-04-19 11:16:14.8961 INFO (Method:OPTIONS)(Url:http://localhost/SGNotify.WebApi/api/NotificationTasks/GetNotificationTask?id=6)(Body:)(Username:Anonymous)
2017-04-19 11:16:14.8961 INFO (Method:GET)(Url:http://localhost/SGNotify.WebApi/api/NotificationTasks/GetNotificationTask?id=6)(Body:)(Username:Anonymous)
2017-04-19 11:16:15.3656 INFO (Method:OPTIONS)(Url:http://localhost/SGNotify.WebApi/api/NotificationTaskUpdates/GetNotificationTaskUpdates?notificationTaskId=6)(Body:)(Username:Anonymous)
2017-04-19 11:16:15.3656 INFO (Method:GET)(Url:http://localhost/SGNotify.WebApi/api/NotificationTaskUpdates/GetNotificationTaskUpdates?notificationTaskId=6)(Body:)(Username:Anonymous)
2017-04-19 11:17:58.1307 INFO (Method:OPTIONS)(Url:http://localhost/SGNotify.WebApi/api/NotificationTasks/GetNotificationTask?id=7)(Body:)(Username:Anonymous)
2017-04-19 11:17:58.1307 INFO (Method:GET)(Url:http://localhost/SGNotify.WebApi/api/NotificationTasks/GetNotificationTask?id=7)(Body:)(Username:Anonymous)
2017-04-19 11:17:58.6300 INFO (Method:OPTIONS)(Url:http://localhost/SGNotify.WebApi/api/NotificationTaskUpdates/GetNotificationTaskUpdates?notificationTaskId=7)(Body:)(Username:Anonymous)
2017-04-19 11:17:58.6300 INFO (Method:GET)(Url:http://localhost/SGNotify.WebApi/api/NotificationTaskUpdates/GetNotificationTaskUpdates?notificationTaskId=7)(Body:)(Username:Anonymous)
2017-04-19 11:18:07.7989 INFO (Method:OPTIONS)(Url:http://localhost/SGNotify.WebApi/api/NotificationTasks/GetNotificationTask?id=5)(Body:)(Username:Anonymous)
2017-04-19 11:18:07.8069 INFO (Method:GET)(Url:http://localhost/SGNotify.WebApi/api/NotificationTasks/GetNotificationTask?id=5)(Body:)(Username:Anonymous)
2017-04-19 11:18:08.3127 INFO (Method:OPTIONS)(Url:http://localhost/SGNotify.WebApi/api/NotificationTaskUpdates/GetNotificationTaskUpdates?notificationTaskId=5)(Body:)(Username:Anonymous)
2017-04-19 11:18:08.3228 INFO (Method:GET)(Url:http://localhost/SGNotify.WebApi/api/NotificationTaskUpdates/GetNotificationTaskUpdates?notificationTaskId=5)(Body:)(Username:Anonymous)
2017-04-19 11:18:15.8786 INFO (Method:OPTIONS)(Url:http://localhost/SGNotify.WebApi/api/NotificationTasks/GetNotificationTask?id=6)(Body:)(Username:Anonymous)
2017-04-19 11:18:15.8786 INFO (Method:GET)(Url:http://localhost/SGNotify.WebApi/api/NotificationTasks/GetNotificationTask?id=6)(Body:)(Username:Anonymous)
2017-04-19 11:18:16.3616 INFO (Method:OPTIONS)(Url:http://localhost/SGNotify.WebApi/api/NotificationTaskUpdates/GetNotificationTaskUpdates?notificationTaskId=6)(Body:)(Username:Anonymous)
2017-04-19 11:18:16.3616 INFO (Method:GET)(Url:http://localhost/SGNotify.WebApi/api/NotificationTaskUpdates/GetNotificationTaskUpdates?notificationTaskId=6)(Body:)(Username:Anonymous)
2017-04-19 11:18:47.3827 INFO (Method:OPTIONS)(Url:http://localhost/SGNotify.WebApi/api/NotificationTasks/GetOpenNotificationTasks)(Body:)(Username:Anonymous)
2017-04-19 11:18:47.3827 INFO (Method:GET)(Url:http://localhost/SGNotify.WebApi/api/NotificationTasks/GetOpenNotificationTasks)(Body:)(Username:Anonymous)
2017-04-19 11:19:10.5812 INFO (Method:OPTIONS)(Url:http://localhost/SGNotify.WebApi/api/NotificationTasks/GetOpenNotificationTasks)(Body:)(Username:Anonymous)
2017-04-19 11:19:10.5812 INFO (Method:GET)(Url:http://localhost/SGNotify.WebApi/api/NotificationTasks/GetOpenNotificationTasks)(Body:)(Username:Anonymous)
2017-04-19 11:19:12.6284 INFO (Method:OPTIONS)(Url:http://localhost/SGNotify.WebApi/api/NotificationTasks/GetNotificationTask?id=6)(Body:)(Username:Anonymous)
2017-04-19 11:19:12.6284 INFO (Method:GET)(Url:http://localhost/SGNotify.WebApi/api/NotificationTasks/GetNotificationTask?id=6)(Body:)(Username:Anonymous)
2017-04-19 11:19:13.1317 INFO (Method:OPTIONS)(Url:http://localhost/SGNotify.WebApi/api/NotificationTaskUpdates/GetNotificationTaskUpdates?notificationTaskId=6)(Body:)(Username:Anonymous)
2017-04-19 11:19:13.1317 INFO (Method:GET)(Url:http://localhost/SGNotify.WebApi/api/NotificationTaskUpdates/GetNotificationTaskUpdates?notificationTaskId=6)(Body:)(Username:Anonymous)
2017-04-19 11:22:27.5481 INFO (Method:OPTIONS)(Url:http://localhost/SGNotify.WebApi/api/NotificationTasks/GetNotificationTask?id=5)(Body:)(Username:Anonymous)
2017-04-19 11:22:27.5514 INFO (Method:GET)(Url:http://localhost/SGNotify.WebApi/api/NotificationTasks/GetNotificationTask?id=5)(Body:)(Username:Anonymous)
2017-04-19 11:22:28.0559 INFO (Method:OPTIONS)(Url:http://localhost/SGNotify.WebApi/api/NotificationTaskUpdates/GetNotificationTaskUpdates?notificationTaskId=5)(Body:)(Username:Anonymous)
2017-04-19 11:22:28.0669 INFO (Method:GET)(Url:http://localhost/SGNotify.WebApi/api/NotificationTaskUpdates/GetNotificationTaskUpdates?notificationTaskId=5)(Body:)(Username:Anonymous)
2017-04-19 11:24:48.4653 INFO (Method:OPTIONS)(Url:http://localhost/SGNotify.WebApi/api/NotificationTasks/GetNotificationTask?id=5)(Body:)(Username:Anonymous)
2017-04-19 11:24:48.4653 INFO (Method:GET)(Url:http://localhost/SGNotify.WebApi/api/NotificationTasks/GetNotificationTask?id=5)(Body:)(Username:Anonymous)
2017-04-19 11:24:48.9833 INFO (Method:OPTIONS)(Url:http://localhost/SGNotify.WebApi/api/NotificationTaskUpdates/GetNotificationTaskUpdates?notificationTaskId=5)(Body:)(Username:Anonymous)
2017-04-19 11:24:48.9903 INFO (Method:GET)(Url:http://localhost/SGNotify.WebApi/api/NotificationTaskUpdates/GetNotificationTaskUpdates?notificationTaskId=5)(Body:)(Username:Anonymous)
2017-04-19 12:43:55.4411 INFO (Method:OPTIONS)(Url:http://localhost/SGNotify.WebApi/api/NotificationTasks/GetOpenNotificationTasks)(Body:)(Username:Anonymous)
2017-04-19 12:43:55.8466 INFO (Method:GET)(Url:http://localhost/SGNotify.WebApi/api/NotificationTasks/GetOpenNotificationTasks)(Body:)(Username:Anonymous)
2017-04-19 12:44:00.6938 INFO (Method:OPTIONS)(Url:http://localhost/SGNotify.WebApi/api/NotificationTasks/GetNotificationTask?id=5)(Body:)(Username:Anonymous)
2017-04-19 12:44:00.6938 INFO (Method:GET)(Url:http://localhost/SGNotify.WebApi/api/NotificationTasks/GetNotificationTask?id=5)(Body:)(Username:Anonymous)
2017-04-19 12:44:01.3296 INFO (Method:OPTIONS)(Url:http://localhost/SGNotify.WebApi/api/NotificationTaskUpdates/GetNotificationTaskUpdates?notificationTaskId=5)(Body:)(Username:Anonymous)
2017-04-19 12:44:01.3444 INFO (Method:GET)(Url:http://localhost/SGNotify.WebApi/api/NotificationTaskUpdates/GetNotificationTaskUpdates?notificationTaskId=5)(Body:)(Username:Anonymous)
2017-04-19 12:55:30.4896 INFO (Method:OPTIONS)(Url:http://localhost/SGNotify.WebApi/api/NotificationTasks/GetOpenNotificationTasks)(Body:)(Username:Anonymous)
2017-04-19 12:55:30.4936 INFO (Method:GET)(Url:http://localhost/SGNotify.WebApi/api/NotificationTasks/GetOpenNotificationTasks)(Body:)(Username:Anonymous)
2017-04-19 12:55:31.7519 INFO (Method:OPTIONS)(Url:http://localhost/SGNotify.WebApi/api/NotificationTasks/GetNotificationTask?id=5)(Body:)(Username:Anonymous)
2017-04-19 12:55:31.7519 INFO (Method:GET)(Url:http://localhost/SGNotify.WebApi/api/NotificationTasks/GetNotificationTask?id=5)(Body:)(Username:Anonymous)
2017-04-19 12:55:32.2560 INFO (Method:OPTIONS)(Url:http://localhost/SGNotify.WebApi/api/NotificationTaskUpdates/GetNotificationTaskUpdates?notificationTaskId=5)(Body:)(Username:Anonymous)
2017-04-19 12:55:32.2636 INFO (Method:GET)(Url:http://localhost/SGNotify.WebApi/api/NotificationTaskUpdates/GetNotificationTaskUpdates?notificationTaskId=5)(Body:)(Username:Anonymous)
2017-04-19 12:55:36.9680 INFO (Method:OPTIONS)(Url:http://localhost/SGNotify.WebApi/api/NotificationTasks/GetNotificationTask?id=6)(Body:)(Username:Anonymous)
2017-04-19 12:55:36.9680 INFO (Method:GET)(Url:http://localhost/SGNotify.WebApi/api/NotificationTasks/GetNotificationTask?id=6)(Body:)(Username:Anonymous)
2017-04-19 12:55:37.4887 INFO (Method:OPTIONS)(Url:http://localhost/SGNotify.WebApi/api/NotificationTaskUpdates/GetNotificationTaskUpdates?notificationTaskId=6)(Body:)(Username:Anonymous)
2017-04-19 12:55:37.5008 INFO (Method:GET)(Url:http://localhost/SGNotify.WebApi/api/NotificationTaskUpdates/GetNotificationTaskUpdates?notificationTaskId=6)(Body:)(Username:Anonymous)
2017-04-19 12:55:41.1505 INFO (Method:OPTIONS)(Url:http://localhost/SGNotify.WebApi/api/NotificationTasks/GetNotificationTask?id=5)(Body:)(Username:Anonymous)
2017-04-19 12:55:41.1505 INFO (Method:GET)(Url:http://localhost/SGNotify.WebApi/api/NotificationTasks/GetNotificationTask?id=5)(Body:)(Username:Anonymous)
2017-04-19 12:55:41.6494 INFO (Method:OPTIONS)(Url:http://localhost/SGNotify.WebApi/api/NotificationTaskUpdates/GetNotificationTaskUpdates?notificationTaskId=5)(Body:)(Username:Anonymous)
2017-04-19 12:55:41.6543 INFO (Method:GET)(Url:http://localhost/SGNotify.WebApi/api/NotificationTaskUpdates/GetNotificationTaskUpdates?notificationTaskId=5)(Body:)(Username:Anonymous)
2017-04-19 13:06:32.1636 INFO (Method:OPTIONS)(Url:http://localhost/SGNotify.WebApi/api/NotificationTasks/GetOpenNotificationTasks)(Body:)(Username:Anonymous)
2017-04-19 13:06:32.1636 INFO (Method:GET)(Url:http://localhost/SGNotify.WebApi/api/NotificationTasks/GetOpenNotificationTasks)(Body:)(Username:Anonymous)
2017-04-19 13:06:33.2963 INFO (Method:OPTIONS)(Url:http://localhost/SGNotify.WebApi/api/NotificationTasks/GetNotificationTask?id=5)(Body:)(Username:Anonymous)
2017-04-19 13:06:33.3013 INFO (Method:GET)(Url:http://localhost/SGNotify.WebApi/api/NotificationTasks/GetNotificationTask?id=5)(Body:)(Username:Anonymous)
2017-04-19 13:06:33.8049 INFO (Method:OPTIONS)(Url:http://localhost/SGNotify.WebApi/api/NotificationTaskUpdates/GetNotificationTaskUpdates?notificationTaskId=5)(Body:)(Username:Anonymous)
2017-04-19 13:06:33.8179 INFO (Method:GET)(Url:http://localhost/SGNotify.WebApi/api/NotificationTaskUpdates/GetNotificationTaskUpdates?notificationTaskId=5)(Body:)(Username:Anonymous)
2017-04-19 13:06:54.9295 INFO (Method:OPTIONS)(Url:http://localhost/SGNotify.WebApi/api/NotificationTasks/GetOpenNotificationTasks)(Body:)(Username:Anonymous)
2017-04-19 13:06:54.9295 INFO (Method:GET)(Url:http://localhost/SGNotify.WebApi/api/NotificationTasks/GetOpenNotificationTasks)(Body:)(Username:Anonymous)
2017-04-19 13:06:56.2448 INFO (Method:OPTIONS)(Url:http://localhost/SGNotify.WebApi/api/NotificationTasks/GetNotificationTask?id=5)(Body:)(Username:Anonymous)
2017-04-19 13:06:56.2448 INFO (Method:GET)(Url:http://localhost/SGNotify.WebApi/api/NotificationTasks/GetNotificationTask?id=5)(Body:)(Username:Anonymous)
2017-04-19 13:06:56.7457 INFO (Method:OPTIONS)(Url:http://localhost/SGNotify.WebApi/api/NotificationTaskUpdates/GetNotificationTaskUpdates?notificationTaskId=5)(Body:)(Username:Anonymous)
2017-04-19 13:06:56.7537 INFO (Method:GET)(Url:http://localhost/SGNotify.WebApi/api/NotificationTaskUpdates/GetNotificationTaskUpdates?notificationTaskId=5)(Body:)(Username:Anonymous)
2017-04-19 13:07:29.1299 INFO (Method:OPTIONS)(Url:http://localhost/SGNotify.WebApi/api/NotificationTasks/GetOpenNotificationTasks)(Body:)(Username:Anonymous)
2017-04-19 13:07:29.1299 INFO (Method:GET)(Url:http://localhost/SGNotify.WebApi/api/NotificationTasks/GetOpenNotificationTasks)(Body:)(Username:Anonymous)
2017-04-19 13:07:30.1604 INFO (Method:OPTIONS)(Url:http://localhost/SGNotify.WebApi/api/NotificationTasks/GetNotificationTask?id=5)(Body:)(Username:Anonymous)
2017-04-19 13:07:30.1604 INFO (Method:GET)(Url:http://localhost/SGNotify.WebApi/api/NotificationTasks/GetNotificationTask?id=5)(Body:)(Username:Anonymous)
2017-04-19 13:07:30.7275 INFO (Method:OPTIONS)(Url:http://localhost/SGNotify.WebApi/api/NotificationTaskUpdates/GetNotificationTaskUpdates?notificationTaskId=5)(Body:)(Username:Anonymous)
2017-04-19 13:07:30.7275 INFO (Method:GET)(Url:http://localhost/SGNotify.WebApi/api/NotificationTaskUpdates/GetNotificationTaskUpdates?notificationTaskId=5)(Body:)(Username:Anonymous)
2017-04-19 13:08:17.9292 INFO (Method:OPTIONS)(Url:http://localhost/SGNotify.WebApi/api/NotificationTasks/GetOpenNotificationTasks)(Body:)(Username:Anonymous)
2017-04-19 13:08:17.9292 INFO (Method:GET)(Url:http://localhost/SGNotify.WebApi/api/NotificationTasks/GetOpenNotificationTasks)(Body:)(Username:Anonymous)
2017-04-19 13:08:19.3966 INFO (Method:OPTIONS)(Url:http://localhost/SGNotify.WebApi/api/NotificationTasks/GetNotificationTask?id=5)(Body:)(Username:Anonymous)
2017-04-19 13:08:19.4061 INFO (Method:GET)(Url:http://localhost/SGNotify.WebApi/api/NotificationTasks/GetNotificationTask?id=5)(Body:)(Username:Anonymous)
2017-04-19 13:08:19.9333 INFO (Method:OPTIONS)(Url:http://localhost/SGNotify.WebApi/api/NotificationTaskUpdates/GetNotificationTaskUpdates?notificationTaskId=5)(Body:)(Username:Anonymous)
2017-04-19 13:08:19.9452 INFO (Method:GET)(Url:http://localhost/SGNotify.WebApi/api/NotificationTaskUpdates/GetNotificationTaskUpdates?notificationTaskId=5)(Body:)(Username:Anonymous)
2017-04-19 13:08:59.1307 INFO (Method:OPTIONS)(Url:http://localhost/SGNotify.WebApi/api/NotificationTaskUpdates/CreateNotificationTaskUpdate)(Body:)(Username:Anonymous)
2017-04-19 13:08:59.1307 INFO (Method:POST)(Url:http://localhost/SGNotify.WebApi/api/NotificationTaskUpdates/CreateNotificationTaskUpdate)(Body:{
  "notificationTaskId": 5,
  "userId": "2152d630-2a04-40bc-8ab3-764aae1cc988",
  "comment": "Check Date Update"
})(Username:Anonymous)
2017-04-19 13:34:51.2959 INFO (Method:OPTIONS)(Url:http://localhost/SGNotify.WebApi/api/NotificationTasks/GetNotificationTask?id=5)(Body:)(Username:Anonymous)
2017-04-19 13:34:51.6497 INFO (Method:GET)(Url:http://localhost/SGNotify.WebApi/api/NotificationTasks/GetNotificationTask?id=5)(Body:)(Username:Anonymous)
2017-04-19 13:34:54.1768 INFO (Method:OPTIONS)(Url:http://localhost/SGNotify.WebApi/api/NotificationTaskUpdates/GetNotificationTaskUpdates?notificationTaskId=5)(Body:)(Username:Anonymous)
2017-04-19 13:34:54.1831 INFO (Method:GET)(Url:http://localhost/SGNotify.WebApi/api/NotificationTaskUpdates/GetNotificationTaskUpdates?notificationTaskId=5)(Body:)(Username:Anonymous)
2017-04-19 13:37:35.1136 INFO (Method:OPTIONS)(Url:http://localhost/SGNotify.WebApi/api/NotificationTasks/GetOpenNotificationTasks)(Body:)(Username:Anonymous)
2017-04-19 13:37:35.1191 INFO (Method:GET)(Url:http://localhost/SGNotify.WebApi/api/NotificationTasks/GetOpenNotificationTasks)(Body:)(Username:Anonymous)
2017-04-19 13:37:36.6119 INFO (Method:OPTIONS)(Url:http://localhost/SGNotify.WebApi/api/NotificationTasks/GetNotificationTask?id=5)(Body:)(Username:Anonymous)
2017-04-19 13:37:36.6184 INFO (Method:GET)(Url:http://localhost/SGNotify.WebApi/api/NotificationTasks/GetNotificationTask?id=5)(Body:)(Username:Anonymous)
2017-04-19 13:37:37.1358 INFO (Method:OPTIONS)(Url:http://localhost/SGNotify.WebApi/api/NotificationTaskUpdates/GetNotificationTaskUpdates?notificationTaskId=5)(Body:)(Username:Anonymous)
2017-04-19 13:37:37.1508 INFO (Method:GET)(Url:http://localhost/SGNotify.WebApi/api/NotificationTaskUpdates/GetNotificationTaskUpdates?notificationTaskId=5)(Body:)(Username:Anonymous)
2017-04-19 13:37:48.5239 INFO (Method:OPTIONS)(Url:http://localhost/SGNotify.WebApi/api/NotificationTasks/GetNotificationTask?id=6)(Body:)(Username:Anonymous)
2017-04-19 13:37:48.5284 INFO (Method:GET)(Url:http://localhost/SGNotify.WebApi/api/NotificationTasks/GetNotificationTask?id=6)(Body:)(Username:Anonymous)
2017-04-19 13:37:49.0426 INFO (Method:OPTIONS)(Url:http://localhost/SGNotify.WebApi/api/NotificationTaskUpdates/GetNotificationTaskUpdates?notificationTaskId=6)(Body:)(Username:Anonymous)
2017-04-19 13:37:49.0426 INFO (Method:GET)(Url:http://localhost/SGNotify.WebApi/api/NotificationTaskUpdates/GetNotificationTaskUpdates?notificationTaskId=6)(Body:)(Username:Anonymous)
2017-04-19 13:38:45.7914 INFO (Method:OPTIONS)(Url:http://localhost/SGNotify.WebApi/api/NotificationTasks/GetNotificationTask?id=5)(Body:)(Username:Anonymous)
2017-04-19 13:38:45.7914 INFO (Method:GET)(Url:http://localhost/SGNotify.WebApi/api/NotificationTasks/GetNotificationTask?id=5)(Body:)(Username:Anonymous)
2017-04-19 13:38:46.2899 INFO (Method:OPTIONS)(Url:http://localhost/SGNotify.WebApi/api/NotificationTaskUpdates/GetNotificationTaskUpdates?notificationTaskId=5)(Body:)(Username:Anonymous)
2017-04-19 13:38:46.2899 INFO (Method:GET)(Url:http://localhost/SGNotify.WebApi/api/NotificationTaskUpdates/GetNotificationTaskUpdates?notificationTaskId=5)(Body:)(Username:Anonymous)
2017-04-19 13:39:16.4131 INFO (Method:OPTIONS)(Url:http://localhost/SGNotify.WebApi/api/NotificationTasks/GetOpenNotificationTasks)(Body:)(Username:Anonymous)
2017-04-19 13:39:16.4221 INFO (Method:GET)(Url:http://localhost/SGNotify.WebApi/api/NotificationTasks/GetOpenNotificationTasks)(Body:)(Username:Anonymous)
